number,values_0,params_activation,params_batch_size,params_beta,params_beta_warmup_rounds,params_clip_abs,params_dropout,params_first_layer,params_grad_clip,params_latent_dim,params_layer_1_dropoff,params_layer_2_dropoff,params_layer_3_dropoff,params_local_epochs,params_lr,params_n_layers,params_recon_type,params_score_type,params_sgd_momentum,params_sgd_nesterov,params_weight_decay,user_attrs_NF-BoT-IoT-v3__test_auroc,user_attrs_NF-BoT-IoT-v3__val_auroc,user_attrs_NF-CICIDS2018-v3__test_auroc,user_attrs_NF-CICIDS2018-v3__val_auroc,user_attrs_NF-ToN-IoT-v3__test_auroc,user_attrs_NF-ToN-IoT-v3__val_auroc,user_attrs_activation,user_attrs_aggregation_method,user_attrs_batch_size,user_attrs_beta,user_attrs_beta_warmup_rounds,user_attrs_clip_abs,user_attrs_clip_max,user_attrs_clip_min,user_attrs_dropout,user_attrs_early_stop_patience,user_attrs_first_layer,user_attrs_grad_clip,user_attrs_hidden_dims,user_attrs_hpo_seeds,user_attrs_latent_dim,user_attrs_layer_1_dropoff,user_attrs_layer_2_dropoff,user_attrs_layer_3_dropoff,user_attrs_local_epochs,user_attrs_lr,user_attrs_n_layers,user_attrs_optimizer,user_attrs_recon_type,user_attrs_rounds,user_attrs_score_type,user_attrs_seed_seen_obj_mean,user_attrs_seed_seen_obj_std,user_attrs_seed_unseen_val_obj_mean,user_attrs_seed_unseen_val_obj_std,user_attrs_seen_test_mean,user_attrs_seen_test_min,user_attrs_sgd_momentum,user_attrs_sgd_nesterov,user_attrs_unseen__test_auroc,user_attrs_unseen__val_auroc,user_attrs_unseen_test_auroc,user_attrs_weight_decay,state
65,0.820480564575842,gelu,128,0.7148176401514262,3,6.0,0.05169772724966405,568,,29,,,,2,0.011473483441229929,1,mse,recon,0.0005560676521715532,True,0.0,0.5379250001411258,0.5395599241025815,0.8236516094919285,0.820023398058298,0.8348565409894984,0.8208611997851125,gelu,scaffold,128,0.7148176401514262,3,6.0,6.0,-6.0,0.05169772724966405,5,568,,[568],"[42, 43, 44, 45]",29,,,,2,0.011473483441229929,1,sgd,mse,120,recon,0.820480564575842,0.004497293124232585,0.5398128772761228,0.008296653163887105,0.8292540752407134,0.8236516094919285,0.0005560676521715532,True,0.5379250001411258,0.5395599241025815,0.5379250001411258,0.0,COMPLETE
66,0.7954987007024299,elu,512,0.6952019119344682,5,6.0,0.017604749102812196,476,,30,,,,4,0.011638984701088685,1,mse,recon,0.0056528294870858906,True,0.0,,,,,,,elu,scaffold,512,0.6952019119344682,5,6.0,6.0,-6.0,0.017604749102812196,2,476,,[476],"[42, 43, 44, 45]",30,,,,4,0.011638984701088685,1,sgd,mse,120,recon,,,,,,,0.0056528294870858906,True,,,,0.0,PRUNED
67,0.806696674701425,gelu,128,0.7597675377489415,5,6.0,0.05518553821194772,573,,22,,,,2,0.009067897185057823,1,mse,recon,0.0015124809414600298,True,0.0,,,,,,,gelu,scaffold,128,0.7597675377489415,5,6.0,6.0,-6.0,0.05518553821194772,5,573,,[573],"[42, 43, 44, 45]",22,,,,2,0.009067897185057823,1,sgd,mse,120,recon,,,,,,,0.0015124809414600298,True,,,,0.0,PRUNED
68,0.7890581927250626,leakyrelu,64,0.6390201522328128,3,6.0,0.016307473147903512,684,,27,,,,3,0.006101959958851576,1,mse,recon,0.06315320880025853,True,0.0,,,,,,,leakyrelu,scaffold,64,0.6390201522328128,3,6.0,6.0,-6.0,0.016307473147903512,3,684,,[684],"[42, 43, 44, 45]",27,,,,3,0.006101959958851576,1,sgd,mse,120,recon,,,,,,,0.06315320880025853,True,,,,0.0,PRUNED
69,0.7272243061788609,gelu,128,0.7340815546693839,3,5.0,0.0498342989637639,614,,64,0.6025786926272698,,,1,0.007245403026992708,2,mse,recon+kl,0.11626426103150514,True,0.0,,,,,,,gelu,scaffold,128,0.7340815546693839,3,5.0,5.0,-5.0,0.0498342989637639,10,614,,"[614, 369]","[42, 43, 44, 45]",64,0.6009771986970684,,,1,0.007245403026992708,2,sgd,mse,120,recon+kl,,,,,,,0.11626426103150514,True,,,,0.0,PRUNED
70,0.771561042288796,gelu,128,0.9235277902822184,8,6.0,0.07958474531576096,559,,41,,,,2,0.011170265184414758,1,huber,recon,0.05595350270314535,True,0.0,,,,,,,gelu,scaffold,128,0.9235277902822184,8,6.0,6.0,-6.0,0.07958474531576096,5,559,,[559],"[42, 43, 44, 45]",41,,,,2,0.011170265184414758,1,sgd,huber,120,recon,,,,,,,0.05595350270314535,True,,,,0.0,PRUNED
71,0.8172107181229902,gelu,128,1.010764707444193,3,6.0,0.037477022117292556,510,,45,,,,2,0.01982176606616938,1,mse,recon,0.03604928252077462,True,1e-05,0.5421662799821617,0.5427347238451681,0.818118963346825,0.8123606383399098,0.8326725638405769,0.8203221729928628,gelu,scaffold,128,1.010764707444193,3,6.0,6.0,-6.0,0.037477022117292556,5,510,,[510],"[42, 43, 44, 45]",45,,,,2,0.01982176606616938,1,sgd,mse,120,recon,0.8172107181229902,0.005022463375230817,0.5421339104434924,0.004184820846012867,0.8253957635937009,0.818118963346825,0.03604928252077462,True,0.5421662799821617,0.5427347238451681,0.5421662799821617,1e-05,COMPLETE
72,0.8188194338600145,gelu,128,1.360000368926368,4,6.0,0.06382583100490752,432,,38,,,,2,0.013203986881113287,1,mse,recon,0.6077970421296768,True,1e-05,0.5306360066310277,0.5301291382768737,0.8200180546852801,0.820369817627921,0.8282445558396887,0.8176528091782531,gelu,scaffold,128,1.360000368926368,4,6.0,6.0,-6.0,0.06382583100490752,5,432,,[432],"[42, 43, 44, 45]",38,,,,2,0.013203986881113287,1,sgd,mse,120,recon,0.8188194338600145,0.006157743729176223,0.5309655728481619,0.0039811078266038585,0.8241313052624843,0.8200180546852801,0.6077970421296768,True,0.5306360066310277,0.5301291382768737,0.5306360066310277,1e-05,COMPLETE
73,0.8147796289357614,gelu,128,0.800546299013797,11,6.0,0.03415328125929964,543,,40,,,,3,0.01703383466941573,1,mse,recon,0.15411108757818198,True,1e-05,0.5386480437151067,0.5403810112505434,0.8217370319565107,0.8177884515872881,0.8246934090519926,0.8137649716760655,gelu,scaffold,128,0.800546299013797,11,6.0,6.0,-6.0,0.03415328125929964,3,543,,[543],"[42, 43, 44, 45]",40,,,,3,0.01703383466941573,1,sgd,mse,120,recon,0.8147796289357614,0.0073268486910510276,0.539808981617903,0.005454872591490978,0.8232152205042517,0.8217370319565107,0.15411108757818198,True,0.5386480437151067,0.5403810112505434,0.5386480437151067,1e-05,COMPLETE
74,0.817145895840272,gelu,128,1.2044978632760106,3,6.0,0.01597033331811246,712,,71,,,,2,0.011679256510906554,1,mse,recon,0.0669011617664072,True,1e-10,0.5385744889837254,0.5386590421138,0.8161051273800854,0.8111034138784926,0.8335901915734767,0.8211971672302287,gelu,scaffold,128,1.2044978632760106,3,6.0,6.0,-6.0,0.01597033331811246,5,712,,[712],"[42, 43, 44, 45]",71,,,,2,0.011679256510906554,1,sgd,mse,120,recon,0.817145895840272,0.0012675046950787595,0.5391578039707136,0.0026259565228124154,0.8248476594767811,0.8161051273800854,0.0669011617664072,True,0.5385744889837254,0.5386590421138,0.5385744889837254,1e-10,COMPLETE
75,0.7922258773786741,leakyrelu,64,0.930029192341558,2,6.0,0.049531957190383134,239,,51,,,,1,0.01418481360237977,1,mse,recon,0.0363414218235185,True,0.0,,,,,,,leakyrelu,scaffold,64,0.930029192341558,2,6.0,6.0,-6.0,0.049531957190383134,10,239,,[239],"[42, 43, 44, 45]",51,,,,1,0.01418481360237977,1,sgd,mse,120,recon,,,,,,,0.0363414218235185,True,,,,0.0,PRUNED
76,0.7549407530657213,relu,128,0.53598023661864,4,3.0,0.08723714104158611,389,2.0,35,,,,2,0.017038715578504327,1,mse,recon,0.10320699309510792,False,1e-05,,,,,,,relu,scaffold,128,0.53598023661864,4,3.0,3.0,-3.0,0.08723714104158611,5,389,2.0,[389],"[42, 43, 44, 45]",35,,,,2,0.017038715578504327,1,sgd,mse,120,recon,,,,,,,0.10320699309510792,False,,,,1e-05,PRUNED
77,0.7612272869895247,gelu,128,0.6772812394397537,9,4.0,0.022540547448565026,677,,56,,,,2,0.009071644508797525,1,mse,recon,0.0710543478217597,True,1e-06,,,,,,,gelu,scaffold,128,0.6772812394397537,9,4.0,4.0,-4.0,0.022540547448565026,5,677,,[677],"[42, 43, 44, 45]",56,,,,2,0.009071644508797525,1,sgd,mse,120,recon,,,,,,,0.0710543478217597,True,,,,1e-06,PRUNED
78,0.7701306447940599,gelu,256,0.6070239752619178,0,6.0,0.06429964810892758,313,,75,,,,1,0.012938676874092716,1,mse,recon,0.03878543734524668,True,1e-10,,,,,,,gelu,scaffold,256,0.6070239752619178,0,6.0,6.0,-6.0,0.06429964810892758,10,313,,[313],"[42, 43, 44, 45]",75,,,,1,0.012938676874092716,1,sgd,mse,120,recon,,,,,,,0.03878543734524668,True,,,,1e-10,PRUNED
79,0.7499538107240503,leakyrelu,128,1.708620836801347,2,6.0,0.30093633947727,594,2.0,125,,,,3,0.00042056292389978386,1,mse,recon,0.2034492522623823,True,1e-05,,,,,,,leakyrelu,scaffold,128,1.708620836801347,2,6.0,6.0,-6.0,0.30093633947727,3,594,2.0,[594],"[42, 43, 44, 45]",125,,,,3,0.00042056292389978386,1,sgd,mse,120,recon,,,,,,,0.2034492522623823,True,,,,1e-05,PRUNED
