number,values_0,params_activation,params_batch_size,params_beta,params_beta_warmup_rounds,params_clip_abs,params_dropout,params_first_layer,params_grad_clip,params_latent_dim,params_layer_1_dropoff,params_layer_2_dropoff,params_layer_3_dropoff,params_local_epochs,params_lr,params_n_layers,params_recon_type,params_score_type,params_sgd_momentum,params_sgd_nesterov,params_weight_decay,user_attrs_NF-BoT-IoT-v3__test_auroc,user_attrs_NF-BoT-IoT-v3__val_auroc,user_attrs_NF-CICIDS2018-v3__test_auroc,user_attrs_NF-CICIDS2018-v3__val_auroc,user_attrs_NF-ToN-IoT-v3__test_auroc,user_attrs_NF-ToN-IoT-v3__val_auroc,user_attrs_activation,user_attrs_aggregation_method,user_attrs_batch_size,user_attrs_beta,user_attrs_beta_warmup_rounds,user_attrs_clip_abs,user_attrs_clip_max,user_attrs_clip_min,user_attrs_dropout,user_attrs_early_stop_patience,user_attrs_first_layer,user_attrs_grad_clip,user_attrs_hidden_dims,user_attrs_hpo_seeds,user_attrs_latent_dim,user_attrs_layer_1_dropoff,user_attrs_layer_2_dropoff,user_attrs_layer_3_dropoff,user_attrs_local_epochs,user_attrs_lr,user_attrs_n_layers,user_attrs_optimizer,user_attrs_recon_type,user_attrs_rounds,user_attrs_score_type,user_attrs_seed_seen_obj_mean,user_attrs_seed_seen_obj_std,user_attrs_seed_unseen_val_obj_mean,user_attrs_seed_unseen_val_obj_std,user_attrs_seen_test_mean,user_attrs_seen_test_min,user_attrs_sgd_momentum,user_attrs_sgd_nesterov,user_attrs_unseen__test_auroc,user_attrs_unseen__val_auroc,user_attrs_unseen_test_auroc,user_attrs_weight_decay,state
0,0.706315382375466,relu,512,0.870804191700653,5,6.0,0.1692425840497844,338,5.0,95,0.6134257267821015,0.7756573845414456,,1,0.004307355413840528,3,mse,recon,0.8069602043739,False,0.0001,0.5528909041643381,0.5523708623111503,0.6210433237179668,0.6258356995414355,0.7866599020399254,0.7865480804783598,relu,scaffold,512,0.870804191700653,5,6.0,6.0,-6.0,0.1692425840497844,10,338,5.0,"[338, 207, 160]","[42, 43, 44, 45]",95,0.6124260355029586,0.7729468599033816,,1,0.004307355413840528,3,sgd,mse,120,recon,0.706315382375466,0.00040788129934833043,0.5524289443701182,0.0017506516850686019,0.703851612878946,0.6210433237179668,0.8069602043739,False,0.5528909041643381,0.5523708623111503,0.5528909041643381,0.0001,COMPLETE
1,0.7696538823806406,leakyrelu,64,1.2471330196850028,1,8.0,0.10018214615860269,175,2.0,112,0.6586427409101605,0.7074131059768158,,1,0.004987564371383458,3,mse,recon,0.5566397249341022,True,1e-10,0.5230125357283311,0.5230666039362788,0.7550750506641377,0.7619468077124272,0.7785202872943562,0.7781457778238787,leakyrelu,scaffold,64,1.2471330196850028,1,8.0,8.0,-8.0,0.10018214615860269,10,175,2.0,"[175, 115, 81]","[42, 43, 44, 45]",112,0.6571428571428571,0.7043478260869566,,1,0.004987564371383458,3,sgd,mse,120,recon,0.7696538823806406,0.0010243815535717637,0.5219802592150399,0.004187379083566011,0.766797668979247,0.7550750506641377,0.5566397249341022,True,0.5230125357283311,0.5230666039362788,0.5230125357283311,1e-10,COMPLETE
2,0.6967299683196253,relu,512,0.14801245329920112,5,5.0,0.3700529958455945,728,,55,0.777191624858886,,,4,0.0012692690224631797,2,huber,recon+kl,0.487471746489052,False,1e-08,0.5493377533912513,0.548141088921442,0.601691476570306,0.6050499667413691,0.7890399028302295,0.7884416349839398,relu,scaffold,512,0.14801245329920112,5,5.0,5.0,-5.0,0.3700529958455945,2,728,,"[728, 565]","[42, 43, 44, 45]",55,0.7760989010989011,,,4,0.0012692690224631797,2,sgd,huber,120,recon+kl,0.6967299683196253,0.0007316460696493707,0.5485018268725974,0.002121195328683666,0.6953656897002678,0.601691476570306,0.487471746489052,False,0.5493377533912513,0.548141088921442,0.5493377533912513,1e-08,COMPLETE
3,0.6970728376950593,elu,512,0.39364680343716085,12,5.0,0.3934523539646893,934,5.0,117,0.6038179305981622,0.6462447063962125,0.7600050765362417,2,0.0004439567439268961,4,mse,recon+kl,0.2820177367066455,False,1e-05,0.5497072958239955,0.5482166352897123,0.602524212471375,0.6060701734764538,0.7893388071300482,0.7882488660547454,elu,scaffold,512,0.39364680343716085,12,5.0,5.0,-5.0,0.3934523539646893,5,934,5.0,"[934, 563, 363, 275]","[42, 43, 44, 45]",117,0.6027837259100642,0.6447602131438721,0.7575757575757576,2,0.0004439567439268961,4,sgd,mse,120,recon+kl,0.6970728376950593,0.00034277819192186796,0.5484030094591874,0.001088484060327863,0.6959315098007116,0.602524212471375,0.2820177367066455,False,0.5497072958239955,0.5482166352897123,0.5497072958239955,1e-05,COMPLETE
4,0.7078570707402139,elu,512,1.1375582460015305,7,6.0,0.23306843514456188,799,5.0,18,0.7828210006129415,,,5,0.0017824536581493996,2,huber,recon+kl,0.5341074597943604,True,0.0001,0.5540846773207186,0.5533680920130362,0.6224201087232637,0.6268373835242294,0.7888476237249291,0.7881415810974314,elu,scaffold,512,1.1375582460015305,7,6.0,6.0,-6.0,0.23306843514456188,2,799,5.0,"[799, 625]","[42, 43, 44, 45]",18,0.7822277847309136,,,5,0.0017824536581493996,2,sgd,huber,120,recon+kl,0.7078570707402139,0.0006719156919506603,0.553521757354062,0.0011315380235199402,0.7056338662240964,0.6224201087232637,0.5341074597943604,True,0.5540846773207186,0.5533680920130362,0.5540846773207186,0.0001,COMPLETE
5,0.7440907789505327,relu,128,1.9353680216575784,3,5.0,0.2613459485412163,585,,16,,,,5,0.0011565851294673551,1,mse,recon,0.8032563467344402,True,1e-06,0.5317192877478404,0.5287082373678358,0.7215503132050407,0.7280256504249767,0.760098327001492,0.759378510502577,relu,scaffold,128,1.9353680216575784,3,5.0,5.0,-5.0,0.2613459485412163,2,585,,[585],"[42, 43, 44, 45]",16,,,,5,0.0011565851294673551,1,sgd,mse,120,recon,0.7440907789505327,0.0062772955155217984,0.5289570155718132,0.009093824740539823,0.7408243201032664,0.7215503132050407,0.8032563467344402,True,0.5317192877478404,0.5287082373678358,0.5317192877478404,1e-06,COMPLETE
6,0.7063977351201732,elu,64,1.9586915934766993,3,6.0,0.15007421099311924,582,1.0,127,0.8131546808549281,0.5027727042034522,0.7424547217212796,3,0.0003335500512764793,4,mse,recon,0.253560524051578,False,0.0,0.5538981561452729,0.5533734577309617,0.6212876688098962,0.6259834258412504,0.7869273823434775,0.786913228608632,elu,scaffold,64,1.9586915934766993,3,6.0,6.0,-6.0,0.15007421099311924,3,582,1.0,"[582, 473, 237, 175]","[42, 43, 44, 45]",127,0.8127147766323024,0.5010570824524313,0.7383966244725738,3,0.0003335500512764793,4,sgd,mse,120,recon,0.7063977351201732,0.00029670864404966957,0.5534958108002582,0.00038217688465687783,0.7041075255766869,0.6212876688098962,0.253560524051578,False,0.5538981561452729,0.5533734577309617,0.5538981561452729,0.0,COMPLETE
7,0.7090296418134845,elu,128,0.1023450253648446,1,8.0,0.3108649846282409,89,1.0,23,0.9437967302338874,0.508059315211687,,5,0.0005048304188888196,3,huber,recon,0.5666625534246501,True,1e-10,0.5493647460395416,0.5485782846778853,0.6395380766632609,0.6430054235794754,0.7762644583312164,0.7755398911873568,elu,scaffold,128,0.1023450253648446,1,8.0,8.0,-8.0,0.3108649846282409,2,89,1.0,"[89, 83, 42]","[42, 43, 44, 45]",23,0.9325842696629213,0.5060240963855421,,5,0.0005048304188888196,3,sgd,huber,120,recon,0.7090296418134845,0.0006207881285062928,0.5486875395152049,0.002005935236489511,0.7079012674972387,0.6395380766632609,0.5666625534246501,True,0.5493647460395416,0.5485782846778853,0.5493647460395416,1e-10,COMPLETE
8,0.6966224628533553,gelu,256,0.2843123798463446,10,5.0,0.07934627561068766,545,5.0,120,0.5017661054831242,0.7404445219374811,,8,0.0014147335594241423,3,mse,recon,0.23010881616765388,False,1e-10,0.5500917317256291,0.5486777930193568,0.6025196776311952,0.6059955679463948,0.7881527018050922,0.7873722841528975,gelu,scaffold,256,0.2843123798463446,10,5.0,5.0,-5.0,0.07934627561068766,2,545,5.0,"[545, 273, 202]","[42, 43, 44, 45]",120,0.5009174311926605,0.73992673992674,,8,0.0014147335594241423,3,sgd,mse,120,recon,0.6966224628533553,0.00041774164309133605,0.5487105018478062,0.00021763158452609523,0.6953361897181437,0.6025196776311952,0.23010881616765388,False,0.5500917317256291,0.5486777930193568,0.5500917317256291,1e-10,COMPLETE
9,0.6715824948700796,leakyrelu,512,0.7175251725080278,12,3.0,0.08620217891026392,413,2.0,89,0.7822851712980718,0.5956678603602783,,6,0.007931301977854554,3,huber,recon+kl,0.2256043089888526,True,1e-08,0.5349958979453975,0.533236050662256,0.5414102129869544,0.5447429724089786,0.8008119433765931,0.7984200180499811,leakyrelu,scaffold,512,0.7175251725080278,12,3.0,3.0,-3.0,0.08620217891026392,2,413,2.0,"[413, 323, 192]","[42, 43, 44, 45]",89,0.7820823244552058,0.5944272445820433,,6,0.007931301977854554,3,sgd,huber,120,recon+kl,0.6715824948700796,0.0004980238951664683,0.5332260542562579,0.002775402326093934,0.6711110781817737,0.5414102129869544,0.2256043089888526,True,0.5349958979453975,0.533236050662256,0.5349958979453975,1e-08,COMPLETE
10,0.7747919909618377,leakyrelu,64,0.571327594569229,15,8.0,0.003224457361608174,73,2.0,56,,,,1,0.01633097375776257,1,mse,recon,0.9369746035816005,True,1e-10,0.5135756368063435,0.5141488101454348,0.747278512572421,0.7464212572515105,0.8130050842896953,0.8046841776650654,leakyrelu,scaffold,64,0.571327594569229,15,8.0,8.0,-8.0,0.003224457361608174,10,73,2.0,[73],"[42, 43, 44, 45]",56,,,,1,0.01633097375776257,1,sgd,mse,120,recon,0.7747919909618377,0.021998167861902212,0.5135075407006611,0.018279108028773333,0.7801417984310581,0.747278512572421,0.9369746035816005,True,0.5135756368063435,0.5141488101454348,0.5135756368063435,1e-10,COMPLETE
11,0.6998595857771606,leakyrelu,64,0.5686124494327017,15,8.0,0.0005360783177254702,82,2.0,54,,,,1,0.019495399576511273,1,mse,recon,0.9219181141926562,True,1e-10,,,,,,,leakyrelu,scaffold,64,0.5686124494327017,15,8.0,8.0,-8.0,0.0005360783177254702,10,82,2.0,[82],"[42, 43, 44, 45]",54,,,,1,0.019495399576511273,1,sgd,mse,120,recon,,,,,,,0.9219181141926562,True,,,,1e-10,PRUNED
12,0.8215162363390291,leakyrelu,64,1.0661535255822183,0,8.0,0.015436856548438002,241,2.0,74,0.6582365356701583,,,2,0.014780328430098815,2,mse,recon,0.006323115383676525,True,1e-10,0.5133272272933402,0.514792843302455,0.8239927009771546,0.8237914403950768,0.8303360768175583,0.8201057802041996,leakyrelu,scaffold,64,1.0661535255822183,0,8.0,8.0,-8.0,0.015436856548438002,5,241,2.0,"[241, 158]","[42, 43, 44, 45]",74,0.6556016597510373,,,2,0.014780328430098815,2,sgd,mse,120,recon,0.8215162363390291,0.0040841661030921106,0.5148303445255447,0.009241886426573547,0.8271643888973564,0.8239927009771546,0.006323115383676525,True,0.5133272272933402,0.514792843302455,0.5133272272933402,1e-10,COMPLETE
13,0.8108110116527516,leakyrelu,64,0.33542108115315084,15,4.0,0.0029777475211414384,276,2.0,68,,,,3,0.019648439711009266,1,mse,recon,0.06621386011885272,True,1e-10,0.5481371967913653,0.5463084095882704,0.806986335265815,0.8024936269971643,0.8296313231384105,0.8195759118839157,leakyrelu,scaffold,64,0.33542108115315084,15,4.0,4.0,-4.0,0.0029777475211414384,3,276,2.0,[276],"[42, 43, 44, 45]",68,,,,3,0.019648439711009266,1,sgd,mse,120,recon,0.8108110116527516,0.006910342426520118,0.5469640709175618,0.0066972774960070884,0.8183088292021128,0.806986335265815,0.06621386011885272,True,0.5481371967913653,0.5463084095882704,0.5481371967913653,1e-10,COMPLETE
14,0.7760114789906123,leakyrelu,64,0.23945804762364303,8,4.0,0.03913190147578702,278,2.0,78,0.9094701780959897,,,3,0.014283679902500103,2,mse,recon,0.013300460707640547,True,1e-06,0.5541270808989145,0.5467902804591667,0.7524596991952069,0.7574592299521491,0.7987075987738996,0.7952127887902891,leakyrelu,scaffold,64,0.23945804762364303,8,4.0,4.0,-4.0,0.03913190147578702,3,278,2.0,"[278, 252]","[42, 43, 44, 45]",78,0.9064748201438849,,,3,0.014283679902500103,2,sgd,mse,120,recon,0.7760114789906123,0.001803073121969628,0.5449384168468372,0.002476499887608979,0.7755836489845533,0.7524596991952069,0.013300460707640547,True,0.5541270808989145,0.5467902804591667,0.5541270808989145,1e-06,COMPLETE
15,0.7737301521358908,gelu,256,0.33790821738665044,12,4.0,0.12755976431028443,418,2.0,42,,,,3,0.008875754957898026,1,mse,recon,0.042550025951978786,True,0.0,0.5327065186916327,0.5281297541730878,0.7584954397571884,0.7622545500111959,0.7919339682109585,0.7870450929642236,gelu,scaffold,256,0.33790821738665044,12,4.0,4.0,-4.0,0.12755976431028443,3,418,2.0,[418],"[42, 43, 44, 45]",42,,,,3,0.008875754957898026,1,sgd,mse,120,recon,0.7737301521358908,0.0038122589571818483,0.5277993141524647,0.004434382717265711,0.7752147039840734,0.7584954397571884,0.042550025951978786,True,0.5327065186916327,0.5281297541730878,0.5327065186916327,0.0,COMPLETE
16,0.7809952533536177,leakyrelu,64,0.24439414640799265,0,4.0,0.04590548252450907,269,2.0,74,0.6961674150688615,,,2,0.00979772750189483,2,mse,recon,0.11955062056370974,True,1e-05,0.5309328504951631,0.5240195701404295,0.7611526773432986,0.7671843070303195,0.8011940365910798,0.7932829385105777,leakyrelu,scaffold,64,0.24439414640799265,0,4.0,4.0,-4.0,0.04590548252450907,5,269,2.0,"[269, 187]","[42, 43, 44, 45]",74,0.6951672862453532,,,2,0.00979772750189483,2,sgd,mse,120,recon,0.7809952533536177,0.0023837824671249907,0.525234794996058,0.008820549340461618,0.7811733569671893,0.7611526773432986,0.11955062056370974,True,0.5309328504951631,0.5240195701404295,0.5309328504951631,1e-05,COMPLETE
17,0.7905660550159848,leakyrelu,64,0.16770884223723,9,3.0,0.1967726300120347,212,2.0,98,,,,7,0.004167552883885586,1,mse,recon,0.3923559307576439,True,1e-10,0.5554766568631325,0.5518278663576953,0.7729183860484983,0.7738212737867421,0.8202767569683183,0.8081151059101576,leakyrelu,scaffold,64,0.16770884223723,9,3.0,3.0,-3.0,0.1967726300120347,2,212,2.0,[212],"[42, 43, 44, 45]",98,,,,7,0.004167552883885586,1,sgd,mse,120,recon,0.7905660550159848,0.010759264835231111,0.5515117447186046,0.013952829702952842,0.7965975715084083,0.7729183860484983,0.3923559307576439,True,0.5554766568631325,0.5518278663576953,0.5554766568631325,1e-10,COMPLETE
18,0.6847138840435721,leakyrelu,64,0.47828440268569455,6,4.0,0.0425043369851258,439,,35,0.5131133852835665,,,4,0.002815183770671559,2,huber,recon+kl,0.15044250097114892,True,1e-10,0.5412318582871852,0.5384266109737487,0.5773828138965567,0.580701132628081,0.7888605696587204,0.7880584786222742,leakyrelu,scaffold,64,0.47828440268569455,6,4.0,4.0,-4.0,0.0425043369851258,2,439,,"[439, 225]","[42, 43, 44, 45]",35,0.5125284738041003,,,4,0.002815183770671559,2,sgd,huber,120,recon+kl,0.6847138840435721,0.0008070753988281777,0.5385691185616088,0.0006188701974383548,0.6831216917776386,0.5773828138965567,0.15044250097114892,True,0.5412318582871852,0.5384266109737487,0.5412318582871852,1e-10,COMPLETE
19,0.7744711283801965,gelu,128,1.2690497351566385,3,4.0,0.11278458954628082,339,1.0,66,,,,2,0.012153669933762453,1,mse,recon,0.37535544530358045,True,1e-10,0.5471377537675866,0.5405079215049271,0.7518325646685144,0.7568583136462936,0.7956064266776557,0.7892240448610475,gelu,scaffold,128,1.2690497351566385,3,4.0,4.0,-4.0,0.11278458954628082,5,339,1.0,[339],"[42, 43, 44, 45]",66,,,,2,0.012153669933762453,1,sgd,mse,120,recon,0.7744711283801965,0.0024181723882510417,0.541588400687941,0.01256635535095902,0.7737194956730851,0.7518325646685144,0.37535544530358045,True,0.5471377537675866,0.5405079215049271,0.5471377537675866,1e-10,COMPLETE
20,0.7624582855857941,leakyrelu,256,0.7560475054399056,10,8.0,0.05607962806921323,185,2.0,82,0.8537668560782963,,,3,0.005862470059079435,2,mse,recon,0.10584551696072148,True,1e-08,,,,,,,leakyrelu,scaffold,256,0.7560475054399056,10,8.0,8.0,-8.0,0.05607962806921323,3,185,2.0,"[185, 157]","[42, 43, 44, 45]",82,0.8486486486486486,,,3,0.005862470059079435,2,sgd,mse,120,recon,,,,,,,0.10584551696072148,True,,,,1e-08,PRUNED
21,0.7665615603378362,leakyrelu,64,0.17903110840741723,9,3.0,0.20152463796481662,201,2.0,99,,,,8,0.0028785567680240324,1,mse,recon,0.39020422843443764,True,1e-10,0.5510399649255515,0.5446142686817539,0.739692458805399,0.7451686340769719,0.7981669366872335,0.7902199515091985,leakyrelu,scaffold,64,0.17903110840741723,9,3.0,3.0,-3.0,0.20152463796481662,2,201,2.0,[201],"[42, 43, 44, 45]",99,,,,8,0.0028785567680240324,1,sgd,mse,120,recon,0.7665615603378362,0.005290510593288543,0.5449100740957133,0.012751283206341422,0.7689296977463163,0.739692458805399,0.39020422843443764,True,0.5510399649255515,0.5446142686817539,0.5510399649255515,1e-10,COMPLETE
22,0.7623079205288076,leakyrelu,64,0.16574599342947416,13,3.0,0.29248492813238897,266,2.0,102,,,,7,0.019466220493606527,1,mse,recon,0.6408553699660879,True,1e-10,0.5435963352469982,0.5422539261178569,0.6963095432983153,0.6961737050773275,0.8385601506093809,0.8286639826904587,leakyrelu,scaffold,64,0.16574599342947416,13,3.0,3.0,-3.0,0.29248492813238897,2,266,2.0,[266],"[42, 43, 44, 45]",102,,,,7,0.019466220493606527,1,sgd,mse,120,recon,0.7623079205288076,0.010244152866097986,0.541494596178127,0.004331100753442274,0.7674348469538481,0.6963095432983153,0.6408553699660879,True,0.5435963352469982,0.5422539261178569,0.5435963352469982,1e-10,COMPLETE
23,0.7709113200007149,leakyrelu,64,0.11195367035782706,10,3.0,0.19191008707101664,173,2.0,65,,,,7,0.006742240570593396,1,mse,recon,0.00018457756876856697,True,1e-10,0.5556670542920099,0.551295792947853,0.752937946074917,0.756693343546132,0.7943992465767602,0.7865367316174325,leakyrelu,scaffold,64,0.11195367035782706,10,3.0,3.0,-3.0,0.19191008707101664,2,173,2.0,[173],"[42, 43, 44, 45]",65,,,,7,0.006742240570593396,1,sgd,mse,120,recon,0.7709113200007149,0.0034870087624141607,0.5511421717086187,0.01140451822208209,0.7736685963258386,0.752937946074917,0.00018457756876856697,True,0.5556670542920099,0.551295792947853,0.5556670542920099,1e-10,COMPLETE
24,0.7666737626448654,leakyrelu,64,0.2185215404829701,14,3.0,0.016820349905149357,468,2.0,85,0.7036648129207949,,,6,0.003924030846970943,2,mse,recon,0.3696323837429159,True,1e-10,0.5470730993656869,0.5407618155166801,0.7397593147687137,0.7444910247562759,0.7969176164428413,0.7909194941207021,leakyrelu,scaffold,64,0.2185215404829701,14,3.0,3.0,-3.0,0.016820349905149357,2,468,2.0,"[468, 329]","[42, 43, 44, 45]",85,0.7029914529914529,,,6,0.003924030846970943,2,sgd,mse,120,recon,0.7666737626448654,0.00483322409387697,0.5399543852233832,0.003693165235175661,0.7683384656057775,0.7397593147687137,0.3696323837429159,True,0.5470730993656869,0.5407618155166801,0.5470730993656869,1e-10,COMPLETE
25,0.7939385704386752,leakyrelu,64,0.34605963445573573,7,8.0,0.1429336711632013,340,2.0,104,,,,4,0.012214010446374636,1,mse,recon,0.14954453574152096,True,0.0001,0.5564133930201095,0.5554236029963815,0.7895182720189071,0.7891386637933469,0.8128905466458177,0.7979267395157694,leakyrelu,scaffold,64,0.34605963445573573,7,8.0,8.0,-8.0,0.1429336711632013,2,340,2.0,[340],"[42, 43, 44, 45]",104,,,,4,0.012214010446374636,1,sgd,mse,120,recon,0.7939385704386752,0.003967582579456007,0.5551482020111358,0.0023050087456729625,0.8012044093323625,0.7895182720189071,0.14954453574152096,True,0.5564133930201095,0.5554236029963815,0.5564133930201095,0.0001,COMPLETE
26,0.7534889073998807,leakyrelu,64,0.3224501558862796,4,8.0,0.07275607660191755,353,2.0,108,0.5608398284208826,,,4,0.013091205020164608,2,huber,recon+kl,0.17405175257084995,False,0.0001,0.5213660688580671,0.5211104836896288,0.7258435649488842,0.7328348331470473,0.7764471408867588,0.775295287952943,leakyrelu,scaffold,64,0.3224501558862796,4,8.0,8.0,-8.0,0.07275607660191755,2,353,2.0,"[353, 197]","[42, 43, 44, 45]",108,0.5580736543909348,,,4,0.013091205020164608,2,sgd,huber,120,recon+kl,0.7534889073998807,0.0007288548422447437,0.5212792318432338,0.00466934281442887,0.7511453529178216,0.7258435649488842,0.17405175257084995,False,0.5213660688580671,0.5211104836896288,0.5213660688580671,0.0001,COMPLETE
27,0.8092105797021683,gelu,64,0.4534347520609747,7,8.0,0.13200350433198463,498,1.0,71,,,,2,0.010265679854258667,1,mse,recon,0.05605411079496635,True,0.0001,0.5441682613874352,0.5448380117689452,0.8116331069676596,0.8087413219435458,0.8229311061811189,0.810701911171701,gelu,scaffold,64,0.4534347520609747,7,8.0,8.0,-8.0,0.13200350433198463,5,498,1.0,[498],"[42, 43, 44, 45]",71,,,,2,0.010265679854258667,1,sgd,mse,120,recon,0.8092105797021683,0.0076326296806457665,0.5453143258141544,0.004267218914740243,0.8172821065743892,0.8116331069676596,0.05605411079496635,True,0.5441682613874352,0.5448380117689452,0.5441682613874352,0.0001,COMPLETE
