number,values_0,params_activation,params_batch_size,params_beta,params_beta_warmup_rounds,params_clip_abs,params_dropout,params_first_layer,params_grad_clip,params_latent_dim,params_layer_1_dropoff,params_layer_2_dropoff,params_layer_3_dropoff,params_local_epochs,params_lr,params_n_layers,params_prox_mu,params_recon_type,params_score_type,params_sgd_momentum,params_sgd_nesterov,params_weight_decay,user_attrs_NF-BoT-IoT-v3__test_auroc,user_attrs_NF-BoT-IoT-v3__val_auroc,user_attrs_NF-CICIDS2018-v3__test_auroc,user_attrs_NF-CICIDS2018-v3__val_auroc,user_attrs_NF-ToN-IoT-v3__test_auroc,user_attrs_NF-ToN-IoT-v3__val_auroc,user_attrs_activation,user_attrs_aggregation_method,user_attrs_batch_size,user_attrs_beta,user_attrs_beta_warmup_rounds,user_attrs_clip_abs,user_attrs_clip_max,user_attrs_clip_min,user_attrs_dropout,user_attrs_early_stop_patience,user_attrs_first_layer,user_attrs_grad_clip,user_attrs_hidden_dims,user_attrs_hpo_seeds,user_attrs_latent_dim,user_attrs_layer_1_dropoff,user_attrs_layer_2_dropoff,user_attrs_layer_3_dropoff,user_attrs_local_epochs,user_attrs_lr,user_attrs_n_layers,user_attrs_optimizer,user_attrs_prox_mu,user_attrs_recon_type,user_attrs_rounds,user_attrs_score_type,user_attrs_seed_seen_obj_mean,user_attrs_seed_seen_obj_std,user_attrs_seed_unseen_val_obj_mean,user_attrs_seed_unseen_val_obj_std,user_attrs_seen_test_mean,user_attrs_seen_test_min,user_attrs_sgd_momentum,user_attrs_sgd_nesterov,user_attrs_unseen__test_auroc,user_attrs_unseen__val_auroc,user_attrs_unseen_test_auroc,user_attrs_weight_decay,state
66,0.7661640120916526,gelu,64,0.9213230104912702,15,5.0,0.049817401211894874,803,,124,,,,2,0.0037012009427947377,1,0.011559025620807184,huber,recon,0.29011178318527014,True,1e-06,,,,,,,gelu,fedprox,64,0.9213230104912702,15,5.0,5.0,-5.0,0.049817401211894874,5,803,,[803],"[42, 43, 44, 45]",124,,,,2,0.0037012009427947377,1,sgd,0.011559025620807184,huber,120,recon,,,,,,,0.29011178318527014,True,,,,1e-06,PRUNED
67,0.8026004635862682,relu,64,1.9729994047164692,14,5.0,0.22049190927302456,887,5.0,118,,,,8,0.0025171313222243133,1,0.055701818657586555,mse,recon,0.11286438143122729,True,1e-08,0.5468256965495699,0.5468017175236761,0.7961157024015836,0.7940389314147761,0.8244454699580951,0.8118857649532121,relu,fedprox,64,1.9729994047164692,14,5.0,5.0,-5.0,0.22049190927302456,2,887,5.0,[887],"[42, 43, 44, 45]",118,,,,8,0.0025171313222243133,1,sgd,0.055701818657586555,mse,120,recon,0.8026004635862682,0.007501549750493963,0.5466219145210851,0.004897961795027651,0.8102805861798393,0.7961157024015836,0.11286438143122729,True,0.5468256965495699,0.5468017175236761,0.5468256965495699,1e-08,COMPLETE
68,0.8049552493244783,relu,64,1.9904332780290768,14,5.0,0.032783685395338574,931,5.0,126,,,,8,0.0017722853174593895,1,0.06439452265916581,mse,recon,0.11832258427919888,True,1e-08,0.5419699082306408,0.5408704970307147,0.798929768309182,0.7936027794007237,0.8255028874324712,0.8117123420097433,relu,fedprox,64,1.9904332780290768,14,5.0,5.0,-5.0,0.032783685395338574,2,931,5.0,[931],"[42, 43, 44, 45]",126,,,,8,0.0017722853174593895,1,sgd,0.06439452265916581,mse,120,recon,0.8049552493244783,0.0036878036782210665,0.5400409717400426,0.005725393923897732,0.8122163278708266,0.798929768309182,0.11832258427919888,True,0.5419699082306408,0.5408704970307147,0.5419699082306408,1e-08,COMPLETE
69,0.8059334270525796,relu,64,1.8299256423019454,14,5.0,0.04009611085699802,1022,5.0,126,,,,8,0.0016500098679765626,1,0.05723909271178091,mse,recon,0.10324724512637128,True,1e-08,0.5498412335517959,0.5484043031117283,0.8021604750103962,0.7980095920807765,0.8233049200193436,0.8128331743316757,relu,fedprox,64,1.8299256423019454,14,5.0,5.0,-5.0,0.04009611085699802,2,1022,5.0,[1022],"[42, 43, 44, 45]",126,,,,8,0.0016500098679765626,1,sgd,0.05723909271178091,mse,120,recon,0.8059334270525796,0.005241125996927428,0.5480846974311354,0.005045959164880862,0.8127326975148699,0.8021604750103962,0.10324724512637128,True,0.5498412335517959,0.5484043031117283,0.5498412335517959,1e-08,COMPLETE
70,0.7714873555460531,elu,64,1.866848020966895,14,5.0,0.02223252506869001,1019,5.0,125,,,,8,0.0016347567218952129,1,0.06166568387608155,mse,recon,0.11698547010320763,True,1e-08,0.5574657487849075,0.5562079974540917,0.7443311863405345,0.7404013921583016,0.8092254361255531,0.7982069622968496,elu,fedprox,64,1.866848020966895,14,5.0,5.0,-5.0,0.02223252506869001,2,1019,5.0,[1019],"[42, 43, 44, 45]",125,,,,8,0.0016347567218952129,1,sgd,0.06166568387608155,mse,120,recon,0.7714873555460531,0.003583098177073135,0.558025358765131,0.0011239604160164427,0.7767783112330438,0.7443311863405345,0.11698547010320763,True,0.5574657487849075,0.5562079974540917,0.5574657487849075,1e-08,COMPLETE
71,0.8027535776549044,relu,64,1.7015204924836504,14,5.0,0.0007235793972586793,959,5.0,119,,,,8,0.002546373167701805,1,0.05237234485633673,mse,recon,0.19778778305301462,True,1e-08,0.5492352772932461,0.5473994437999703,0.7984239078279621,0.7942056508859874,0.8223343983621889,0.8087331631121798,relu,fedprox,64,1.7015204924836504,14,5.0,5.0,-5.0,0.0007235793972586793,2,959,5.0,[959],"[42, 43, 44, 45]",119,,,,8,0.002546373167701805,1,sgd,0.05237234485633673,mse,120,recon,0.8027535776549044,0.0034494712756979627,0.5474911314238081,0.004817302110162617,0.8103791530950755,0.7984239078279621,0.19778778305301462,True,0.5492352772932461,0.5473994437999703,0.5492352772932461,1e-08,COMPLETE
72,0.8046051325546957,relu,64,1.6711703326564773,13,5.0,0.028663801724021262,934,5.0,120,,,,8,0.0025312516854106943,1,0.05134241635536719,mse,recon,0.048144588490560414,True,1e-08,0.5494746641678003,0.5486694577808261,0.7990656535720805,0.7981185823073492,0.8252587116914201,0.8107154210203955,relu,fedprox,64,1.6711703326564773,13,5.0,5.0,-5.0,0.028663801724021262,2,934,5.0,[934],"[42, 43, 44, 45]",120,,,,8,0.0025312516854106943,1,sgd,0.05134241635536719,mse,120,recon,0.8046051325546957,0.005707438103741296,0.5488617415903176,0.006327253970833053,0.8121621826317502,0.7990656535720805,0.048144588490560414,True,0.5494746641678003,0.5486694577808261,0.5494746641678003,1e-08,COMPLETE
73,0.806902997581105,relu,64,1.3909309877911815,13,5.0,0.03536760109023768,945,5.0,120,,,,8,0.001968629499325314,1,0.08483536052644025,mse,recon,0.05509282971916449,True,1e-08,0.5531104675777744,0.5520043323247548,0.8089788518386801,0.8051742661697159,0.8237649993131881,0.8117591487107694,relu,fedprox,64,1.3909309877911815,13,5.0,5.0,-5.0,0.03536760109023768,2,945,5.0,[945],"[42, 43, 44, 45]",120,,,,8,0.001968629499325314,1,sgd,0.08483536052644025,mse,120,recon,0.806902997581105,0.005607175063902283,0.5513203282443394,0.005572774765921696,0.8163719255759341,0.8089788518386801,0.05509282971916449,True,0.5531104675777744,0.5520043323247548,0.5531104675777744,1e-08,COMPLETE
74,0.806966232199341,relu,64,1.3700374771659845,13,5.0,0.03218527284940768,944,5.0,114,,,,8,0.0020282821328781093,1,0.0931775311580295,mse,recon,0.054178716204861366,True,1e-08,0.5412079609966112,0.5398995960981559,0.8028848545746375,0.8018631183894355,0.82484756539296,0.8129549246764929,relu,fedprox,64,1.3700374771659845,13,5.0,5.0,-5.0,0.03218527284940768,2,944,5.0,[944],"[42, 43, 44, 45]",114,,,,8,0.0020282821328781093,1,sgd,0.0931775311580295,mse,120,recon,0.806966232199341,0.0057452053779086815,0.5392926672481047,0.003913518294746866,0.8138662099837988,0.8028848545746375,0.054178716204861366,True,0.5412079609966112,0.5398995960981559,0.5412079609966112,1e-08,COMPLETE
75,0.7929191575358319,relu,64,1.3975098283629377,13,5.0,0.03847160508058685,984,5.0,121,,,,8,0.0011756407892236729,1,0.08731980051371944,mse,recon,0.04716795341861591,True,1e-08,,,,,,,relu,fedprox,64,1.3975098283629377,13,5.0,5.0,-5.0,0.03847160508058685,2,984,5.0,[984],"[42, 43, 44, 45]",121,,,,8,0.0011756407892236729,1,sgd,0.08731980051371944,mse,120,recon,,,,,,,0.04716795341861591,True,,,,1e-08,PRUNED
76,0.8042138100113654,relu,64,1.6108329687369694,13,5.0,0.06335506542819565,917,5.0,126,,,,8,0.00307619814044109,1,0.08894723907743092,mse,recon,0.06891952008852206,True,1e-08,0.5483750783247812,0.5477430114537644,0.8018098716508513,0.7968611226363791,0.8236741143419496,0.8092022444636375,relu,fedprox,64,1.6108329687369694,13,5.0,5.0,-5.0,0.06335506542819565,2,917,5.0,[917],"[42, 43, 44, 45]",126,,,,8,0.00307619814044109,1,sgd,0.08894723907743092,mse,120,recon,0.8042138100113654,0.008001989336853015,0.5473483445246039,0.0032940954281174104,0.8127419929964004,0.8018098716508513,0.06891952008852206,True,0.5483750783247812,0.5477430114537644,0.5483750783247812,1e-08,COMPLETE
77,0.8011835759402266,relu,64,1.9892023075238539,13,5.0,0.030991866549881644,929,5.0,108,,,,7,0.0016269996679642662,1,0.07554562448548752,mse,recon,0.04832400433903435,True,1e-08,0.5434917610797811,0.5408597067924755,0.7900402961006019,0.78829812775548,0.8275758927143371,0.8135338929909435,relu,fedprox,64,1.9892023075238539,13,5.0,5.0,-5.0,0.030991866549881644,2,929,5.0,[929],"[42, 43, 44, 45]",108,,,,7,0.0016269996679642662,1,sgd,0.07554562448548752,mse,120,recon,0.8011835759402266,0.00524722981241072,0.5419467130405822,0.002265832326041967,0.8088080944074695,0.7900402961006019,0.04832400433903435,True,0.5434917610797811,0.5408597067924755,0.5434917610797811,1e-08,COMPLETE
78,0.7651356171240082,gelu,64,1.8402110267287783,14,5.0,0.05836480265794674,1003,5.0,115,,,,7,0.0022010362574330666,1,0.09952251176189184,huber,recon,0.028301975352634186,True,1e-08,,,,,,,gelu,fedprox,64,1.8402110267287783,14,5.0,5.0,-5.0,0.05836480265794674,2,1003,5.0,[1003],"[42, 43, 44, 45]",115,,,,7,0.0022010362574330666,1,sgd,0.09952251176189184,huber,120,recon,,,,,,,0.028301975352634186,True,,,,1e-08,PRUNED
79,0.7679380507431681,relu,64,1.4226716458338342,15,4.0,0.07678041654793165,961,5.0,128,,,,8,0.0017073595211237996,1,0.049258979920435424,mse,recon,0.07221090094082297,True,1e-08,,,,,,,relu,fedprox,64,1.4226716458338342,15,4.0,4.0,-4.0,0.07678041654793165,2,961,5.0,[961],"[42, 43, 44, 45]",128,,,,8,0.0017073595211237996,1,sgd,0.049258979920435424,mse,120,recon,,,,,,,0.07221090094082297,True,,,,1e-08,PRUNED
