number,values_0,params_activation,params_batch_size,params_beta,params_beta_warmup_rounds,params_clip_abs,params_dropout,params_first_layer,params_grad_clip,params_latent_dim,params_layer_1_dropoff,params_layer_2_dropoff,params_layer_3_dropoff,params_local_epochs,params_lr,params_n_layers,params_prox_mu,params_recon_type,params_score_type,params_sgd_momentum,params_sgd_nesterov,params_weight_decay,user_attrs_NF-BoT-IoT-v3__test_auroc,user_attrs_NF-BoT-IoT-v3__val_auroc,user_attrs_NF-CICIDS2018-v3__test_auroc,user_attrs_NF-CICIDS2018-v3__val_auroc,user_attrs_NF-ToN-IoT-v3__test_auroc,user_attrs_NF-ToN-IoT-v3__val_auroc,user_attrs_activation,user_attrs_aggregation_method,user_attrs_batch_size,user_attrs_beta,user_attrs_beta_warmup_rounds,user_attrs_clip_abs,user_attrs_clip_max,user_attrs_clip_min,user_attrs_dropout,user_attrs_early_stop_patience,user_attrs_first_layer,user_attrs_grad_clip,user_attrs_hidden_dims,user_attrs_hpo_seeds,user_attrs_latent_dim,user_attrs_layer_1_dropoff,user_attrs_layer_2_dropoff,user_attrs_layer_3_dropoff,user_attrs_local_epochs,user_attrs_lr,user_attrs_n_layers,user_attrs_optimizer,user_attrs_prox_mu,user_attrs_recon_type,user_attrs_rounds,user_attrs_score_type,user_attrs_seed_seen_obj_mean,user_attrs_seed_seen_obj_std,user_attrs_seed_unseen_val_obj_mean,user_attrs_seed_unseen_val_obj_std,user_attrs_seen_test_mean,user_attrs_seen_test_min,user_attrs_sgd_momentum,user_attrs_sgd_nesterov,user_attrs_unseen__test_auroc,user_attrs_unseen__val_auroc,user_attrs_unseen_test_auroc,user_attrs_weight_decay,state
0,0.7864118794466367,relu,512,0.870804191700653,5,6.0,0.1692425840497844,338,5.0,95,0.6134257267821015,0.7756573845414456,,1,0.004307355413840528,3,0.007444899771978196,mse,recon,0.8069602043739,False,0.0001,0.537718965981172,0.5339864132377818,0.7693667876584606,0.776136911834992,0.7991775945024943,0.7963197290480034,relu,fedprox,512,0.870804191700653,5,6.0,6.0,-6.0,0.1692425840497844,10,338,5.0,"[338, 207, 160]","[42, 43, 44, 45]",95,0.6124260355029586,0.7729468599033816,,1,0.004307355413840528,3,sgd,0.007444899771978196,mse,120,recon,0.7864118794466367,0.006838658084536202,0.5347431264712358,0.009630124193621489,0.7842721910804774,0.7693667876584606,0.8069602043739,False,0.537718965981172,0.5339864132377818,0.537718965981172,0.0001,COMPLETE
1,0.7452907960385067,elu,128,0.7547284009180051,13,4.0,0.3465236631533464,368,5.0,58,,,,5,0.0025590868054805567,1,0.012206427790432172,huber,recon+kl,0.6358480938141586,True,1e-08,0.5282977037902608,0.5244521940111885,0.6913655419886686,0.6959157537007871,0.7965575388425056,0.7943487317971326,elu,fedprox,128,0.7547284009180051,13,4.0,4.0,-4.0,0.3465236631533464,2,368,5.0,[368],"[42, 43, 44, 45]",58,,,,5,0.0025590868054805567,1,sgd,0.012206427790432172,huber,120,recon+kl,0.7452907960385067,0.0028540826936852173,0.5263604638144216,0.006217669863715501,0.743961540415587,0.6913655419886686,0.6358480938141586,True,0.5282977037902608,0.5244521940111885,0.5282977037902608,1e-08,COMPLETE
2,0.6967287481700697,relu,512,0.14801245329920112,5,5.0,0.3700529958455945,728,,55,0.777191624858886,,,4,0.0012692690224631797,2,0.09226484528890701,huber,recon+kl,0.487471746489052,False,1e-08,0.5493358811232103,0.5481396335623334,0.6016887669562566,0.6050467767118081,0.7890412011869615,0.7884436048639454,relu,fedprox,512,0.14801245329920112,5,5.0,5.0,-5.0,0.3700529958455945,2,728,,"[728, 565]","[42, 43, 44, 45]",55,0.7760989010989011,,,4,0.0012692690224631797,2,sgd,0.09226484528890701,huber,120,recon+kl,0.6967287481700697,0.000732181010838424,0.5484997393878154,0.0021229976381180182,0.6953649840716091,0.6016887669562566,0.487471746489052,False,0.5493358811232103,0.5481396335623334,0.5493358811232103,1e-08,COMPLETE
3,0.6832654195150543,leakyrelu,256,0.9557843531465328,11,4.0,0.10301682566163324,263,2.0,127,0.6462447063962125,0.7600050765362417,0.9509556863303352,7,0.001043682058992719,4,0.01973732469708263,huber,recon,0.88120502814454,False,1e-06,0.5408864859880965,0.5382348857869453,0.5751347374402803,0.577263427407746,0.7899150329011122,0.7891588624137016,leakyrelu,fedprox,256,0.9557843531465328,11,4.0,4.0,-4.0,0.10301682566163324,2,263,2.0,"[263, 169, 128, 121]","[42, 43, 44, 45]",127,0.6425855513307985,0.757396449704142,0.9453125,7,0.001043682058992719,4,sgd,0.01973732469708263,huber,120,recon,0.6832654195150543,0.0005591445699011289,0.5381468145099833,0.001566176161844761,0.6825248851706962,0.5751347374402803,0.88120502814454,False,0.5408864859880965,0.5382348857869453,0.5408864859880965,1e-06,COMPLETE
4,0.7504574164276938,elu,64,0.10224967616933398,8,3.0,0.37103063183015583,145,2.0,48,0.7913355439307024,0.9074218514467048,,4,0.0006989652193636288,3,0.009122095488746505,mse,recon,0.7710621308698205,True,1e-08,0.5436777083439178,0.5387865403920662,0.6922979973317829,0.6970994163745364,0.8065222480011892,0.8021323157227236,elu,fedprox,64,0.10224967616933398,8,3.0,3.0,-3.0,0.37103063183015583,2,145,2.0,"[145, 114, 103]","[42, 43, 44, 45]",48,0.7862068965517242,0.9035087719298246,,4,0.0006989652193636288,3,sgd,0.009122095488746505,mse,120,recon,0.7504574164276938,0.04566441867565156,0.5377665541659375,0.0037369859024546813,0.749410122666486,0.6922979973317829,0.7710621308698205,True,0.5436777083439178,0.5387865403920662,0.5436777083439178,1e-08,COMPLETE
5,0.7063569777148356,relu,512,0.25591321494179153,0,6.0,0.01963885224911053,803,1.0,88,0.7868870568294122,0.5513176296053979,0.8499170373864573,8,0.014196929441766948,4,0.00019548546690656887,huber,recon,0.08673152509304173,True,1e-05,0.5551263733885794,0.5549623276619606,0.6212160992471414,0.626162302706227,0.7868757115088976,0.7865884336172784,relu,fedprox,512,0.25591321494179153,0,6.0,6.0,-6.0,0.01963885224911053,2,803,1.0,"[803, 631, 347, 294]","[42, 43, 44, 45]",88,0.7858032378580324,0.5499207606973059,0.8472622478386167,8,0.014196929441766948,4,sgd,0.00019548546690656887,huber,120,recon,0.7063569777148356,0.00043812430257314446,0.5549207102716953,0.0008696841355753471,0.7040459053780195,0.6212160992471414,0.08673152509304173,True,0.5551263733885794,0.5549623276619606,0.5551263733885794,1e-05,COMPLETE
6,0.6857248441031083,elu,512,0.24609500748773422,10,4.0,0.3195385324852248,989,2.0,104,0.6709153067825082,,,5,0.0014447610932163098,2,0.00013730479264158517,huber,recon+kl,0.20331131916292894,True,1e-10,0.5378854943446214,0.5352026965363983,0.5756649656311801,0.5778696212279444,0.7944104707766243,0.7936119084714953,elu,fedprox,512,0.24609500748773422,10,4.0,4.0,-4.0,0.3195385324852248,2,989,2.0,"[989, 663]","[42, 43, 44, 45]",104,0.6703741152679474,,,5,0.0014447610932163098,2,sgd,0.00013730479264158517,huber,120,recon+kl,0.6857248441031083,0.000842853559221731,0.5354224116599962,0.0023149561318748946,0.6850377182039022,0.5756649656311801,0.20331131916292894,True,0.5378854943446214,0.5352026965363983,0.5378854943446214,1e-10,COMPLETE
7,0.8045985540375131,elu,64,0.1964873496686956,9,5.0,0.1719253351546328,997,,123,0.9358414665711536,0.8550808256603493,,8,0.011837733033502289,3,0.0016608739766509342,huber,recon,0.34539750208823267,True,0.0,0.5535874255091346,0.5517753117232204,0.7922368898899408,0.7916462328367591,0.8294939231259914,0.8200931817925226,elu,fedprox,64,0.1964873496686956,9,5.0,5.0,-5.0,0.1719253351546328,2,997,,"[997, 933, 797]","[42, 43, 44, 45]",123,0.9358074222668004,0.8542336548767417,,8,0.011837733033502289,3,sgd,0.0016608739766509342,huber,120,recon,0.8045985540375131,0.00337997372406094,0.5521117936892336,0.003398794986686134,0.8108654065079661,0.7922368898899408,0.34539750208823267,True,0.5535874255091346,0.5517753117232204,0.5535874255091346,0.0,COMPLETE
8,0.7864688148590342,relu,64,1.174470001684114,11,5.0,0.2723611995979826,887,,119,0.5133055577799798,,,3,0.0007129456764093419,2,0.016798916307408533,mse,recon,0.31952255254695466,True,0.0001,0.5443429938600898,0.5420973500586143,0.7660247421632882,0.7725931124057044,0.8038516222873282,0.799308419231862,relu,fedprox,64,1.174470001684114,11,5.0,5.0,-5.0,0.2723611995979826,3,887,,"[887, 455]","[42, 43, 44, 45]",119,0.5129650507328072,,,3,0.0007129456764093419,2,sgd,0.016798916307408533,mse,120,recon,0.7864688148590342,0.0004509871123654882,0.539245728241705,0.0030096442702379953,0.7849381822253082,0.7660247421632882,0.31952255254695466,True,0.5443429938600898,0.5420973500586143,0.5443429938600898,0.0001,COMPLETE
9,0.7286517341529917,elu,64,0.12993318822468677,5,4.0,0.2322852853577816,385,1.0,118,0.7714943912725968,0.8469923514291213,,2,0.0021657811888391334,3,0.013223462282085669,mse,recon,0.7685156790761958,False,0.0001,,,,,,,elu,fedprox,64,0.12993318822468677,5,4.0,4.0,-4.0,0.2322852853577816,5,385,1.0,"[385, 297, 251]","[42, 43, 44, 45]",118,0.7714285714285715,0.8451178451178452,,2,0.0021657811888391334,3,sgd,0.013223462282085669,mse,120,recon,,,,,,,0.7685156790761958,False,,,,0.0001,PRUNED
10,0.739884430962233,gelu,256,0.41952925294727395,15,8.0,0.15940436508710043,615,,20,,,,7,0.017764136082819067,1,0.0012154854389841594,huber,recon+kl,0.4241132095137619,True,0.0,,,,,,,gelu,fedprox,256,0.41952925294727395,15,8.0,8.0,-8.0,0.15940436508710043,2,615,,[615],"[42, 43, 44, 45]",20,,,,7,0.017764136082819067,1,sgd,0.0012154854389841594,huber,120,recon+kl,,,,,,,0.4241132095137619,True,,,,0.0,PRUNED
11,0.7295235383607963,leakyrelu,64,1.405107698860653,9,5.0,0.24636931934605802,1021,,84,0.9201828284217477,,,3,0.0003090973814826691,2,0.0012274792728955474,mse,recon,0.29283662015351425,True,0.0,,,,,,,leakyrelu,fedprox,64,1.405107698860653,9,5.0,5.0,-5.0,0.24636931934605802,3,1021,,"[1021, 939]","[42, 43, 44, 45]",84,0.9196865817825661,,,3,0.0003090973814826691,2,sgd,0.0012274792728955474,mse,120,recon,,,,,,,0.29283662015351425,True,,,,0.0,PRUNED
12,0.8044176043883517,gelu,64,0.446225228170337,12,5.0,0.2858185102396184,861,,114,0.5024707401359401,,,6,0.006967250927851154,2,0.0021038949413747974,mse,recon,0.3675397214497528,True,0.0001,0.5433722181766178,0.5414136546907371,0.7934918175300739,0.7911996286981997,0.830675286626361,0.8169665412058912,gelu,fedprox,64,0.446225228170337,12,5.0,5.0,-5.0,0.2858185102396184,2,861,,"[861, 432]","[42, 43, 44, 45]",114,0.5017421602787456,,,6,0.006967250927851154,2,sgd,0.0021038949413747974,mse,120,recon,0.8044176043883517,0.006277124976464992,0.5415744498213348,0.004955531842126818,0.8120835520782175,0.7934918175300739,0.3675397214497528,True,0.5433722181766178,0.5414136546907371,0.5433722181766178,0.0001,COMPLETE
13,0.7542794614077575,gelu,64,0.45993906925768624,14,5.0,0.10318197694701743,597,,106,0.9682628100954824,0.9945344054303167,,7,0.007290602465790068,3,0.0015688634902507343,mse,recon,0.5355319881460133,True,0.0,0.6006805835454924,0.5970922836448449,0.7114139481146543,0.7126195570157365,0.7972724629827206,0.7959793073219792,gelu,fedprox,64,0.45993906925768624,14,5.0,5.0,-5.0,0.10318197694701743,2,597,,"[597, 578, 574]","[42, 43, 44, 45]",106,0.9681742043551089,0.9930795847750865,,7,0.007290602465790068,3,sgd,0.0015688634902507343,mse,120,recon,0.7542794614077575,0.007076805409568768,0.5969383683936693,0.004579411540528565,0.7543432055486874,0.7114139481146543,0.5355319881460133,True,0.6006805835454924,0.5970922836448449,0.6006805835454924,0.0,COMPLETE
14,0.6972438497406108,gelu,128,0.24865728639994727,7,5.0,0.29356232796619125,889,,79,0.8720050255347022,0.6097396305515479,0.5142791101002916,8,0.00819399320591807,4,0.0004982086769525017,huber,recon,0.08924853207129696,True,1e-10,,,,,,,gelu,fedprox,128,0.24865728639994727,7,5.0,5.0,-5.0,0.29356232796619125,2,889,,"[889, 775, 472, 242]","[42, 43, 44, 45]",79,0.8717660292463442,0.6090322580645161,0.5127118644067796,8,0.00819399320591807,4,sgd,0.0004982086769525017,huber,120,recon,,,,,,,0.08924853207129696,True,,,,1e-10,PRUNED
15,0.7646219047598887,gelu,64,0.4617412559647174,12,8.0,0.19110361042456014,726,,128,,,,6,0.009238890201864332,1,0.0029869428667548318,mse,recon,0.35993241238865104,True,1e-05,0.45903574432533434,0.45616428963892514,0.7742783770917185,0.7746100196211809,0.7652566700725011,0.7517809626327288,gelu,fedprox,64,0.4617412559647174,12,8.0,8.0,-8.0,0.19110361042456014,2,726,,[726],"[42, 43, 44, 45]",128,,,,6,0.009238890201864332,1,sgd,0.0029869428667548318,mse,120,recon,0.7646219047598887,0.00295301842067164,0.45630665022081474,0.00786894442167868,0.7697675235821098,0.7652566700725011,0.35993241238865104,True,0.45903574432533434,0.45616428963892514,0.45903574432533434,1e-05,COMPLETE
16,0.6718565066489037,gelu,64,0.1829979530503357,1,3.0,0.12195395328892425,893,,29,0.5030351232432221,0.6580984841046789,,6,0.004887783267494392,3,0.0006608701296469807,huber,recon,0.21138997327380896,True,1e-06,0.5352438182225308,0.5334495768344933,0.5414395106888629,0.5448651637717075,0.800871818320378,0.7986143158412693,gelu,fedprox,64,0.1829979530503357,1,3.0,3.0,-3.0,0.12195395328892425,2,893,,"[893, 449, 295]","[42, 43, 44, 45]",29,0.5027995520716685,0.6570155902004454,,6,0.004887783267494392,3,sgd,0.0006608701296469807,huber,120,recon,0.6718565066489037,0.0005225413344042055,0.5333998741158473,0.0012472790065833621,0.6711556645046204,0.5414395106888629,0.21138997327380896,True,0.5352438182225308,0.5334495768344933,0.5352438182225308,1e-06,COMPLETE
17,0.7595313893616601,elu,64,0.35170021455204203,7,5.0,0.04404667685528213,488,5.0,108,0.861968838535247,,,6,0.012832771613795141,2,0.0038570738845630703,mse,recon,0.5844675978105769,True,0.0001,0.5626850581720266,0.560976062606197,0.7361252425010489,0.7383051458205144,0.792017213575919,0.7795617834340971,elu,fedprox,64,0.35170021455204203,7,5.0,5.0,-5.0,0.04404667685528213,2,488,5.0,"[488, 420]","[42, 43, 44, 45]",108,0.860655737704918,,,6,0.012832771613795141,2,sgd,0.0038570738845630703,mse,120,recon,0.7595313893616601,0.006767330124907647,0.5613415194490075,0.014060553316102205,0.764071228038484,0.7361252425010489,0.5844675978105769,True,0.5626850581720266,0.560976062606197,0.5626850581720266,0.0001,COMPLETE
18,0.6984586188777305,leakyrelu,256,0.6270522123897481,3,5.0,0.2216491070851302,729,1.0,67,0.986814050106688,,,8,0.0046299404163383856,2,0.0003547107752298957,huber,recon+kl,0.01174929646519407,False,0.0,0.5517074614115207,0.5503024442035899,0.6044796129767933,0.6086449683502025,0.7891876050210653,0.7885627385024866,leakyrelu,fedprox,256,0.6270522123897481,3,5.0,5.0,-5.0,0.2216491070851302,2,729,1.0,"[729, 719]","[42, 43, 44, 45]",67,0.9862825788751715,,,8,0.0046299404163383856,2,sgd,0.0003547107752298957,huber,120,recon+kl,0.6984586188777305,0.00046746519997385754,0.5501742255960681,0.0004059109596846893,0.6968336089989293,0.6044796129767933,0.01174929646519407,False,0.5517074614115207,0.5503024442035899,0.5517074614115207,0.0,COMPLETE
19,0.7515128972454139,elu,128,1.8045214153849447,9,5.0,0.29781774120667476,970,,98,0.5766374600384223,0.9222764978760959,,7,0.003043394234552045,3,0.046257367262384524,mse,recon,0.44509888373656203,True,0.0001,0.5422329101443059,0.5372706001230616,0.7143777672403898,0.71732436549871,0.7921947685632084,0.7857539689259955,elu,fedprox,128,1.8045214153849447,9,5.0,5.0,-5.0,0.29781774120667476,2,970,,"[970, 559, 515]","[42, 43, 44, 45]",98,0.5762886597938144,0.9212880143112702,,7,0.003043394234552045,3,sgd,0.046257367262384524,mse,120,recon,0.7515128972454139,0.0013461577192396782,0.5377093247415988,0.0038375996592730586,0.7532862679017991,0.7143777672403898,0.44509888373656203,True,0.5422329101443059,0.5372706001230616,0.5422329101443059,0.0001,COMPLETE
20,0.7063554709036375,gelu,64,0.32278434286009955,13,6.0,0.13323053162052448,813,,112,0.7047849930131982,0.6850907334811208,0.6124130490682858,6,0.00609999002242688,4,0.0030492756341980193,huber,recon,0.22723728462329854,True,0.0,0.5540716090779598,0.5536177375522401,0.6216646626812761,0.6265337720932334,0.7863272686902215,0.786283175719412,gelu,fedprox,64,0.32278434286009955,13,6.0,6.0,-6.0,0.13323053162052448,2,813,,"[813, 572, 391, 239]","[42, 43, 44, 45]",112,0.7035670356703567,0.6835664335664335,0.6112531969309463,6,0.00609999002242688,4,sgd,0.0030492756341980193,huber,120,recon,0.7063554709036375,0.00013445707162522194,0.5536339376101957,0.0007576502680807965,0.7039959656857488,0.6216646626812761,0.22723728462329854,True,0.5540716090779598,0.5536177375522401,0.5540716090779598,0.0,COMPLETE
21,0.717386901838586,relu,64,1.337242297587849,11,5.0,0.26501639158062396,887,,119,0.5100928726318391,,,3,0.00039942167529652503,2,0.02846813799518556,mse,recon,0.34426310128612186,True,0.0001,,,,,,,relu,fedprox,64,1.337242297587849,11,5.0,5.0,-5.0,0.26501639158062396,3,887,,"[887, 452]","[42, 43, 44, 45]",119,0.5095828635851184,,,3,0.00039942167529652503,2,sgd,0.02846813799518556,mse,120,recon,,,,,,,0.34426310128612186,True,,,,0.0001,PRUNED
22,0.744563366394388,relu,64,0.5960935924071351,11,5.0,0.29298807008749955,939,,118,0.5495681562705932,,,3,0.000591370035291313,2,0.005505918046528525,mse,recon,0.33444851317376234,True,0.0001,,,,,,,relu,fedprox,64,0.5960935924071351,11,5.0,5.0,-5.0,0.29298807008749955,3,939,,"[939, 516]","[42, 43, 44, 45]",118,0.549520766773163,,,3,0.000591370035291313,2,sgd,0.005505918046528525,mse,120,recon,,,,,,,0.33444851317376234,True,,,,0.0001,PRUNED
23,0.7970059382179773,relu,64,1.1712839932545651,15,5.0,0.19364665473968357,805,,128,,,,2,0.01024417270827823,1,0.001887183823294609,mse,recon,0.649370625300421,True,0.0001,0.5604852561243863,0.5598404414836267,0.7940323667161548,0.7916409553224157,0.8146385393674933,0.8041407259931018,relu,fedprox,64,1.1712839932545651,15,5.0,5.0,-5.0,0.19364665473968357,5,805,,[805],"[42, 43, 44, 45]",128,,,,2,0.01024417270827823,1,sgd,0.001887183823294609,mse,120,recon,0.7970059382179773,0.006361370749892852,0.5597742299944866,0.004388417848241958,0.8043354530418241,0.7940323667161548,0.649370625300421,True,0.5604852561243863,0.5598404414836267,0.5604852561243863,0.0001,COMPLETE
24,0.7559528009694396,gelu,64,0.19143517713134714,15,8.0,0.20191659071085727,805,,127,,,,1,0.01115617599343454,1,0.0019850086860758414,mse,recon,0.6723475916251672,True,0.0001,,,,,,,gelu,fedprox,64,0.19143517713134714,15,8.0,8.0,-8.0,0.20191659071085727,10,805,,[805],"[42, 43, 44, 45]",127,,,,1,0.01115617599343454,1,sgd,0.0019850086860758414,mse,120,recon,,,,,,,0.6723475916251672,True,,,,0.0001,PRUNED
25,0.7523391002011512,relu,64,1.9263547785622261,13,3.0,0.0674511646529588,630,,96,,,,2,0.01935738740899977,1,0.0008197479276450488,mse,recon,0.6527014155097484,True,1e-06,,,,,,,relu,fedprox,64,1.9263547785622261,13,3.0,3.0,-3.0,0.0674511646529588,5,630,,[630],"[42, 43, 44, 45]",96,,,,2,0.01935738740899977,1,sgd,0.0008197479276450488,mse,120,recon,,,,,,,0.6527014155097484,True,,,,1e-06,PRUNED
26,0.761411073853918,elu,64,0.6092165171797918,14,5.0,0.1647669896081586,509,5.0,113,,,,5,0.011107328523902027,1,0.00028646801094618044,mse,recon+kl,0.9489035421320173,False,1e-10,,,,,,,elu,fedprox,64,0.6092165171797918,14,5.0,5.0,-5.0,0.1647669896081586,2,509,5.0,[509],"[42, 43, 44, 45]",113,,,,5,0.011107328523902027,1,sgd,0.00028646801094618044,mse,120,recon+kl,,,,,,,0.9489035421320173,False,,,,1e-10,PRUNED
27,0.777437164943992,leakyrelu,128,0.3164795824953532,15,5.0,0.2097390968857699,813,1.0,128,0.8444877721147848,0.853648935724546,,4,0.007053821716958161,3,0.0022416365904214977,mse,recon,0.511197634924211,True,1e-05,0.56363222822477,0.5576375423141986,0.7545254788396077,0.7591627792407811,0.7980963173710722,0.7953445355411042,leakyrelu,fedprox,128,0.3164795824953532,15,5.0,5.0,-5.0,0.2097390968857699,2,813,1.0,"[813, 686, 585]","[42, 43, 44, 45]",128,0.8437884378843789,0.8527696793002916,,4,0.007053821716958161,3,sgd,0.0022416365904214977,mse,120,recon,0.777437164943992,0.002876783536621011,0.557641614379583,0.006052749032373947,0.7763108981053399,0.7545254788396077,0.511197634924211,True,0.56363222822477,0.5576375423141986,0.56363222822477,1e-05,COMPLETE
28,0.762839619073425,gelu,256,0.20080291466084968,12,5.0,0.2550838420304765,1016,2.0,37,,,,2,0.0033824983968008208,1,0.005289731183719952,huber,recon,0.4134496315373948,True,0.0,,,,,,,gelu,fedprox,256,0.20080291466084968,12,5.0,5.0,-5.0,0.2550838420304765,5,1016,2.0,[1016],"[42, 43, 44, 45]",37,,,,2,0.0033824983968008208,1,sgd,0.005289731183719952,huber,120,recon,,,,,,,0.4134496315373948,True,,,,0.0,PRUNED
