number,values_0,params_activation,params_batch_size,params_beta,params_beta_warmup_rounds,params_clip_abs,params_dropout,params_first_layer,params_grad_clip,params_latent_dim,params_layer_1_dropoff,params_layer_2_dropoff,params_layer_3_dropoff,params_local_epochs,params_lr,params_n_layers,params_recon_type,params_score_type,params_sgd_momentum,params_sgd_nesterov,params_weight_decay,user_attrs_NF-BoT-IoT-v3__test_auroc,user_attrs_NF-BoT-IoT-v3__val_auroc,user_attrs_NF-CICIDS2018-v3__test_auroc,user_attrs_NF-CICIDS2018-v3__val_auroc,user_attrs_NF-ToN-IoT-v3__test_auroc,user_attrs_NF-ToN-IoT-v3__val_auroc,user_attrs_activation,user_attrs_aggregation_method,user_attrs_batch_size,user_attrs_beta,user_attrs_beta_warmup_rounds,user_attrs_clip_abs,user_attrs_clip_max,user_attrs_clip_min,user_attrs_dropout,user_attrs_early_stop_patience,user_attrs_first_layer,user_attrs_grad_clip,user_attrs_hidden_dims,user_attrs_hpo_seeds,user_attrs_latent_dim,user_attrs_layer_1_dropoff,user_attrs_layer_2_dropoff,user_attrs_layer_3_dropoff,user_attrs_local_epochs,user_attrs_lr,user_attrs_n_layers,user_attrs_optimizer,user_attrs_recon_type,user_attrs_rounds,user_attrs_score_type,user_attrs_seed_seen_obj_mean,user_attrs_seed_seen_obj_std,user_attrs_seed_unseen_val_obj_mean,user_attrs_seed_unseen_val_obj_std,user_attrs_seen_test_mean,user_attrs_seen_test_min,user_attrs_sgd_momentum,user_attrs_sgd_nesterov,user_attrs_unseen__test_auroc,user_attrs_unseen__val_auroc,user_attrs_unseen_test_auroc,user_attrs_weight_decay,state
0,0.7864140992367921,relu,512,0.870804191700653,5,6.0,0.1692425840497844,338,5.0,95,0.6134257267821015,0.7756573845414456,,1,0.004307355413840528,3,mse,recon,0.8069602043739,False,0.0001,0.537709303572739,0.5339747115625253,0.7693945047521737,0.7761572133595263,0.799162625766548,0.7962968990207756,relu,fedavg,512,0.870804191700653,5,6.0,6.0,-6.0,0.1692425840497844,10,338,5.0,"[338, 207, 160]","[42, 43, 44, 45]",95,0.6124260355029586,0.7729468599033816,,1,0.004307355413840528,3,sgd,mse,120,recon,0.7864140992367921,0.006832166760089934,0.5347299694368708,0.009625528028520068,0.7842785652593609,0.7693945047521737,0.8069602043739,False,0.537709303572739,0.5339747115625253,0.537709303572739,0.0001,COMPLETE
1,0.7715141032823963,leakyrelu,64,1.2471330196850028,1,8.0,0.10018214615860269,175,2.0,112,0.6586427409101605,0.7074131059768158,,1,0.004987564371383458,3,mse,recon,0.5566397249341022,True,1e-10,0.5212797939940652,0.5197643059154262,0.7577645307757588,0.7641065165277049,0.7800354790089586,0.7780753913651751,leakyrelu,fedavg,64,1.2471330196850028,1,8.0,8.0,-8.0,0.10018214615860269,10,175,2.0,"[175, 115, 81]","[42, 43, 44, 45]",112,0.6571428571428571,0.7043478260869566,,1,0.004987564371383458,3,sgd,mse,120,recon,0.7715141032823963,0.002020432628484476,0.51981896273528,0.007573552259264544,0.7689000048923587,0.7577645307757588,0.5566397249341022,True,0.5212797939940652,0.5197643059154262,0.5212797939940652,1e-10,COMPLETE
2,0.6967299683196253,relu,512,0.14801245329920112,5,5.0,0.3700529958455945,728,,55,0.777191624858886,,,4,0.0012692690224631797,2,huber,recon+kl,0.487471746489052,False,1e-08,0.5493377533912513,0.548141088921442,0.601691476570306,0.6050499667413691,0.7890399028302295,0.7884416349839398,relu,fedavg,512,0.14801245329920112,5,5.0,5.0,-5.0,0.3700529958455945,2,728,,"[728, 565]","[42, 43, 44, 45]",55,0.7760989010989011,,,4,0.0012692690224631797,2,sgd,huber,120,recon+kl,0.6967299683196253,0.0007316460696493707,0.5485018268725974,0.002121195328683666,0.6953656897002678,0.601691476570306,0.487471746489052,False,0.5493377533912513,0.548141088921442,0.5493377533912513,1e-08,COMPLETE
3,0.6970728376950593,elu,512,0.39364680343716085,12,5.0,0.3934523539646893,934,5.0,117,0.6038179305981622,0.6462447063962125,0.7600050765362417,2,0.0004439567439268961,4,mse,recon+kl,0.2820177367066455,False,1e-05,0.5497072958239955,0.5482166352897123,0.602524212471375,0.6060701734764538,0.7893388071300482,0.7882488660547454,elu,fedavg,512,0.39364680343716085,12,5.0,5.0,-5.0,0.3934523539646893,5,934,5.0,"[934, 563, 363, 275]","[42, 43, 44, 45]",117,0.6027837259100642,0.6447602131438721,0.7575757575757576,2,0.0004439567439268961,4,sgd,mse,120,recon+kl,0.6970728376950593,0.00034277819192186796,0.5484030094591874,0.001088484060327863,0.6959315098007116,0.602524212471375,0.2820177367066455,False,0.5497072958239955,0.5482166352897123,0.5497072958239955,1e-05,COMPLETE
4,0.7080137570539344,elu,512,1.1375582460015305,7,6.0,0.23306843514456188,799,5.0,18,0.7828210006129415,,,5,0.0017824536581493996,2,huber,recon+kl,0.5341074597943604,True,0.0001,0.5540264958857145,0.5532067529603474,0.622678340587196,0.6272264201247175,0.7889448875792422,0.7879103113045475,elu,fedavg,512,1.1375582460015305,7,6.0,6.0,-6.0,0.23306843514456188,2,799,5.0,"[799, 625]","[42, 43, 44, 45]",18,0.7822277847309136,,,5,0.0017824536581493996,2,sgd,huber,120,recon+kl,0.7080137570539344,0.0004472883605433765,0.5531161678812888,0.0012179288040361966,0.7058116140832191,0.622678340587196,0.5341074597943604,True,0.5540264958857145,0.5532067529603474,0.5540264958857145,0.0001,COMPLETE
5,0.7606883484008573,relu,128,1.9353680216575784,3,5.0,0.2613459485412163,585,,16,,,,5,0.0011565851294673551,1,mse,recon,0.8032563467344402,True,1e-06,0.5233623864173069,0.5228382742628062,0.7321384405794811,0.7387231278966057,0.7907214629657855,0.7846549081883032,relu,fedavg,128,1.9353680216575784,3,5.0,5.0,-5.0,0.2613459485412163,2,585,,[585],"[42, 43, 44, 45]",16,,,,5,0.0011565851294673551,1,sgd,mse,120,recon,0.7606883484008573,0.0038109635300876475,0.5213566745885244,0.006391995184575116,0.7614299517726333,0.7321384405794811,0.8032563467344402,True,0.5233623864173069,0.5228382742628062,0.5233623864173069,1e-06,COMPLETE
6,0.7063996535480891,elu,64,1.9586915934766993,3,6.0,0.15007421099311924,582,1.0,127,0.8131546808549281,0.5027727042034522,0.7424547217212796,3,0.0003335500512764793,4,mse,recon,0.253560524051578,False,0.0,0.5538948726199144,0.5533686359351273,0.6212907359424659,0.6259865129666322,0.7869271941758352,0.7869118908542998,elu,fedavg,64,1.9586915934766993,3,6.0,6.0,-6.0,0.15007421099311924,3,582,1.0,"[582, 473, 237, 175]","[42, 43, 44, 45]",127,0.8127147766323024,0.5010570824524313,0.7383966244725738,3,0.0003335500512764793,4,sgd,mse,120,recon,0.7063996535480891,0.0002958580685438692,0.5534922091539795,0.0003853242240642917,0.7041089650591505,0.6212907359424659,0.253560524051578,False,0.5538948726199144,0.5533686359351273,0.5538948726199144,0.0,COMPLETE
7,0.7090298182206491,elu,128,0.1023450253648446,1,8.0,0.3108649846282409,89,1.0,23,0.9437967302338874,0.508059315211687,,5,0.0005048304188888196,3,huber,recon,0.5666625534246501,True,1e-10,0.5493647648563058,0.5485782405760941,0.6395380954800252,0.6430056734896253,0.776264665315623,0.7755396412772068,elu,fedavg,128,0.1023450253648446,1,8.0,8.0,-8.0,0.3108649846282409,2,89,1.0,"[89, 83, 42]","[42, 43, 44, 45]",23,0.9325842696629213,0.5060240963855421,,5,0.0005048304188888196,3,sgd,huber,120,recon,0.7090298182206491,0.0006210368020853468,0.5486875983175931,0.002005925434820485,0.707901380397824,0.6395380954800252,0.5666625534246501,True,0.5493647648563058,0.5485782405760941,0.5493647648563058,1e-10,COMPLETE
8,0.6966224628533553,gelu,256,0.2843123798463446,10,5.0,0.07934627561068766,545,5.0,120,0.5017661054831242,0.7404445219374811,,8,0.0014147335594241423,3,mse,recon,0.23010881616765388,False,1e-10,0.5500917317256291,0.5486777930193568,0.6025196776311952,0.6059955679463948,0.7881527018050922,0.7873722841528975,gelu,fedavg,256,0.2843123798463446,10,5.0,5.0,-5.0,0.07934627561068766,2,545,5.0,"[545, 273, 202]","[42, 43, 44, 45]",120,0.5009174311926605,0.73992673992674,,8,0.0014147335594241423,3,sgd,mse,120,recon,0.6966224628533553,0.00041774164309133605,0.5487105018478062,0.00021763158452609523,0.6953361897181437,0.6025196776311952,0.23010881616765388,False,0.5500917317256291,0.5486777930193568,0.5500917317256291,1e-10,COMPLETE
9,0.6715824948700796,leakyrelu,512,0.7175251725080278,12,3.0,0.08620217891026392,413,2.0,89,0.7822851712980718,0.5956678603602783,,6,0.007931301977854554,3,huber,recon+kl,0.2256043089888526,True,1e-08,0.5349958979453975,0.533236050662256,0.5414102129869544,0.5447429724089786,0.8008119433765931,0.7984200180499811,leakyrelu,fedavg,512,0.7175251725080278,12,3.0,3.0,-3.0,0.08620217891026392,2,413,2.0,"[413, 323, 192]","[42, 43, 44, 45]",89,0.7820823244552058,0.5944272445820433,,6,0.007931301977854554,3,sgd,huber,120,recon+kl,0.6715824948700796,0.0004980238951664683,0.5332260542562579,0.002775402326093934,0.6711110781817737,0.5414102129869544,0.2256043089888526,True,0.5349958979453975,0.533236050662256,0.5349958979453975,1e-08,COMPLETE
10,0.7974314764009551,relu,256,0.6268538043409331,15,4.0,0.003224457361608174,319,5.0,74,,,,1,0.015934288792024562,1,mse,recon,0.9369746035816005,False,0.0001,0.5346748933559887,0.53367628944229,0.7850787105247807,0.7832577046417195,0.826347214460307,0.8120811211874883,relu,fedavg,256,0.6268538043409331,15,4.0,4.0,-4.0,0.003224457361608174,10,319,5.0,[319],"[42, 43, 44, 45]",74,,,,1,0.015934288792024562,1,sgd,mse,120,recon,0.7974314764009551,0.005752322586031109,0.5336027129540251,0.009584123791321368,0.8057129624925439,0.7850787105247807,0.9369746035816005,False,0.5346748933559887,0.53367628944229,0.5346748933559887,0.0001,COMPLETE
11,0.7936673811744861,relu,256,0.6356616837545555,15,4.0,0.0008662977657382942,314,5.0,70,,,,1,0.01944950736616424,1,mse,recon,0.9219181141926562,False,0.0001,0.5324564627117592,0.5298876074672447,0.7805947226503036,0.7787273922457996,0.8241622023893527,0.8118477639098226,relu,fedavg,256,0.6356616837545555,15,4.0,4.0,-4.0,0.0008662977657382942,10,314,5.0,[314],"[42, 43, 44, 45]",70,,,,1,0.01944950736616424,1,sgd,mse,120,recon,0.7936673811744861,0.0032583943517678735,0.529421128121466,0.00989736249344289,0.8023784625198281,0.7805947226503036,0.9219181141926562,False,0.5324564627117592,0.5298876074672447,0.5324564627117592,0.0001,COMPLETE
12,0.7968739856588032,relu,256,0.5392409517015277,15,4.0,0.011383160912920668,301,5.0,60,,,,2,0.014967725476530766,1,mse,recon,0.9289179321517094,False,0.0001,0.5288247237228592,0.5277283396698788,0.7848912485111236,0.781427171595718,0.822905035554276,0.8135657197835696,relu,fedavg,256,0.5392409517015277,15,4.0,4.0,-4.0,0.011383160912920668,5,301,5.0,[301],"[42, 43, 44, 45]",60,,,,2,0.014967725476530766,1,sgd,mse,120,recon,0.7968739856588032,0.008599537124211838,0.5261270183331734,0.008772798690029854,0.8038981420326998,0.7848912485111236,0.9289179321517094,False,0.5288247237228592,0.5277283396698788,0.5288247237228592,0.0001,COMPLETE
13,0.77792017511116,relu,256,0.38700306651235605,15,4.0,0.012769677798853296,217,5.0,50,,,,3,0.015319991329529908,1,mse,recon,0.9464259264544416,False,0.0001,0.5432610581419198,0.542829866109314,0.7497120564653461,0.749971877757832,0.8173695480777734,0.8062011028740725,relu,fedavg,256,0.38700306651235605,15,4.0,4.0,-4.0,0.012769677798853296,3,217,5.0,[217],"[42, 43, 44, 45]",50,,,,3,0.015319991329529908,1,sgd,mse,120,recon,0.77792017511116,0.002199585444371848,0.5418455582322402,0.008876991539239763,0.7835408022715598,0.7497120564653461,0.9464259264544416,False,0.5432610581419198,0.542829866109314,0.5432610581419198,0.0001,COMPLETE
14,0.7409446380219065,gelu,256,0.2578587727409881,12,4.0,0.04137048158298101,406,5.0,75,0.9962584164530706,,,2,0.010902586090699383,2,mse,recon,0.0012889620887366893,False,0.0001,,,,,,,gelu,fedavg,256,0.2578587727409881,12,4.0,4.0,-4.0,0.04137048158298101,5,406,5.0,"[406, 404]","[42, 43, 44, 45]",75,0.9950738916256158,,,2,0.010902586090699383,2,sgd,mse,120,recon,,,,,,,0.0012889620887366893,False,,,,0.0001,PRUNED
15,0.7458550784564986,relu,256,0.5507915267987034,14,4.0,0.13457894393268097,242,5.0,49,,,,3,0.0059968323356056836,1,mse,recon,0.7471363052981046,False,1e-05,,,,,,,relu,fedavg,256,0.5507915267987034,14,4.0,4.0,-4.0,0.13457894393268097,3,242,5.0,[242],"[42, 43, 44, 45]",49,,,,3,0.0059968323356056836,1,sgd,mse,120,recon,,,,,,,0.7471363052981046,False,,,,1e-05,PRUNED
16,0.7562050632149194,relu,256,0.24736798259573692,9,4.0,0.047620468297365624,74,1.0,39,,,,2,0.00284392284763397,1,mse,recon,0.6904521905433019,False,1e-06,,,,,,,relu,fedavg,256,0.24736798259573692,9,4.0,4.0,-4.0,0.047620468297365624,5,74,1.0,[74],"[42, 43, 44, 45]",39,,,,2,0.00284392284763397,1,sgd,mse,120,recon,,,,,,,0.6904521905433019,False,,,,1e-06,PRUNED
17,0.7767682657270514,relu,256,0.4853782094433518,13,3.0,0.21446883768816333,456,,83,0.8988050756150625,,,7,0.011046168043441459,2,mse,recon,0.6438071510016858,False,0.0,0.550874988945151,0.5442913847680175,0.7533768659173831,0.7580158239578806,0.8016113171546794,0.794591938474826,relu,fedavg,256,0.4853782094433518,13,3.0,3.0,-3.0,0.21446883768816333,2,456,,"[456, 409]","[42, 43, 44, 45]",83,0.8969298245614035,,,7,0.011046168043441459,2,sgd,mse,120,recon,0.7767682657270514,0.0017607668291270036,0.5445144957295354,0.0028058700118033025,0.7774940915360312,0.7533768659173831,0.6438071510016858,False,0.550874988945151,0.5442913847680175,0.550874988945151,0.0,COMPLETE
18,0.754869425768806,gelu,256,1.0148845975661491,10,4.0,0.04666146147642114,687,2.0,101,,,,4,0.0030871949514784153,1,huber,recon+kl,0.861227686041002,False,0.0001,,,,,,,gelu,fedavg,256,1.0148845975661491,10,4.0,4.0,-4.0,0.04666146147642114,2,687,2.0,[687],"[42, 43, 44, 45]",101,,,,4,0.0030871949514784153,1,sgd,huber,120,recon+kl,,,,,,,0.861227686041002,False,,,,0.0001,PRUNED
19,0.7189652755432869,leakyrelu,64,0.17712655344279113,8,4.0,0.1145808949239481,317,5.0,63,0.5169406111623707,,,2,0.011066542268711843,2,mse,recon,0.34921721693842395,False,0.0001,,,,,,,leakyrelu,fedavg,64,0.17712655344279113,8,4.0,4.0,-4.0,0.1145808949239481,5,317,5.0,"[317, 163]","[42, 43, 44, 45]",63,0.5141955835962145,,,2,0.011066542268711843,2,sgd,mse,120,recon,,,,,,,0.34921721693842395,False,,,,0.0001,PRUNED
20,0.7587575572829346,relu,128,0.7632115434115051,14,4.0,0.058162869617297164,161,5.0,42,,,,1,0.018821642868676457,1,mse,recon,0.6641031942956139,False,0.0001,,,,,,,relu,fedavg,128,0.7632115434115051,14,4.0,4.0,-4.0,0.058162869617297164,10,161,5.0,[161],"[42, 43, 44, 45]",42,,,,1,0.018821642868676457,1,sgd,mse,120,recon,,,,,,,0.6641031942956139,False,,,,0.0001,PRUNED
21,0.7968147349023692,relu,256,0.6156601291404606,15,4.0,0.0013120248959703012,297,5.0,71,,,,1,0.01922809134439617,1,mse,recon,0.9306588448819252,False,0.0001,0.5402626349867625,0.5382824716196153,0.7811537310820956,0.7783059849305943,0.8258152645354799,0.8132555665868837,relu,fedavg,256,0.6156601291404606,15,4.0,4.0,-4.0,0.0013120248959703012,10,297,5.0,[297],"[42, 43, 44, 45]",71,,,,1,0.01922809134439617,1,sgd,mse,120,recon,0.7968147349023692,0.0040846302936345625,0.5382989803901091,0.0016248910079650128,0.8034844978087878,0.7811537310820956,0.9306588448819252,False,0.5402626349867625,0.5382824716196153,0.5402626349867625,0.0001,COMPLETE
22,0.7396212020713493,relu,256,0.37720971590310787,15,4.0,0.004464198041579983,448,5.0,78,,,,1,0.008550197962271527,1,mse,recon,0.8699110067821787,False,0.0001,,,,,,,relu,fedavg,256,0.37720971590310787,15,4.0,4.0,-4.0,0.004464198041579983,10,448,5.0,[448],"[42, 43, 44, 45]",78,,,,1,0.008550197962271527,1,sgd,mse,120,recon,,,,,,,0.8699110067821787,False,,,,0.0001,PRUNED
23,0.7160164827798382,relu,256,0.5558914035171896,13,4.0,0.029280047953498794,286,5.0,64,0.6905159656370796,,,2,0.01394963023446509,2,mse,recon,0.7858314657747731,False,0.0001,,,,,,,relu,fedavg,256,0.5558914035171896,13,4.0,4.0,-4.0,0.029280047953498794,5,286,5.0,"[286, 197]","[42, 43, 44, 45]",64,0.6888111888111889,,,2,0.01394963023446509,2,sgd,mse,120,recon,,,,,,,0.7858314657747731,False,,,,0.0001,PRUNED
24,0.7502728430813581,relu,256,1.4845890139475528,11,3.0,0.07010124256946446,489,5.0,36,,,,3,0.0088419606999011,1,mse,recon,0.8716452822395624,False,0.0001,,,,,,,relu,fedavg,256,1.4845890139475528,11,3.0,3.0,-3.0,0.07010124256946446,3,489,5.0,[489],"[42, 43, 44, 45]",36,,,,3,0.0088419606999011,1,sgd,mse,120,recon,,,,,,,0.8716452822395624,False,,,,0.0001,PRUNED
25,0.7495508673587472,relu,256,0.861888627049495,14,8.0,0.18350692964862392,372,5.0,58,,,,1,0.014414072326263135,1,mse,recon,0.9430967689127893,False,1e-08,,,,,,,relu,fedavg,256,0.861888627049495,14,8.0,8.0,-8.0,0.18350692964862392,10,372,5.0,[372],"[42, 43, 44, 45]",58,,,,1,0.014414072326263135,1,sgd,mse,120,recon,,,,,,,0.9430967689127893,False,,,,1e-08,PRUNED
26,0.6853560943265574,relu,256,0.4667478017406077,13,4.0,0.0019885113967193927,162,2.0,86,0.8617353839028502,,,2,0.0056313026968009385,2,huber,recon+kl,0.7545451734882388,True,1e-05,,,,,,,relu,fedavg,256,0.4667478017406077,13,4.0,4.0,-4.0,0.0019885113967193927,5,162,2.0,"[162, 139]","[42, 43, 44, 45]",86,0.8580246913580247,,,2,0.0056313026968009385,2,sgd,huber,120,recon+kl,,,,,,,0.7545451734882388,True,,,,1e-05,PRUNED
27,0.7990878000215452,gelu,256,0.6277681518545191,15,4.0,0.1077886509712909,218,1.0,70,,,,4,0.018316620711511356,1,mse,recon,0.39950081620942396,False,0.0,0.5450081382505301,0.5425358688687926,0.7891003516853234,0.7861180880144738,0.8231812750615778,0.8107291660786429,gelu,fedavg,256,0.6277681518545191,15,4.0,4.0,-4.0,0.1077886509712909,2,218,1.0,[218],"[42, 43, 44, 45]",70,,,,4,0.018316620711511356,1,sgd,mse,120,recon,0.7990878000215452,0.0034218430878377223,0.5426128852967685,0.006725841092270597,0.8061408133734507,0.7891003516853234,0.39950081620942396,False,0.5450081382505301,0.5425358688687926,0.5450081382505301,0.0,COMPLETE
28,0.6839330250794537,gelu,128,0.3628826272383328,10,4.0,0.12463706277606547,223,1.0,102,0.6982504206634629,,,4,0.0008323909072287066,2,mse,recon,0.3582858182908288,False,0.0,0.5410650006303617,0.538253232132071,0.5745952702181427,0.5769572580728624,0.7912936431325397,0.7906983236379954,gelu,fedavg,128,0.3628826272383328,10,4.0,4.0,-4.0,0.12463706277606547,2,223,1.0,"[223, 155]","[42, 43, 44, 45]",102,0.695067264573991,,,4,0.0008323909072287066,2,sgd,mse,120,recon,0.6839330250794537,0.0008943816714197781,0.5386613060057467,0.002055767369896908,0.6829444566753412,0.5745952702181427,0.3582858182908288,False,0.5410650006303617,0.538253232132071,0.5410650006303617,0.0,COMPLETE
29,0.782354191246065,gelu,64,0.8811746697429993,7,4.0,0.16120312071550502,372,1.0,96,,,,6,0.006620443967366561,1,mse,recon,0.0909810492308264,False,0.0,,,,,,,gelu,fedavg,64,0.8811746697429993,7,4.0,4.0,-4.0,0.16120312071550502,2,372,1.0,[372],"[42, 43, 44, 45]",96,,,,6,0.006620443967366561,1,sgd,mse,120,recon,,,,,,,0.0909810492308264,False,,,,0.0,PRUNED
30,0.7578194533824074,gelu,256,0.31752737884413706,11,6.0,0.09498748336210766,120,1.0,32,,,,3,0.004162275756102428,1,mse,recon,0.4022865257843593,False,0.0,,,,,,,gelu,fedavg,256,0.31752737884413706,11,6.0,6.0,-6.0,0.09498748336210766,3,120,1.0,[120],"[42, 43, 44, 45]",32,,,,3,0.004162275756102428,1,sgd,mse,120,recon,,,,,,,0.4022865257843593,False,,,,0.0,PRUNED
31,0.7534418213875105,gelu,256,0.6301556972986413,15,4.0,0.03197742309672137,256,1.0,70,,,,1,0.01970528973020167,1,mse,recon,0.8228044159113612,False,0.0001,,,,,,,gelu,fedavg,256,0.6301556972986413,15,4.0,4.0,-4.0,0.03197742309672137,10,256,1.0,[256],"[42, 43, 44, 45]",70,,,,1,0.01970528973020167,1,sgd,mse,120,recon,,,,,,,0.8228044159113612,False,,,,0.0001,PRUNED
32,0.7759105667421219,leakyrelu,256,0.6891299270965279,14,4.0,0.06707163897219758,334,5.0,76,,,,1,0.013718080913843533,1,mse,recon,0.44683066167400765,False,1e-06,,,,,,,leakyrelu,fedavg,256,0.6891299270965279,14,4.0,4.0,-4.0,0.06707163897219758,10,334,5.0,[334],"[42, 43, 44, 45]",76,,,,1,0.013718080913843533,1,sgd,mse,120,recon,,,,,,,0.44683066167400765,False,,,,1e-06,PRUNED
33,0.8135452933039603,relu,256,0.5333324797932151,15,8.0,0.035188952648712635,194,,59,,,,2,0.011617344142084972,1,mse,recon,0.6067743698814132,False,0.0,0.5433379058070417,0.5422899131794499,0.821563343814271,0.8188934513661911,0.8221901302308253,0.8099440659922739,relu,fedavg,256,0.5333324797932151,15,8.0,8.0,-8.0,0.035188952648712635,5,194,,[194],"[42, 43, 44, 45]",59,,,,2,0.011617344142084972,1,sgd,mse,120,recon,0.8135452933039603,0.0032539390632297348,0.5426925625328117,0.011543959622106111,0.8218767370225482,0.821563343814271,0.6067743698814132,False,0.5433379058070417,0.5422899131794499,0.5433379058070417,0.0,COMPLETE
