number,values_0,params_activation,params_batch_size,params_beta,params_beta_warmup_rounds,params_clip_abs,params_dropout,params_first_layer,params_grad_clip,params_latent_dim,params_layer_1_dropoff,params_layer_2_dropoff,params_layer_3_dropoff,params_local_epochs,params_lr,params_n_layers,params_prox_mu,params_recon_type,params_score_type,params_sgd_momentum,params_sgd_nesterov,params_weight_decay,user_attrs_NF-BoT-IoT-v3__test_auroc,user_attrs_NF-BoT-IoT-v3__val_auroc,user_attrs_NF-CICIDS2018-v3__test_auroc,user_attrs_NF-CICIDS2018-v3__val_auroc,user_attrs_NF-ToN-IoT-v3__test_auroc,user_attrs_NF-ToN-IoT-v3__val_auroc,user_attrs_activation,user_attrs_aggregation_method,user_attrs_batch_size,user_attrs_beta,user_attrs_beta_warmup_rounds,user_attrs_clip_abs,user_attrs_clip_max,user_attrs_clip_min,user_attrs_dropout,user_attrs_early_stop_patience,user_attrs_first_layer,user_attrs_grad_clip,user_attrs_hidden_dims,user_attrs_hpo_seeds,user_attrs_latent_dim,user_attrs_layer_1_dropoff,user_attrs_layer_2_dropoff,user_attrs_layer_3_dropoff,user_attrs_local_epochs,user_attrs_lr,user_attrs_n_layers,user_attrs_optimizer,user_attrs_prox_mu,user_attrs_recon_type,user_attrs_rounds,user_attrs_score_type,user_attrs_seed_seen_obj_mean,user_attrs_seed_seen_obj_std,user_attrs_seed_unseen_val_obj_mean,user_attrs_seed_unseen_val_obj_std,user_attrs_seen_test_mean,user_attrs_seen_test_min,user_attrs_sgd_momentum,user_attrs_sgd_nesterov,user_attrs_unseen__test_auroc,user_attrs_unseen__val_auroc,user_attrs_unseen_test_auroc,user_attrs_weight_decay,state
0,0.7912736462043765,relu,512,0.870804191700653,5,6.0,0.1692425840497844,338,5.0,95,0.6134257267821015,0.7756573845414456,,1,0.004307355413840528,3,0.007444899771978196,mse,recon,0.8069602043739,False,0.0001,0.737305006576459,0.7507098624306368,0.6000160412915074,0.607777706626888,0.836234116298893,0.8325442640857594,relu,fedprox,512,0.870804191700653,5,6.0,6.0,-6.0,0.1692425840497844,10,338,5.0,"[338, 207, 160]","[42, 43, 44, 45]",95,0.6124260355029586,0.7729468599033816,,1,0.004307355413840528,3,sgd,0.007444899771978196,mse,120,recon,0.7912736462043765,0.023250290390412643,0.6079408244518206,0.0350328696021041,0.786769561437676,0.737305006576459,0.8069602043739,False,0.6000160412915074,0.607777706626888,0.6000160412915074,0.0001,COMPLETE
1,0.746491055686332,elu,128,0.7547284009180051,13,4.0,0.3465236631533464,368,5.0,58,,,,5,0.0025590868054805567,1,0.012206427790432172,huber,recon+kl,0.6358480938141586,True,1e-08,0.6580020830158004,0.6646431441825151,0.5906373520296702,0.6012884220684893,0.8295884867746373,0.8259940161513696,elu,fedprox,128,0.7547284009180051,13,4.0,4.0,-4.0,0.3465236631533464,2,368,5.0,[368],"[42, 43, 44, 45]",58,,,,5,0.0025590868054805567,1,sgd,0.012206427790432172,huber,120,recon+kl,0.746491055686332,0.007713302024394376,0.6017949605412454,0.009179506008292978,0.7437952848952188,0.6580020830158004,0.6358480938141586,True,0.5906373520296702,0.6012884220684893,0.5906373520296702,1e-08,COMPLETE
2,0.6831236249061514,relu,512,0.14801245329920112,5,5.0,0.3700529958455945,728,,55,0.777191624858886,,,4,0.0012692690224631797,2,0.09226484528890701,huber,recon+kl,0.487471746489052,False,1e-08,0.5158766165952571,0.5237406704130845,0.52221780969101,0.5269236436876341,0.8492359641051406,0.843419883392512,relu,fedprox,512,0.14801245329920112,5,5.0,5.0,-5.0,0.3700529958455945,2,728,,"[728, 565]","[42, 43, 44, 45]",55,0.7760989010989011,,,4,0.0012692690224631797,2,sgd,0.09226484528890701,huber,120,recon+kl,0.6831236249061514,0.0006090739934373223,0.5269287006930214,0.0004688141673730933,0.6825562903501988,0.5158766165952571,0.487471746489052,False,0.52221780969101,0.5269236436876341,0.52221780969101,1e-08,COMPLETE
3,0.6667042487430401,leakyrelu,256,0.9557843531465328,11,4.0,0.10301682566163324,263,2.0,127,0.6462447063962125,0.7600050765362417,0.9509556863303352,7,0.001043682058992719,4,0.01973732469708263,huber,recon,0.88120502814454,False,1e-06,0.48856499592617053,0.4942299568531597,0.5242642551101627,0.5286166379475802,0.8455755954094621,0.8390071757730396,leakyrelu,fedprox,256,0.9557843531465328,11,4.0,4.0,-4.0,0.10301682566163324,2,263,2.0,"[263, 169, 128, 121]","[42, 43, 44, 45]",127,0.6425855513307985,0.757396449704142,0.9453125,7,0.001043682058992719,4,sgd,0.01973732469708263,huber,120,recon,0.6667042487430401,0.0014057062510067979,0.5286640032712945,0.0018839045695707812,0.6670702956678163,0.48856499592617053,0.88120502814454,False,0.5242642551101627,0.5286166379475802,0.5242642551101627,1e-06,COMPLETE
4,0.6720604480318605,elu,64,0.10224967616933398,8,3.0,0.37103063183015583,145,2.0,48,0.7913355439307024,0.9074218514467048,,4,0.0006989652193636288,3,0.009122095488746505,mse,recon,0.7710621308698205,True,1e-08,0.5135008589852872,0.5172783614502833,0.5371087759506701,0.5408916364892811,0.8346829657478441,0.8271431030208434,elu,fedprox,64,0.10224967616933398,8,3.0,3.0,-3.0,0.37103063183015583,2,145,2.0,"[145, 114, 103]","[42, 43, 44, 45]",48,0.7862068965517242,0.9035087719298246,,4,0.0006989652193636288,3,sgd,0.009122095488746505,mse,120,recon,0.6720604480318605,0.04408955843510159,0.5418361204489304,0.033265598799969445,0.6740919123665656,0.5135008589852872,0.7710621308698205,True,0.5371087759506701,0.5408916364892811,0.5371087759506701,1e-08,COMPLETE
5,0.6991614250217804,relu,512,0.25591321494179153,0,6.0,0.01963885224911053,803,1.0,88,0.7868870568294122,0.5513176296053979,0.8499170373864573,8,0.014196929441766948,4,0.00019548546690656887,huber,recon,0.08673152509304173,True,1e-05,,,,,,,relu,fedprox,512,0.25591321494179153,0,6.0,6.0,-6.0,0.01963885224911053,2,803,1.0,"[803, 631, 347, 294]","[42, 43, 44, 45]",88,0.7858032378580324,0.5499207606973059,0.8472622478386167,8,0.014196929441766948,4,sgd,0.00019548546690656887,huber,120,recon,,,,,,,0.08673152509304173,True,,,,1e-05,PRUNED
6,0.6607302568629443,elu,512,0.24609500748773422,10,4.0,0.3195385324852248,989,2.0,104,0.6709153067825082,,,5,0.0014447610932163098,2,0.00013730479264158517,huber,recon+kl,0.20331131916292894,True,1e-10,0.47685029006042057,0.48272963567451516,0.5253143999051635,0.5302038320105148,0.84571890388585,0.8390501603188314,elu,fedprox,512,0.24609500748773422,10,4.0,4.0,-4.0,0.3195385324852248,2,989,2.0,"[989, 663]","[42, 43, 44, 45]",104,0.6703741152679474,,,5,0.0014447610932163098,2,sgd,0.00013730479264158517,huber,120,recon+kl,0.6607302568629443,0.001402621832769112,0.5297476283820782,0.0007496680216002062,0.6612845969731354,0.47685029006042057,0.20331131916292894,True,0.5253143999051635,0.5302038320105148,0.5253143999051635,1e-10,COMPLETE
7,0.792150139902642,elu,64,0.1964873496686956,9,5.0,0.1719253351546328,997,,123,0.9358414665711536,0.8550808256603493,,8,0.011837733033502289,3,0.0016608739766509342,huber,recon,0.34539750208823267,True,0.0,0.7895760488934802,0.7908247928744676,0.5570308839551332,0.5594196956952888,0.7929777153061206,0.7945327538710788,elu,fedprox,64,0.1964873496686956,9,5.0,5.0,-5.0,0.1719253351546328,2,997,,"[997, 933, 797]","[42, 43, 44, 45]",123,0.9358074222668004,0.8542336548767417,,8,0.011837733033502289,3,sgd,0.0016608739766509342,huber,120,recon,0.792150139902642,0.009083750943218252,0.5590392148422872,0.02516272516225182,0.7912768820998004,0.7895760488934802,0.34539750208823267,True,0.5570308839551332,0.5594196956952888,0.5570308839551332,0.0,COMPLETE
8,0.8246315868671217,relu,64,1.174470001684114,11,5.0,0.2723611995979826,887,,119,0.5133055577799798,,,3,0.0007129456764093419,2,0.016798916307408533,mse,recon,0.31952255254695466,True,0.0001,0.8362178021643043,0.8444578631494372,0.6527911659055285,0.6581920370746706,0.8080005964914261,0.8044881452033246,relu,fedprox,64,1.174470001684114,11,5.0,5.0,-5.0,0.2723611995979826,3,887,,"[887, 455]","[42, 43, 44, 45]",119,0.5129650507328072,,,3,0.0007129456764093419,2,sgd,0.016798916307408533,mse,120,recon,0.8246315868671217,0.0028024285063555044,0.6586004049602872,0.004079810835929043,0.8221091993278652,0.8080005964914261,0.31952255254695466,True,0.6527911659055285,0.6581920370746706,0.6527911659055285,0.0001,COMPLETE
9,0.7042777914199319,elu,64,0.12993318822468677,5,4.0,0.2322852853577816,385,1.0,118,0.7714943912725968,0.8469923514291213,,2,0.0021657811888391334,3,0.013223462282085669,mse,recon,0.7685156790761958,False,0.0001,,,,,,,elu,fedprox,64,0.12993318822468677,5,4.0,4.0,-4.0,0.2322852853577816,5,385,1.0,"[385, 297, 251]","[42, 43, 44, 45]",118,0.7714285714285715,0.8451178451178452,,2,0.0021657811888391334,3,sgd,0.013223462282085669,mse,120,recon,,,,,,,0.7685156790761958,False,,,,0.0001,PRUNED
10,0.7380761105183831,gelu,256,1.9701282645319595,15,8.0,0.26147643039155727,616,,20,,,,2,0.0005452199691081996,1,0.08886989827316882,mse,recon+kl,0.3788709080804595,True,0.0001,,,,,,,gelu,fedprox,256,1.9701282645319595,15,8.0,8.0,-8.0,0.26147643039155727,5,616,,[616],"[42, 43, 44, 45]",20,,,,2,0.0005452199691081996,1,sgd,0.08886989827316882,mse,120,recon+kl,,,,,,,0.3788709080804595,True,,,,0.0001,PRUNED
11,0.8235859995512202,leakyrelu,64,0.42464975475114697,9,5.0,0.17553568026315455,1021,,84,0.9201828284217477,,,7,0.0003090973814826691,2,0.0010679253243383265,mse,recon,0.29283662015351425,True,0.0,0.8211643343287401,0.8279634404383553,0.6422158527475299,0.648167038415365,0.8225128565541612,0.8191635013341086,leakyrelu,fedprox,64,0.42464975475114697,9,5.0,5.0,-5.0,0.17553568026315455,2,1021,,"[1021, 939]","[42, 43, 44, 45]",84,0.9196865817825661,,,7,0.0003090973814826691,2,sgd,0.0010679253243383265,mse,120,recon,0.8235859995512202,0.0051920944858175255,0.6479236112287159,0.0029638833449877723,0.8218385954414507,0.8211643343287401,0.29283662015351425,True,0.6422158527475299,0.648167038415365,0.6422158527475299,0.0,COMPLETE
12,0.8250079589032461,leakyrelu,64,0.446225228170337,12,5.0,0.28250103388581926,837,,79,0.5024707401359401,,,6,0.00033548600976469645,2,0.0012657157150171457,mse,recon,0.24601819843087946,True,0.0,0.8192791391706699,0.8277693043536347,0.6524334498091039,0.6589022376190394,0.8262922883255149,0.8227152096846122,leakyrelu,fedprox,64,0.446225228170337,12,5.0,5.0,-5.0,0.28250103388581926,2,837,,"[837, 420]","[42, 43, 44, 45]",79,0.5017921146953405,,,6,0.00033548600976469645,2,sgd,0.0012657157150171457,mse,120,recon,0.8250079589032461,0.0015315030712382254,0.6599292066287697,0.0059556957353246376,0.8227857137480924,0.8192791391706699,0.24601819843087946,True,0.6524334498091039,0.6589022376190394,0.6524334498091039,0.0,COMPLETE
13,0.800961971789907,leakyrelu,64,0.4596314730042616,13,5.0,0.288593692278522,818,,74,,,,3,0.00032123916887928064,1,0.0004937773450789187,mse,recon,0.012344411396249255,True,0.0,0.7654100361093705,0.7708854175487025,0.6326015964142774,0.6403393673992033,0.8333833012507502,0.8297474313940776,leakyrelu,fedprox,64,0.4596314730042616,13,5.0,5.0,-5.0,0.288593692278522,3,818,,[818],"[42, 43, 44, 45]",74,,,,3,0.00032123916887928064,1,sgd,0.0004937773450789187,mse,120,recon,0.800961971789907,0.013422779358405242,0.6403052473134365,0.006608921378915656,0.7993966686800604,0.7654100361093705,0.012344411396249255,True,0.6326015964142774,0.6403393673992033,0.6326015964142774,0.0,COMPLETE
14,0.7235306341625882,gelu,128,1.9724566769310143,12,5.0,0.22911807745175589,585,,29,0.5235947595970014,,,6,0.0006170738369210166,2,0.0036271694149186923,mse,recon,0.4990887517741339,True,1e-06,,,,,,,gelu,fedprox,128,1.9724566769310143,12,5.0,5.0,-5.0,0.22911807745175589,2,585,,"[585, 306]","[42, 43, 44, 45]",29,0.5230769230769231,,,6,0.0006170738369210166,2,sgd,0.0036271694149186923,mse,120,recon,,,,,,,0.4990887517741339,True,,,,1e-06,PRUNED
15,0.8190672565251834,leakyrelu,64,0.4891846731200677,15,8.0,0.3014282911334165,872,,108,0.5119666996282202,,,3,0.0004621553733601977,2,0.030230451578654588,mse,recon,0.20658292188042665,True,1e-10,0.8053007765678598,0.8120833703788379,0.6557399128031145,0.6620791836487964,0.8296983954945141,0.8264954682175444,leakyrelu,fedprox,64,0.4891846731200677,15,8.0,8.0,-8.0,0.3014282911334165,3,872,,"[872, 446]","[42, 43, 44, 45]",108,0.5114678899082569,,,3,0.0004621553733601977,2,sgd,0.030230451578654588,mse,120,recon,0.8190672565251834,0.005056476445342594,0.6618777854691302,0.004877044633452608,0.8174995860311869,0.8053007765678598,0.20658292188042665,True,0.6557399128031145,0.6620791836487964,0.6557399128031145,1e-10,COMPLETE
16,0.7218598819059876,relu,64,1.2683711258457415,7,3.0,0.39507982706960715,669,,69,,,,6,0.005983272513406209,1,0.002308760856579485,mse,recon,0.17141402759996077,True,1e-05,,,,,,,relu,fedprox,64,1.2683711258457415,7,3.0,3.0,-3.0,0.39507982706960715,2,669,,[669],"[42, 43, 44, 45]",69,,,,6,0.005983272513406209,1,sgd,0.002308760856579485,mse,120,recon,,,,,,,0.17141402759996077,True,,,,1e-05,PRUNED
17,0.8072221989952789,relu,64,0.6167086067351742,13,5.0,0.11990586073868414,895,5.0,108,0.5661931902517329,,,3,0.0008872062792581521,2,0.000554409209622348,mse,recon,0.616406581527858,True,0.0,0.7864481569920273,0.7877820926970257,0.6377659138079297,0.6439656959803628,0.829613654196797,0.8266734777472947,relu,fedprox,64,0.6167086067351742,13,5.0,5.0,-5.0,0.11990586073868414,3,895,5.0,"[895, 506]","[42, 43, 44, 45]",108,0.5653631284916201,,,3,0.0008872062792581521,2,sgd,0.000554409209622348,mse,120,recon,0.8072221989952789,0.009304188471985771,0.644171813051684,0.006251561538152099,0.8080309055944122,0.7864481569920273,0.616406581527858,True,0.6377659138079297,0.6439656959803628,0.6377659138079297,0.0,COMPLETE
18,0.686136872437392,leakyrelu,128,1.3141940580637206,1,5.0,0.2457193113359148,522,1.0,42,0.5874593121355377,0.5013791588269251,,6,0.000410349610399212,3,0.004141227861929728,mse,recon+kl,0.3016157724737285,False,0.0001,,,,,,,leakyrelu,fedprox,128,1.3141940580637206,1,5.0,5.0,-5.0,0.2457193113359148,2,522,1.0,"[522, 306, 153]","[42, 43, 44, 45]",42,0.5862068965517241,0.5,,6,0.000410349610399212,3,sgd,0.004141227861929728,mse,120,recon+kl,,,,,,,0.3016157724737285,False,,,,0.0001,PRUNED
19,0.714367369802104,gelu,256,0.34603176472387426,11,5.0,0.2779527959230452,488,,84,,,,1,0.0016357168196017733,1,0.030226075378425102,mse,recon,0.4160396013956559,True,0.0,,,,,,,gelu,fedprox,256,0.34603176472387426,11,5.0,5.0,-5.0,0.2779527959230452,10,488,,[488],"[42, 43, 44, 45]",84,,,,1,0.0016357168196017733,1,sgd,0.030226075378425102,mse,120,recon,,,,,,,0.4160396013956559,True,,,,0.0,PRUNED
20,0.6468852786574615,relu,64,1.2137012735125614,7,3.0,0.32830422971670276,738,,100,0.6950868392291879,,,4,0.0007882800471785134,2,0.0008040235153548488,mse,recon,0.11440442926581612,True,0.0001,0.46424726357206164,0.4688298683438048,0.5185546655226074,0.5215130301388113,0.833246286981998,0.8252194122912986,relu,fedprox,64,1.2137012735125614,7,3.0,3.0,-3.0,0.32830422971670276,2,738,,"[738, 512]","[42, 43, 44, 45]",100,0.6937669376693767,,,4,0.0007882800471785134,2,sgd,0.0008040235153548488,mse,120,recon,0.6468852786574615,0.0019252166448267593,0.5216301791967499,0.0009500207010641145,0.6487467752770298,0.46424726357206164,0.11440442926581612,True,0.5185546655226074,0.5215130301388113,0.5185546655226074,0.0001,COMPLETE
21,0.8211315584655682,leakyrelu,64,0.3371028971545293,9,5.0,0.19704255151600225,1023,,80,0.9716079126824564,,,7,0.0003280186060865344,2,0.0012133300801848274,mse,recon,0.267160419583162,True,0.0,0.8117636953114269,0.8175571964950014,0.6418432996325085,0.6468267555805819,0.8278370223599609,0.8247323227084473,leakyrelu,fedprox,64,0.3371028971545293,9,5.0,5.0,-5.0,0.19704255151600225,2,1023,,"[1023, 993]","[42, 43, 44, 45]",80,0.9706744868035191,,,7,0.0003280186060865344,2,sgd,0.0012133300801848274,mse,120,recon,0.8211315584655682,0.00673712618852939,0.6474801971197179,0.004649448568820813,0.8198003588356939,0.8117636953114269,0.267160419583162,True,0.6418432996325085,0.6468267555805819,0.6418432996325085,0.0,COMPLETE
22,0.824967863024776,leakyrelu,64,0.6166794276688322,10,5.0,0.11120556161897391,923,,65,0.8838982135517306,,,7,0.0003231921442941871,2,0.0003035980087207961,mse,recon,0.2730991834249742,True,0.0,0.8194259851987333,0.8254977680965525,0.6391410617547386,0.6458596768032575,0.8278222982419499,0.8241925167845536,leakyrelu,fedprox,64,0.6166794276688322,10,5.0,5.0,-5.0,0.11120556161897391,2,923,,"[923, 815]","[42, 43, 44, 45]",65,0.8829902491874323,,,7,0.0003231921442941871,2,sgd,0.0003035980087207961,mse,120,recon,0.824967863024776,0.0006501238108779833,0.6454816803511585,0.0016699710348897832,0.8236241417203416,0.8194259851987333,0.2730991834249742,True,0.6391410617547386,0.6458596768032575,0.6391410617547386,0.0,COMPLETE
23,0.8125691663091482,leakyrelu,64,0.6847350433376032,12,5.0,0.03513891780678538,908,,61,0.8617505945673163,,,6,0.0004926883990043938,2,0.0002746986010174972,mse,recon,0.42823776122426915,True,0.0,0.8010292111447932,0.8037827517541929,0.6355269258487772,0.641591476052845,0.8262630282571348,0.8228685516125025,leakyrelu,fedprox,64,0.6847350433376032,12,5.0,5.0,-5.0,0.03513891780678538,2,908,,"[908, 782]","[42, 43, 44, 45]",61,0.8612334801762115,,,6,0.0004926883990043938,2,sgd,0.0002746986010174972,mse,120,recon,0.8125691663091482,0.0019952664133370186,0.6420320235454171,0.005451100451645725,0.813646119700964,0.8010292111447932,0.42823776122426915,True,0.6355269258487772,0.641591476052845,0.6355269258487772,0.0,COMPLETE
24,0.6964755377360798,leakyrelu,64,0.571702756289417,11,5.0,0.05859991993846305,770,,40,0.5016149757744301,0.635838619439086,,5,0.0004477610908779956,3,0.00035107618883514064,mse,recon,0.2572093837522653,True,0.0,,,,,,,leakyrelu,fedprox,64,0.571702756289417,11,5.0,5.0,-5.0,0.05859991993846305,2,770,,"[770, 386, 245]","[42, 43, 44, 45]",40,0.5012987012987012,0.6347150259067358,,5,0.0004477610908779956,3,sgd,0.00035107618883514064,mse,120,recon,,,,,,,0.2572093837522653,True,,,,0.0,PRUNED
25,0.8113666795208687,leakyrelu,64,0.9454591495780009,14,6.0,0.12652328158439485,935,,10,0.8688747720032012,,,7,0.0006663641354272495,2,0.00013511658251330518,mse,recon,0.575188669619149,True,1e-10,0.8226844842607176,0.824770338452434,0.635497421162462,0.6429080027227858,0.8020042676421277,0.7984995629806507,leakyrelu,fedprox,64,0.9454591495780009,14,6.0,6.0,-6.0,0.12652328158439485,2,935,,"[935, 812]","[42, 43, 44, 45]",10,0.8684491978609625,,,7,0.0006663641354272495,2,sgd,0.00013511658251330518,mse,120,recon,0.8113666795208687,0.005466234516113891,0.6422484751364685,0.003204481869111764,0.8123443759514226,0.8020042676421277,0.575188669619149,True,0.635497421162462,0.6429080027227858,0.635497421162462,1e-10,COMPLETE
26,0.748752036914728,leakyrelu,64,0.34681284910388,10,8.0,0.08184981085016504,836,1.0,67,,,,8,0.0004057743595908852,1,0.004887464116104924,mse,recon+kl,0.11610297210154338,False,1e-06,,,,,,,leakyrelu,fedprox,64,0.34681284910388,10,8.0,8.0,-8.0,0.08184981085016504,2,836,1.0,[836],"[42, 43, 44, 45]",67,,,,8,0.0004057743595908852,1,sgd,0.004887464116104924,mse,120,recon+kl,,,,,,,0.11610297210154338,False,,,,1e-06,PRUNED
27,0.686878105942146,relu,256,1.593488778566729,12,5.0,0.2075921702408839,698,5.0,115,0.7275671645880979,,,2,0.0008998728251758498,2,0.0017326689384375275,mse,recon,0.01465235995436659,True,1e-05,,,,,,,relu,fedprox,256,1.593488778566729,12,5.0,5.0,-5.0,0.2075921702408839,5,698,5.0,"[698, 507]","[42, 43, 44, 45]",115,0.7263610315186246,,,2,0.0008998728251758498,2,sgd,0.0017326689384375275,mse,120,recon,,,,,,,0.01465235995436659,True,,,,1e-05,PRUNED
28,0.7446094968679496,gelu,128,0.5538843600818916,6,5.0,0.14381470741950714,940,2.0,96,0.5517154361893248,0.9967538884211429,,6,0.0031842388574266555,3,0.0006501855406696133,mse,recon,0.3817888354170499,True,0.0001,,,,,,,gelu,fedprox,128,0.5538843600818916,6,5.0,5.0,-5.0,0.14381470741950714,2,940,2.0,"[940, 518, 516]","[42, 43, 44, 45]",96,0.551063829787234,0.9961389961389961,,6,0.0031842388574266555,3,sgd,0.0006501855406696133,mse,120,recon,,,,,,,0.3817888354170499,True,,,,0.0001,PRUNED
29,0.7443776684523775,relu,512,0.7577910574518529,2,6.0,0.19544110256681874,626,5.0,91,0.8462307456310009,0.6573920844853308,,5,0.008645690940904024,3,0.0059022436296755215,mse,recon,0.3203693454428197,False,0.0001,,,,,,,relu,fedprox,512,0.7577910574518529,2,6.0,6.0,-6.0,0.19544110256681874,2,626,5.0,"[626, 529, 347]","[42, 43, 44, 45]",91,0.8450479233226837,0.6559546313799622,,5,0.008645690940904024,3,sgd,0.0059022436296755215,mse,120,recon,,,,,,,0.3203693454428197,False,,,,0.0001,PRUNED
