number,values_0,params_activation,params_batch_size,params_beta,params_beta_warmup_rounds,params_clip_abs,params_dropout,params_first_layer,params_grad_clip,params_latent_dim,params_layer_1_dropoff,params_layer_2_dropoff,params_layer_3_dropoff,params_local_epochs,params_lr,params_n_layers,params_prox_mu,params_recon_type,params_score_type,params_sgd_momentum,params_sgd_nesterov,params_weight_decay,user_attrs_NF-BoT-IoT-v3__test_auroc,user_attrs_NF-BoT-IoT-v3__val_auroc,user_attrs_NF-CICIDS2018-v3__test_auroc,user_attrs_NF-CICIDS2018-v3__val_auroc,user_attrs_NF-ToN-IoT-v3__test_auroc,user_attrs_NF-ToN-IoT-v3__val_auroc,user_attrs_activation,user_attrs_aggregation_method,user_attrs_batch_size,user_attrs_beta,user_attrs_beta_warmup_rounds,user_attrs_clip_abs,user_attrs_clip_max,user_attrs_clip_min,user_attrs_dropout,user_attrs_early_stop_patience,user_attrs_first_layer,user_attrs_grad_clip,user_attrs_hidden_dims,user_attrs_hpo_seeds,user_attrs_latent_dim,user_attrs_layer_1_dropoff,user_attrs_layer_2_dropoff,user_attrs_layer_3_dropoff,user_attrs_local_epochs,user_attrs_lr,user_attrs_n_layers,user_attrs_optimizer,user_attrs_prox_mu,user_attrs_recon_type,user_attrs_rounds,user_attrs_score_type,user_attrs_seed_seen_obj_mean,user_attrs_seed_seen_obj_std,user_attrs_seed_unseen_val_obj_mean,user_attrs_seed_unseen_val_obj_std,user_attrs_seen_test_mean,user_attrs_seen_test_min,user_attrs_sgd_momentum,user_attrs_sgd_nesterov,user_attrs_unseen__test_auroc,user_attrs_unseen__val_auroc,user_attrs_unseen_test_auroc,user_attrs_weight_decay,state
63,0.86823913661159,leakyrelu,64,0.1005528984401202,15,8.0,0.31580938182607715,566,2.0,92,,,,5,0.0010553461570189898,1,0.00022476564688297327,mse,recon,0.6923475267609699,True,1e-06,0.9361787291533774,0.9355216377500042,0.60102879717598,0.6061263297572073,0.81247554291069,0.80164299164912,leakyrelu,fedprox,64,0.1005528984401202,15,8.0,8.0,-8.0,0.31580938182607715,2,566,2.0,[566],"[42, 43, 44, 45]",92,,,,5,0.0010553461570189898,1,sgd,0.00022476564688297327,mse,120,recon,0.86823913661159,0.004516198403466292,0.6056742863977375,0.00404245591965255,0.8743271360320337,0.81247554291069,0.6923475267609699,True,0.60102879717598,0.6061263297572073,0.60102879717598,1e-06,COMPLETE
64,0.8637858773951389,leakyrelu,64,0.15914520524451745,15,8.0,0.31934686204451024,571,2.0,93,,,,5,0.0010510455435810513,1,0.00021037533124039886,mse,recon,0.7286864492256581,True,1e-06,0.933773927867816,0.9323150259153885,0.5961589715509341,0.6012562718627279,0.8060250902734265,0.7951173966159931,leakyrelu,fedprox,64,0.15914520524451745,15,8.0,8.0,-8.0,0.31934686204451024,2,571,2.0,[571],"[42, 43, 44, 45]",93,,,,5,0.0010510455435810513,1,sgd,0.00021037533124039886,mse,120,recon,0.8637858773951389,0.006533700770296157,0.6007596562929846,0.007333674741724427,0.8698995090706212,0.8060250902734265,0.7286864492256581,True,0.5961589715509341,0.6012562718627279,0.5961589715509341,1e-06,COMPLETE
65,0.8583360941054604,gelu,64,0.15813120393004726,15,8.0,0.377006788618067,556,2.0,92,,,,5,0.001387183841280798,1,0.00019518079581752718,mse,recon,0.7092358004596296,True,1e-06,0.9231456078849768,0.9239876669046987,0.5976670599370392,0.6025955256557172,0.8056086376474529,0.793825243535971,gelu,fedprox,64,0.15813120393004726,15,8.0,8.0,-8.0,0.377006788618067,2,556,2.0,[556],"[42, 43, 44, 45]",92,,,,5,0.001387183841280798,1,sgd,0.00019518079581752718,mse,120,recon,0.8583360941054604,0.007377208252694163,0.6022875187462013,0.011706340027492358,0.8643771227662149,0.8056086376474529,0.7092358004596296,True,0.5976670599370392,0.6025955256557172,0.5976670599370392,1e-06,COMPLETE
66,0.8643005232471714,gelu,64,0.15435020074140204,15,8.0,0.3932219650925064,554,2.0,95,,,,5,0.0014804051737366826,1,0.00020935533010350583,mse,recon,0.6654180516331101,True,1e-06,0.9273503737950215,0.9280440908539236,0.5966191919705104,0.6009339465716796,0.8105861986561067,0.7998186328538821,gelu,fedprox,64,0.15435020074140204,15,8.0,8.0,-8.0,0.3932219650925064,2,554,2.0,[554],"[42, 43, 44, 45]",95,,,,5,0.0014804051737366826,1,sgd,0.00020935533010350583,mse,120,recon,0.8643005232471714,0.0050586526713507106,0.6017920645236253,0.009991984171534568,0.8689682862255641,0.8105861986561067,0.6654180516331101,True,0.5966191919705104,0.6009339465716796,0.5966191919705104,1e-06,COMPLETE
67,0.8684576536365278,gelu,256,0.1662504893141968,15,8.0,0.390534875380566,436,2.0,94,,,,5,0.0014609308266169006,1,0.00020664465796674098,mse,recon,0.6471058538942682,True,1e-06,0.9074276260205741,0.9038844240235511,0.5812832468703018,0.5838615257855528,0.837415583291466,0.8325276230098919,gelu,fedprox,256,0.1662504893141968,15,8.0,8.0,-8.0,0.390534875380566,2,436,2.0,[436],"[42, 43, 44, 45]",94,,,,5,0.0014609308266169006,1,sgd,0.00020664465796674098,mse,120,recon,0.8684576536365278,0.007793540596068779,0.5835130481323421,0.005387952705262022,0.87242160465602,0.837415583291466,0.6471058538942682,True,0.5812832468703018,0.5838615257855528,0.5812832468703018,1e-06,COMPLETE
68,0.8685097672530911,gelu,256,0.1595940653360668,15,8.0,0.3978113192930922,456,2.0,100,,,,5,0.0023128458805148563,1,0.00014916316627211243,mse,recon,0.6406597878914316,False,1e-06,0.9109948611416884,0.9074300757280676,0.5763150754269994,0.5785788515329077,0.8359801370236771,0.8289707106480305,gelu,fedprox,256,0.1595940653360668,15,8.0,8.0,-8.0,0.3978113192930922,2,456,2.0,[456],"[42, 43, 44, 45]",100,,,,5,0.0023128458805148563,1,sgd,0.00014916316627211243,mse,120,recon,0.8685097672530911,0.006174710968039009,0.5787109657986493,0.0048780558578922165,0.8734874990826828,0.8359801370236771,0.6406597878914316,False,0.5763150754269994,0.5785788515329077,0.5763150754269994,1e-06,COMPLETE
69,0.7465787594483677,gelu,256,0.15995346736392593,15,8.0,0.3932552238087005,424,2.0,101,,,,4,0.0025463145293210363,1,0.0001447676319588287,huber,recon,0.661911565396768,False,1e-06,,,,,,,gelu,fedprox,256,0.15995346736392593,15,8.0,8.0,-8.0,0.3932552238087005,2,424,2.0,[424],"[42, 43, 44, 45]",101,,,,4,0.0025463145293210363,1,sgd,0.0001447676319588287,huber,120,recon,,,,,,,0.661911565396768,False,,,,1e-06,PRUNED
70,0.7623265388349789,gelu,256,0.15833955402849548,15,8.0,0.35381402252780775,500,2.0,95,,,,5,0.0020137248007113732,1,0.00025657662515769146,mse,recon+kl,0.7636643742443895,False,1e-06,,,,,,,gelu,fedprox,256,0.15833955402849548,15,8.0,8.0,-8.0,0.35381402252780775,2,500,2.0,[500],"[42, 43, 44, 45]",95,,,,5,0.0020137248007113732,1,sgd,0.00025657662515769146,mse,120,recon+kl,,,,,,,0.7636643742443895,False,,,,1e-06,PRUNED
71,0.864359296234201,gelu,256,0.1975470965025161,14,8.0,0.3798078372017933,436,2.0,99,,,,5,0.0016050117211737936,1,0.00010477185775667933,mse,recon,0.6099423758303454,False,1e-06,0.8977982221921154,0.8942722916325614,0.5836262633105086,0.5866813502110301,0.8384254037607185,0.8328170924665204,gelu,fedprox,256,0.1975470965025161,14,8.0,8.0,-8.0,0.3798078372017933,2,436,2.0,[436],"[42, 43, 44, 45]",99,,,,5,0.0016050117211737936,1,sgd,0.00010477185775667933,mse,120,recon,0.864359296234201,0.007993537345886202,0.5868452765688007,0.01259753962513785,0.8681118129764169,0.8384254037607185,0.6099423758303454,False,0.5836262633105086,0.5866813502110301,0.5836262633105086,1e-06,COMPLETE
72,0.8669523639500905,gelu,256,0.2082816448172827,14,8.0,0.3749671278149706,442,2.0,99,,,,5,0.001738343722765418,1,0.00010124050742537574,mse,recon,0.6012897339835164,False,1e-06,,,,,,,gelu,fedprox,256,0.2082816448172827,14,8.0,8.0,-8.0,0.3749671278149706,2,442,2.0,[442],"[42, 43, 44, 45]",99,,,,5,0.001738343722765418,1,sgd,0.00010124050742537574,mse,120,recon,,,,,,,0.6012897339835164,False,,,,1e-06,PRUNED
73,0.8701520150520001,gelu,256,0.17445406284675524,15,8.0,0.38471779081807145,526,2.0,106,,,,4,0.002827326993939074,1,0.00014461883177546725,mse,recon,0.650203590915429,False,1e-06,0.9114522025963371,0.9086308939985812,0.5830017066805159,0.5852924231005887,0.8379202018662467,0.8311152778483406,gelu,fedprox,256,0.17445406284675524,15,8.0,8.0,-8.0,0.38471779081807145,2,526,2.0,[526],"[42, 43, 44, 45]",106,,,,4,0.002827326993939074,1,sgd,0.00014461883177546725,mse,120,recon,0.8701520150520001,0.002772054579578811,0.5850258130723824,0.011557868379309428,0.8746862022312919,0.8379202018662467,0.650203590915429,False,0.5830017066805159,0.5852924231005887,0.5830017066805159,1e-06,COMPLETE
74,0.8688327761219026,gelu,256,0.17136704849210174,15,8.0,0.3878245093225688,361,2.0,110,,,,4,0.0029170991474443972,1,0.00015174844169855203,mse,recon,0.5609951867657962,False,1e-06,0.901893785010942,0.899078857648356,0.5861604110333979,0.588576198369151,0.8426274130148032,0.8380605161250261,gelu,fedprox,256,0.17136704849210174,15,8.0,8.0,-8.0,0.3878245093225688,2,361,2.0,[361],"[42, 43, 44, 45]",110,,,,4,0.0029170991474443972,1,sgd,0.00015174844169855203,mse,120,recon,0.8688327761219026,0.006793787639751075,0.5888690489631023,0.012431186641429314,0.8722605990128726,0.8426274130148032,0.5609951867657962,False,0.5861604110333979,0.588576198369151,0.5861604110333979,1e-06,COMPLETE
75,0.8620499720923867,gelu,256,0.18046567040317726,15,8.0,0.39777715314070006,355,2.0,106,,,,4,0.0030507148665471773,1,0.00013537044044104518,mse,recon,0.5451018480860964,False,1e-06,0.893376207330635,0.8902582348040516,0.5857258849053799,0.5880040805329285,0.8392155855494777,0.8337968137573126,gelu,fedprox,256,0.18046567040317726,15,8.0,8.0,-8.0,0.39777715314070006,2,355,2.0,[355],"[42, 43, 44, 45]",106,,,,4,0.0030507148665471773,1,sgd,0.00013537044044104518,mse,120,recon,0.8620499720923867,0.005062504601845172,0.5884166527893031,0.014447790455441326,0.8662958964400564,0.8392155855494777,0.5451018480860964,False,0.5857258849053799,0.5880040805329285,0.5857258849053799,1e-06,COMPLETE
76,0.8671388851255362,gelu,256,0.19792186788780916,14,8.0,0.38358143880796947,393,2.0,115,,,,4,0.0022889359133966268,1,0.00016478979796585389,mse,recon,0.6471782112442462,False,1e-06,0.9013737460978735,0.8993744278527627,0.5793025660421384,0.5821953013128456,0.8417105003189442,0.8356145719844724,gelu,fedprox,256,0.19792186788780916,14,8.0,8.0,-8.0,0.38358143880796947,2,393,2.0,[393],"[42, 43, 44, 45]",115,,,,4,0.0022889359133966268,1,sgd,0.00016478979796585389,mse,120,recon,0.8671388851255362,0.005054911445627856,0.5819233108661168,0.008606498468158572,0.8715421232084088,0.8417105003189442,0.6471782112442462,False,0.5793025660421384,0.5821953013128456,0.5793025660421384,1e-06,COMPLETE
77,0.8698628469576115,gelu,256,0.23584587949531777,14,8.0,0.36193222828499794,400,2.0,112,,,,4,0.0022460334726427805,1,0.0001454610063985514,mse,recon,0.6278960659905559,False,1e-06,,,,,,,gelu,fedprox,256,0.23584587949531777,14,8.0,8.0,-8.0,0.36193222828499794,2,400,2.0,[400],"[42, 43, 44, 45]",112,,,,4,0.0022460334726427805,1,sgd,0.0001454610063985514,mse,120,recon,,,,,,,0.6278960659905559,False,,,,1e-06,PRUNED
78,0.8733631987723003,gelu,256,0.19644733101689643,14,8.0,0.33965619076508813,304,2.0,117,,,,3,0.004456121871806656,1,0.00017234038402408293,mse,recon,0.577039785573125,False,1e-10,0.9158967128994565,0.9134136891489366,0.5799554419022995,0.5832018364926681,0.8378867080259145,0.8305527595019955,gelu,fedprox,256,0.19644733101689643,14,8.0,8.0,-8.0,0.33965619076508813,3,304,2.0,[304],"[42, 43, 44, 45]",117,,,,3,0.004456121871806656,1,sgd,0.00017234038402408293,mse,120,recon,0.8733631987723003,0.006966199748660561,0.5822321557096648,0.005837329488373833,0.8768917104626854,0.8378867080259145,0.577039785573125,False,0.5799554419022995,0.5832018364926681,0.5799554419022995,1e-10,COMPLETE
79,0.7335858425488435,gelu,256,0.174737659163079,14,8.0,0.3440865470358637,321,2.0,120,0.8066510975407573,0.7100744855019105,0.6210612077988861,3,0.004419647608756169,4,0.00016987129450735236,mse,recon,0.5756295509911626,False,1e-10,,,,,,,gelu,fedprox,256,0.174737659163079,14,8.0,8.0,-8.0,0.3440865470358637,3,321,2.0,"[321, 258, 183, 113]","[42, 43, 44, 45]",120,0.8037383177570093,0.7093023255813954,0.6174863387978142,3,0.004419647608756169,4,sgd,0.00016987129450735236,mse,120,recon,,,,,,,0.5756295509911626,False,,,,1e-10,PRUNED
