number,values_0,params_activation,params_batch_size,params_beta,params_beta_warmup_rounds,params_clip_abs,params_dropout,params_first_layer,params_grad_clip,params_latent_dim,params_layer_1_dropoff,params_layer_2_dropoff,params_layer_3_dropoff,params_local_epochs,params_lr,params_n_layers,params_recon_type,params_score_type,params_sgd_momentum,params_sgd_nesterov,params_weight_decay,user_attrs_NF-BoT-IoT-v3__test_auroc,user_attrs_NF-BoT-IoT-v3__val_auroc,user_attrs_NF-CICIDS2018-v3__test_auroc,user_attrs_NF-CICIDS2018-v3__val_auroc,user_attrs_NF-ToN-IoT-v3__test_auroc,user_attrs_NF-ToN-IoT-v3__val_auroc,user_attrs_activation,user_attrs_aggregation_method,user_attrs_batch_size,user_attrs_beta,user_attrs_beta_warmup_rounds,user_attrs_clip_abs,user_attrs_clip_max,user_attrs_clip_min,user_attrs_dropout,user_attrs_early_stop_patience,user_attrs_first_layer,user_attrs_grad_clip,user_attrs_hidden_dims,user_attrs_hpo_seeds,user_attrs_latent_dim,user_attrs_layer_1_dropoff,user_attrs_layer_2_dropoff,user_attrs_layer_3_dropoff,user_attrs_local_epochs,user_attrs_lr,user_attrs_n_layers,user_attrs_optimizer,user_attrs_recon_type,user_attrs_rounds,user_attrs_score_type,user_attrs_seed_seen_obj_mean,user_attrs_seed_seen_obj_std,user_attrs_seed_unseen_val_obj_mean,user_attrs_seed_unseen_val_obj_std,user_attrs_seen_test_mean,user_attrs_seen_test_min,user_attrs_sgd_momentum,user_attrs_sgd_nesterov,user_attrs_unseen__test_auroc,user_attrs_unseen__val_auroc,user_attrs_unseen_test_auroc,user_attrs_weight_decay,state
0,0.7912786664582709,relu,512,0.870804191700653,5,6.0,0.1692425840497844,338,5.0,95,0.6134257267821015,0.7756573845414456,,1,0.004307355413840528,3,mse,recon,0.8069602043739,False,0.0001,0.7373151394039977,0.7507232252733604,0.600021046550793,0.6077818227940637,0.8362305505220711,0.8325407947448542,relu,fedavg,512,0.870804191700653,5,6.0,6.0,-6.0,0.1692425840497844,10,338,5.0,"[338, 207, 160]","[42, 43, 44, 45]",95,0.6124260355029586,0.7729468599033816,,1,0.004307355413840528,3,sgd,mse,120,recon,0.7912786664582709,0.02324806487154588,0.6079449406189963,0.03504540456682459,0.7867728449630345,0.7373151394039977,0.8069602043739,False,0.600021046550793,0.6077818227940637,0.600021046550793,0.0001,COMPLETE
1,0.7714593950104528,leakyrelu,64,1.2471330196850028,1,8.0,0.10018214615860269,175,2.0,112,0.6586427409101605,0.7074131059768158,,1,0.004987564371383458,3,mse,recon,0.5566397249341022,True,1e-10,0.7072455738266337,0.7088448406078944,0.5946996279925711,0.6019372476201497,0.8377643520164986,0.8327140853829493,leakyrelu,fedavg,64,1.2471330196850028,1,8.0,8.0,-8.0,0.10018214615860269,10,175,2.0,"[175, 115, 81]","[42, 43, 44, 45]",112,0.6571428571428571,0.7043478260869566,,1,0.004987564371383458,3,sgd,mse,120,recon,0.7714593950104528,0.016694495117281438,0.6026863900461199,0.0299374409334786,0.7725049629215661,0.7072455738266337,0.5566397249341022,True,0.5946996279925711,0.6019372476201497,0.5946996279925711,1e-10,COMPLETE
2,0.6831355985424534,relu,512,0.14801245329920112,5,5.0,0.3700529958455945,728,,55,0.777191624858886,,,4,0.0012692690224631797,2,huber,recon+kl,0.487471746489052,False,1e-08,0.5158999587912864,0.5237653821167354,0.5222109792055939,0.526917278329109,0.8492334520671156,0.8434163111474274,relu,fedavg,512,0.14801245329920112,5,5.0,5.0,-5.0,0.3700529958455945,2,728,,"[728, 565]","[42, 43, 44, 45]",55,0.7760989010989011,,,4,0.0012692690224631797,2,sgd,huber,120,recon+kl,0.6831355985424534,0.000615989343861545,0.5269237612924106,0.0004686283057770907,0.6825667054292011,0.5158999587912864,0.487471746489052,False,0.5222109792055939,0.526917278329109,0.5222109792055939,1e-08,COMPLETE
3,0.683909430621179,elu,512,0.39364680343716085,12,5.0,0.3934523539646893,934,5.0,117,0.6038179305981622,0.6462447063962125,0.7600050765362417,2,0.0004439567439268961,4,mse,recon+kl,0.2820177367066455,False,1e-05,0.5156149412634704,0.5233626004580001,0.5232736371488086,0.528035685052527,0.8503345997015661,0.8446522050425164,elu,fedavg,512,0.39364680343716085,12,5.0,5.0,-5.0,0.3934523539646893,5,934,5.0,"[934, 563, 363, 275]","[42, 43, 44, 45]",117,0.6027837259100642,0.6447602131438721,0.7575757575757576,2,0.0004439567439268961,4,sgd,mse,120,recon+kl,0.683909430621179,0.0011571152301212617,0.5280704372639672,0.0001836356783781993,0.6829747704825182,0.5156149412634704,0.2820177367066455,False,0.5232736371488086,0.528035685052527,0.5232736371488086,1e-05,COMPLETE
4,0.6930664178267203,elu,512,1.1375582460015305,7,6.0,0.23306843514456188,799,5.0,18,0.7828210006129415,,,5,0.0017824536581493996,2,huber,recon+kl,0.5341074597943604,True,0.0001,0.5333230123381523,0.5411752404076839,0.5225939003577067,0.5272912762188089,0.8506913279178685,0.8448482816060485,elu,fedavg,512,1.1375582460015305,7,6.0,6.0,-6.0,0.23306843514456188,2,799,5.0,"[799, 625]","[42, 43, 44, 45]",18,0.7822277847309136,,,5,0.0017824536581493996,2,sgd,huber,120,recon+kl,0.6930664178267203,0.0011063644221547143,0.5274288003042671,0.0008760994712234487,0.6920071701280104,0.5333230123381523,0.5341074597943604,True,0.5225939003577067,0.5272912762188089,0.5225939003577067,0.0001,COMPLETE
5,0.7614667156137747,relu,128,1.9353680216575784,3,5.0,0.2613459485412163,585,,16,,,,5,0.0011565851294673551,1,mse,recon,0.8032563467344402,True,1e-06,0.7338836296032861,0.7381293413803226,0.6261173488684539,0.6364821071388921,0.7907224226207613,0.7870374486537546,relu,fedavg,128,1.9353680216575784,3,5.0,5.0,-5.0,0.2613459485412163,2,585,,[585],"[42, 43, 44, 45]",16,,,,5,0.0011565851294673551,1,sgd,mse,120,recon,0.7614667156137747,0.002275015796363574,0.6363381588925205,0.011461861878922739,0.7623030261120237,0.7338836296032861,0.8032563467344402,True,0.6261173488684539,0.6364821071388921,0.6261173488684539,1e-06,COMPLETE
6,0.6992214328589628,elu,64,1.9586915934766993,3,6.0,0.15007421099311924,582,1.0,127,0.8131546808549281,0.5027727042034522,0.7424547217212796,3,0.0003335500512764793,4,mse,recon,0.253560524051578,False,0.0,,,,,,,elu,fedavg,64,1.9586915934766993,3,6.0,6.0,-6.0,0.15007421099311924,3,582,1.0,"[582, 473, 237, 175]","[42, 43, 44, 45]",127,0.8127147766323024,0.5010570824524313,0.7383966244725738,3,0.0003335500512764793,4,sgd,mse,120,recon,,,,,,,0.253560524051578,False,,,,0.0,PRUNED
7,0.7142872368475522,elu,128,0.1023450253648446,1,8.0,0.3108649846282409,89,1.0,23,0.9437967302338874,0.508059315211687,,5,0.0005048304188888196,3,huber,recon,0.5666625534246501,True,1e-10,0.5802399890110096,0.5858274072286481,0.5281600591599067,0.5317484237431812,0.8498239785789956,0.8442483502401961,elu,fedavg,128,0.1023450253648446,1,8.0,8.0,-8.0,0.3108649846282409,2,89,1.0,"[89, 83, 42]","[42, 43, 44, 45]",23,0.9325842696629213,0.5060240963855421,,5,0.0005048304188888196,3,sgd,huber,120,recon,0.7142872368475522,0.0027304188163130606,0.5316827414755354,0.0008134497086260249,0.7150319837950025,0.5802399890110096,0.5666625534246501,True,0.5281600591599067,0.5317484237431812,0.5281600591599067,1e-10,COMPLETE
8,0.6851747771624697,gelu,256,0.2843123798463446,10,5.0,0.07934627561068766,545,5.0,120,0.5017661054831242,0.7404445219374811,,8,0.0014147335594241423,3,mse,recon,0.23010881616765388,False,1e-10,,,,,,,gelu,fedavg,256,0.2843123798463446,10,5.0,5.0,-5.0,0.07934627561068766,2,545,5.0,"[545, 273, 202]","[42, 43, 44, 45]",120,0.5009174311926605,0.73992673992674,,8,0.0014147335594241423,3,sgd,mse,120,recon,,,,,,,0.23010881616765388,False,,,,1e-10,PRUNED
9,0.6478680135706503,leakyrelu,512,0.7175251725080278,12,3.0,0.08620217891026392,413,2.0,89,0.7822851712980718,0.5956678603602783,,6,0.007931301977854554,3,huber,recon+kl,0.2256043089888526,True,1e-08,0.46231502650341244,0.46715904258421914,0.5209864218229305,0.524792189419898,0.8366006856828887,0.8286698041268927,leakyrelu,fedavg,512,0.7175251725080278,12,3.0,3.0,-3.0,0.08620217891026392,2,413,2.0,"[413, 323, 192]","[42, 43, 44, 45]",89,0.7820823244552058,0.5944272445820433,,6,0.007931301977854554,3,sgd,huber,120,recon+kl,0.6478680135706503,0.0012391942293315914,0.5247368122707883,0.0006412831261380055,0.6494578560931505,0.46231502650341244,0.2256043089888526,True,0.5209864218229305,0.524792189419898,0.5209864218229305,1e-08,COMPLETE
10,0.8717927486894124,relu,256,0.6268538043409331,15,4.0,0.003224457361608174,319,5.0,74,,,,1,0.015934288792024562,1,mse,recon,0.9369746035816005,False,0.0001,0.9256785607433374,0.9274251663166748,0.5199505495435994,0.5167859796524921,0.8273638465982113,0.8190624641305432,relu,fedavg,256,0.6268538043409331,15,4.0,4.0,-4.0,0.003224457361608174,10,319,5.0,[319],"[42, 43, 44, 45]",74,,,,1,0.015934288792024562,1,sgd,mse,120,recon,0.8717927486894124,0.0044914611181704435,0.5196988882585273,0.013377173736544548,0.8765212036707744,0.8273638465982113,0.9369746035816005,False,0.5199505495435994,0.5167859796524921,0.5199505495435994,0.0001,COMPLETE
11,0.8515715996695776,relu,256,0.6356616837545555,15,4.0,0.0008662977657382942,314,5.0,70,,,,1,0.01944950736616424,1,mse,recon,0.9219181141926562,False,0.0001,,,,,,,relu,fedavg,256,0.6356616837545555,15,4.0,4.0,-4.0,0.0008662977657382942,10,314,5.0,[314],"[42, 43, 44, 45]",70,,,,1,0.01944950736616424,1,sgd,mse,120,recon,,,,,,,0.9219181141926562,False,,,,0.0001,PRUNED
12,0.748731081213625,relu,256,0.7260850908483795,8,4.0,0.023797201863291484,327,5.0,92,0.5000739262124223,,,2,0.014370330328777206,2,mse,recon,0.7477290010119052,False,0.0001,0.6897478835844431,0.682917338777964,0.6042681407719765,0.6113132590212271,0.8165284293082393,0.8140989398399822,relu,fedavg,256,0.7260850908483795,8,4.0,4.0,-4.0,0.023797201863291484,5,327,5.0,"[327, 163]","[42, 43, 44, 45]",92,0.4984709480122324,,,2,0.014370330328777206,2,sgd,mse,120,recon,0.748731081213625,0.005945468694682878,0.6127225758597851,0.0011072441590755297,0.7531381564463412,0.6897478835844431,0.7477290010119052,False,0.6042681407719765,0.6113132590212271,0.6042681407719765,0.0001,COMPLETE
13,0.8633382662656814,relu,256,0.3315608110875512,15,6.0,0.1651144299614338,253,5.0,54,,,,3,0.0039576496260195874,1,mse,recon,0.9245450855032012,False,0.0001,0.9115568238054648,0.9122560759331704,0.5732347334887598,0.5779334071185701,0.8203764105516888,0.8126052856761146,relu,fedavg,256,0.3315608110875512,15,6.0,6.0,-6.0,0.1651144299614338,3,253,5.0,[253],"[42, 43, 44, 45]",54,,,,3,0.0039576496260195874,1,sgd,mse,120,recon,0.8633382662656814,0.005438115745696668,0.5778158023421227,0.005793007439870414,0.8659666171785767,0.8203764105516888,0.9245450855032012,False,0.5732347334887598,0.5779334071185701,0.5732347334887598,0.0001,COMPLETE
14,0.7877504349612657,gelu,256,0.2578587727409881,15,4.0,0.19678894987779835,198,5.0,45,,,,3,0.008887298128727369,1,mse,recon,0.0012889620887366893,False,0.0001,0.7643885962882051,0.7703778059323614,0.617294036402912,0.6219783804787361,0.806932782754812,0.8056089334234657,gelu,fedavg,256,0.2578587727409881,15,4.0,4.0,-4.0,0.19678894987779835,3,198,5.0,[198],"[42, 43, 44, 45]",45,,,,3,0.008887298128727369,1,sgd,mse,120,recon,0.7877504349612657,0.018296267561503175,0.6210802916033953,0.020728256798855864,0.7856606895215086,0.7643885962882051,0.0012889620887366893,False,0.617294036402912,0.6219783804787361,0.617294036402912,0.0001,COMPLETE
15,0.794154051790321,relu,256,0.45238494459994505,13,3.0,0.12808872201151433,427,5.0,70,,,,3,0.0035798847913589686,1,mse,recon,0.9344500600741262,False,1e-05,0.8343560997363771,0.8390330929256494,0.5162367788710318,0.5225036004702309,0.7434547767296841,0.7463484304936956,relu,fedavg,256,0.45238494459994505,13,3.0,3.0,-3.0,0.12808872201151433,3,427,5.0,[427],"[42, 43, 44, 45]",70,,,,3,0.0035798847913589686,1,sgd,mse,120,recon,0.794154051790321,0.006464281385972088,0.5191334003915768,0.0173085964333898,0.7889054382330306,0.7434547767296841,0.9344500600741262,False,0.5162367788710318,0.5225036004702309,0.5162367788710318,1e-05,COMPLETE
16,0.772575633395805,relu,256,0.2296281762145513,10,4.0,0.047000119193234144,74,1.0,45,,,,2,0.008412581433924031,1,mse,recon,0.6904521905433019,False,1e-06,0.7374201087232637,0.7358412081491643,0.6203542161782775,0.6244823772770638,0.8094193899228701,0.8084591292824602,relu,fedavg,256,0.2296281762145513,10,4.0,4.0,-4.0,0.047000119193234144,5,74,1.0,[74],"[42, 43, 44, 45]",45,,,,2,0.008412581433924031,1,sgd,mse,120,recon,0.772575633395805,0.016065704616650474,0.6257905393072796,0.004843815430717177,0.7734197493230669,0.7374201087232637,0.6904521905433019,False,0.6203542161782775,0.6244823772770638,0.6203542161782775,1e-06,COMPLETE
17,0.7773124671294649,relu,256,0.46797683325629563,14,6.0,0.29773940140550614,246,,57,0.9336514100354825,,,7,0.002648751455111781,2,mse,recon,0.644564288070808,False,0.0,0.7214970805790295,0.7218326858014343,0.6376919262909712,0.6459310041001729,0.8363211532418463,0.8322492084022497,relu,fedavg,256,0.46797683325629563,14,6.0,6.0,-6.0,0.29773940140550614,2,246,,"[246, 229]","[42, 43, 44, 45]",57,0.9308943089430894,,,7,0.002648751455111781,2,sgd,mse,120,recon,0.7773124671294649,0.00611699016238492,0.6463212314490226,0.005083358476681909,0.7789091169104378,0.7214970805790295,0.644564288070808,False,0.6376919262909712,0.6459310041001729,0.6376919262909712,0.0,COMPLETE
18,0.710549007321603,gelu,256,0.18825664111464077,10,6.0,0.05317533899117784,446,2.0,78,,,,4,0.0007900308601829021,1,huber,recon+kl,0.861227686041002,False,0.0001,,,,,,,gelu,fedavg,256,0.18825664111464077,10,6.0,6.0,-6.0,0.05317533899117784,2,446,2.0,[446],"[42, 43, 44, 45]",78,,,,4,0.0007900308601829021,1,sgd,huber,120,recon+kl,,,,,,,0.861227686041002,False,,,,0.0001,PRUNED
19,0.8532863140616738,leakyrelu,64,0.35454912841217584,12,4.0,0.19385569795953558,669,5.0,33,0.8912042728269483,,,2,0.01170812084116622,2,mse,recon,0.34921721693842395,False,0.0001,0.8924288397018673,0.8974954857406562,0.49608185104273095,0.49468045664993854,0.8186123389049772,0.8144039331271016,leakyrelu,fedavg,64,0.35454912841217584,12,4.0,4.0,-4.0,0.19385569795953558,5,669,5.0,"[669, 596]","[42, 43, 44, 45]",33,0.890881913303438,,,2,0.01170812084116622,2,sgd,mse,120,recon,0.8532863140616738,0.01558297184289937,0.495131603272988,0.004063623461465915,0.8555205893034222,0.8186123389049772,0.34921721693842395,False,0.49608185104273095,0.49468045664993854,0.49608185104273095,0.0001,COMPLETE
20,0.7856327184014783,relu,128,0.4873983642048464,15,3.0,0.12164221547677084,238,5.0,53,,,,3,0.006373245481024337,1,mse,recon,0.9437003562643487,False,0.0001,0.8329914421356275,0.8375551978018255,0.4735570928851933,0.47327168314544793,0.7341480521826504,0.7330086971084278,relu,fedavg,128,0.4873983642048464,15,3.0,3.0,-3.0,0.12164221547677084,3,238,5.0,[238],"[42, 43, 44, 45]",53,,,,3,0.006373245481024337,1,sgd,mse,120,recon,0.7856327184014783,0.006795640825554534,0.47382282322967184,0.01602601092235574,0.783569747159139,0.7341480521826504,0.9437003562643487,False,0.4735570928851933,0.47327168314544793,0.4735570928851933,0.0001,COMPLETE
21,0.7813324409482896,leakyrelu,64,0.33703574377650597,13,4.0,0.19342711286291528,705,5.0,37,0.8753942080416609,,,2,0.012383484117402659,2,mse,recon,0.32396514353993977,False,0.0001,,,,,,,leakyrelu,fedavg,64,0.33703574377650597,13,4.0,4.0,-4.0,0.19342711286291528,5,705,5.0,"[705, 617]","[42, 43, 44, 45]",37,0.875177304964539,,,2,0.012383484117402659,2,sgd,mse,120,recon,,,,,,,0.32396514353993977,False,,,,0.0001,PRUNED
22,0.873018682929996,leakyrelu,64,0.30767524758935627,12,4.0,0.23542952352913038,674,5.0,31,0.9807292928367755,,,1,0.01963359151220347,2,mse,recon,0.39469094549132056,False,0.0001,0.9161981856875928,0.9174213365171298,0.49205440491042285,0.48940482398328317,0.8351671681334334,0.827839587908159,leakyrelu,fedavg,64,0.30767524758935627,12,4.0,4.0,-4.0,0.23542952352913038,10,674,5.0,"[674, 661]","[42, 43, 44, 45]",31,0.9807121661721068,,,1,0.01963359151220347,2,sgd,mse,120,recon,0.873018682929996,0.007993546889254811,0.48772248765620263,0.007007846023091114,0.875682676910513,0.8351671681334334,0.39469094549132056,False,0.49205440491042285,0.48940482398328317,0.49205440491042285,0.0001,COMPLETE
23,0.7352275464256615,leakyrelu,64,0.5692385350435654,14,4.0,0.26279195692988117,847,5.0,9,,,,1,0.015091568187481667,1,mse,recon,0.37629318044437776,False,0.0001,,,,,,,leakyrelu,fedavg,64,0.5692385350435654,14,4.0,4.0,-4.0,0.26279195692988117,10,847,5.0,[847],"[42, 43, 44, 45]",9,,,,1,0.015091568187481667,1,sgd,mse,120,recon,,,,,,,0.37629318044437776,False,,,,0.0001,PRUNED
24,0.6963348236210605,leakyrelu,64,0.20037785655841064,11,4.0,0.320887560501422,479,5.0,79,0.986100242057004,,,1,0.01983249939020872,2,mse,recon,0.0907464608894149,False,0.0001,,,,,,,leakyrelu,fedavg,64,0.20037785655841064,11,4.0,4.0,-4.0,0.320887560501422,10,479,5.0,"[479, 472]","[42, 43, 44, 45]",79,0.9853862212943633,,,1,0.01983249939020872,2,sgd,mse,120,recon,,,,,,,0.0907464608894149,False,,,,0.0001,PRUNED
25,0.8748150517884394,relu,256,0.15891251143297383,14,8.0,0.22688610893641842,635,5.0,31,,,,2,0.002743396532256461,1,mse,recon,0.6428025523306894,False,1e-08,0.9364235634811766,0.9351355853707186,0.584880889882414,0.5875011290058539,0.8262755508137309,0.817730354827723,relu,fedavg,256,0.15891251143297383,14,8.0,8.0,-8.0,0.22688610893641842,5,635,5.0,[635],"[42, 43, 44, 45]",31,,,,2,0.002743396532256461,1,sgd,mse,120,recon,0.8748150517884394,0.005995949548146657,0.5876358893790656,0.0072668517158591605,0.8813495571474538,0.8262755508137309,0.6428025523306894,False,0.584880889882414,0.5875011290058539,0.584880889882414,1e-08,COMPLETE
26,0.7225591893079382,leakyrelu,256,0.12617253146119292,8,8.0,0.23668412919216825,1008,,25,0.6963042740847152,,,1,0.0023907139224834052,2,huber,recon+kl,0.39688912462622183,True,1e-08,,,,,,,leakyrelu,fedavg,256,0.12617253146119292,8,8.0,8.0,-8.0,0.23668412919216825,10,1008,,"[1008, 701]","[42, 43, 44, 45]",25,0.6954365079365079,,,1,0.0023907139224834052,2,sgd,huber,120,recon+kl,,,,,,,0.39688912462622183,True,,,,1e-08,PRUNED
27,0.8505036821467482,gelu,64,0.16576559815506814,13,8.0,0.2438396342870016,636,2.0,35,,,,2,0.00607078698048797,1,mse,recon,0.630881958086252,False,1e-08,0.9371475761185155,0.9369130051595567,0.6029925523247172,0.6079203024183305,0.7815809845307382,0.7633972715221444,gelu,fedavg,64,0.16576559815506814,13,8.0,8.0,-8.0,0.2438396342870016,5,636,2.0,[636],"[42, 43, 44, 45]",35,,,,2,0.00607078698048797,1,sgd,mse,120,recon,0.8505036821467482,0.012576439147268892,0.6078422569485606,0.017937165527869253,0.8593642803246269,0.7815809845307382,0.630881958086252,False,0.6029925523247172,0.6079203024183305,0.6029925523247172,1e-08,COMPLETE
28,0.8796783253573774,relu,128,0.13358550829729704,11,8.0,0.3507228304349055,806,1.0,103,,,,1,0.010522240163680098,1,mse,recon,0.4404717398088617,False,1e-08,0.9519999021528259,0.9506376442775398,0.5977995675907579,0.6032736347967131,0.819349109308465,0.8079005212949321,relu,fedavg,128,0.13358550829729704,11,8.0,8.0,-8.0,0.3507228304349055,10,806,1.0,[806],"[42, 43, 44, 45]",103,,,,1,0.010522240163680098,1,sgd,mse,120,recon,0.8796783253573774,0.002468350234701051,0.6029076046306175,0.012465795836569109,0.8856745057306454,0.819349109308465,0.4404717398088617,False,0.5977995675907579,0.6032736347967131,0.5977995675907579,1e-08,COMPLETE
29,0.8760522466863678,relu,128,0.10956727361677625,9,8.0,0.3438802573505475,829,1.0,106,0.9987000897606555,,,4,0.009723788986275534,2,mse,recon,0.45292326788554216,False,1e-08,0.9218175206655114,0.9216892432556013,0.591997060821427,0.5938218859196035,0.8378429025987832,0.8276275611968213,relu,fedavg,128,0.10956727361677625,9,8.0,8.0,-8.0,0.3438802573505475,2,829,1.0,"[829, 827]","[42, 43, 44, 45]",106,0.9975874547647768,,,4,0.009723788986275534,2,sgd,mse,120,recon,0.8760522466863678,0.004062295878063357,0.5941987210245352,0.0011119856187600029,0.8798302116321473,0.8378429025987832,0.45292326788554216,False,0.591997060821427,0.5938218859196035,0.591997060821427,1e-08,COMPLETE
30,0.7566695726806927,relu,128,0.106608357969299,9,8.0,0.3367652194289468,803,1.0,103,0.8515072967837888,0.9910440393542805,,4,0.003342190207532177,3,mse,recon,0.4841277991489962,False,1e-08,,,,,,,relu,fedavg,128,0.106608357969299,9,8.0,8.0,-8.0,0.3367652194289468,2,803,1.0,"[803, 683, 676]","[42, 43, 44, 45]",103,0.8505603985056039,0.9897510980966325,,4,0.003342190207532177,3,sgd,mse,120,recon,,,,,,,0.4841277991489962,False,,,,1e-08,PRUNED
