number,values_0,params_activation,params_batch_size,params_beta,params_beta_warmup_rounds,params_clip_abs,params_dropout,params_first_layer,params_grad_clip,params_latent_dim,params_layer_1_dropoff,params_layer_2_dropoff,params_layer_3_dropoff,params_local_epochs,params_lr,params_n_layers,params_recon_type,params_score_type,params_sgd_momentum,params_sgd_nesterov,params_weight_decay,user_attrs_NF-BoT-IoT-v3__test_auroc,user_attrs_NF-BoT-IoT-v3__val_auroc,user_attrs_NF-CICIDS2018-v3__test_auroc,user_attrs_NF-CICIDS2018-v3__val_auroc,user_attrs_NF-ToN-IoT-v3__test_auroc,user_attrs_NF-ToN-IoT-v3__val_auroc,user_attrs_activation,user_attrs_aggregation_method,user_attrs_batch_size,user_attrs_beta,user_attrs_beta_warmup_rounds,user_attrs_clip_abs,user_attrs_clip_max,user_attrs_clip_min,user_attrs_dropout,user_attrs_early_stop_patience,user_attrs_first_layer,user_attrs_grad_clip,user_attrs_hidden_dims,user_attrs_hpo_seeds,user_attrs_latent_dim,user_attrs_layer_1_dropoff,user_attrs_layer_2_dropoff,user_attrs_layer_3_dropoff,user_attrs_local_epochs,user_attrs_lr,user_attrs_n_layers,user_attrs_optimizer,user_attrs_recon_type,user_attrs_rounds,user_attrs_score_type,user_attrs_seed_seen_obj_mean,user_attrs_seed_seen_obj_std,user_attrs_seed_unseen_val_obj_mean,user_attrs_seed_unseen_val_obj_std,user_attrs_seen_test_mean,user_attrs_seen_test_min,user_attrs_sgd_momentum,user_attrs_sgd_nesterov,user_attrs_unseen__test_auroc,user_attrs_unseen__val_auroc,user_attrs_unseen_test_auroc,user_attrs_weight_decay,state
73,0.8629199019740668,relu,512,0.5943065447181325,15,8.0,0.3155776042812691,874,5.0,125,,,,3,0.01581422209268635,1,mse,recon,0.21409568037297644,False,1e-06,0.9105982037516865,0.910267834881953,0.5984539393836757,0.6005079085684017,0.8252001821462778,0.8161031310390053,relu,fedavg,512,0.5943065447181325,15,8.0,8.0,-8.0,0.3155776042812691,3,874,5.0,[874],"[42, 43, 44, 45]",125,,,,3,0.01581422209268635,1,sgd,mse,120,recon,0.8629199019740668,0.007482891908001047,0.6006052559221061,0.010230035424825222,0.8678991929489821,0.8252001821462778,0.21409568037297644,False,0.5984539393836757,0.6005079085684017,0.5984539393836757,1e-06,COMPLETE
74,0.8338998061402865,relu,512,0.13820733020664583,15,8.0,0.33877004186645654,772,5.0,111,,,,1,0.01876403436297874,1,mse,recon,0.269810014761267,False,1e-06,,,,,,,relu,fedavg,512,0.13820733020664583,15,8.0,8.0,-8.0,0.33877004186645654,10,772,5.0,[772],"[42, 43, 44, 45]",111,,,,1,0.01876403436297874,1,sgd,mse,120,recon,,,,,,,0.269810014761267,False,,,,1e-06,PRUNED
75,0.8037074846972665,relu,64,0.6863756973350275,14,8.0,0.3998907557286172,957,1.0,116,,,,3,0.014944105258719472,1,mse,recon,0.33261627830880547,False,1e-08,,,,,,,relu,fedavg,64,0.6863756973350275,14,8.0,8.0,-8.0,0.3998907557286172,3,957,1.0,[957],"[42, 43, 44, 45]",116,,,,3,0.014944105258719472,1,sgd,mse,120,recon,,,,,,,0.33261627830880547,False,,,,1e-08,PRUNED
76,0.8455769387500212,relu,128,0.44970798578960125,15,8.0,0.35780120428247053,799,5.0,30,,,,2,0.011972899966906031,1,mse,recon,0.5132417514408862,False,1e-05,0.920456711093047,0.9198859357153475,0.6077993794231156,0.6120689579134843,0.7814404044851639,0.7709178470658078,relu,fedavg,128,0.44970798578960125,15,8.0,8.0,-8.0,0.35780120428247053,5,799,5.0,[799],"[42, 43, 44, 45]",30,,,,2,0.011972899966906031,1,sgd,mse,120,recon,0.8455769387500212,0.01205369233167638,0.6135133062748264,0.009863112621050848,0.8509485577891055,0.7814404044851639,0.5132417514408862,False,0.6077993794231156,0.6120689579134843,0.6077993794231156,1e-05,COMPLETE
77,0.703031180789589,relu,512,0.3572616412168401,12,6.0,0.3265366933291481,564,,128,0.8129825495351902,0.8095427055133951,,1,0.008607352280988334,3,mse,recon,0.45982216239078255,True,1e-06,,,,,,,relu,fedavg,512,0.3572616412168401,12,6.0,6.0,-6.0,0.3265366933291481,10,564,,"[564, 458, 370]","[42, 43, 44, 45]",128,0.8120567375886525,0.8078602620087336,,1,0.008607352280988334,3,sgd,mse,120,recon,,,,,,,0.45982216239078255,True,,,,1e-06,PRUNED
78,0.8132158602742354,elu,128,0.1163319434910093,13,4.0,0.2950210372963854,492,1.0,91,,,,4,0.0061479710763731495,1,mse,recon,0.5621045078369336,False,0.0001,,,,,,,elu,fedavg,128,0.1163319434910093,13,4.0,4.0,-4.0,0.2950210372963854,2,492,1.0,[492],"[42, 43, 44, 45]",91,,,,4,0.0061479710763731495,1,sgd,mse,120,recon,,,,,,,0.5621045078369336,False,,,,0.0001,PRUNED
79,0.7447848161884385,relu,256,0.5166992802938025,14,8.0,0.38042668544939756,635,5.0,65,,,,1,0.0011780848639640056,1,mse,recon+kl,0.028191435245312757,False,1e-10,,,,,,,relu,fedavg,256,0.5166992802938025,14,8.0,8.0,-8.0,0.38042668544939756,10,635,5.0,[635],"[42, 43, 44, 45]",65,,,,1,0.0011780848639640056,1,sgd,mse,120,recon+kl,,,,,,,0.028191435245312757,False,,,,1e-10,PRUNED
