number,values_0,params_activation,params_batch_size,params_beta,params_beta_warmup_rounds,params_clip_abs,params_dropout,params_first_layer,params_grad_clip,params_latent_dim,params_layer_1_dropoff,params_layer_2_dropoff,params_layer_3_dropoff,params_local_epochs,params_lr,params_n_layers,params_recon_type,params_score_type,params_sgd_momentum,params_sgd_nesterov,params_weight_decay,user_attrs_NF-BoT-IoT-v3__test_auroc,user_attrs_NF-BoT-IoT-v3__val_auroc,user_attrs_NF-CICIDS2018-v3__test_auroc,user_attrs_NF-CICIDS2018-v3__val_auroc,user_attrs_NF-ToN-IoT-v3__test_auroc,user_attrs_NF-ToN-IoT-v3__val_auroc,user_attrs_activation,user_attrs_aggregation_method,user_attrs_batch_size,user_attrs_beta,user_attrs_beta_warmup_rounds,user_attrs_clip_abs,user_attrs_clip_max,user_attrs_clip_min,user_attrs_dropout,user_attrs_early_stop_patience,user_attrs_first_layer,user_attrs_grad_clip,user_attrs_hidden_dims,user_attrs_hpo_seeds,user_attrs_latent_dim,user_attrs_layer_1_dropoff,user_attrs_layer_2_dropoff,user_attrs_layer_3_dropoff,user_attrs_local_epochs,user_attrs_lr,user_attrs_n_layers,user_attrs_optimizer,user_attrs_recon_type,user_attrs_rounds,user_attrs_score_type,user_attrs_seed_seen_obj_mean,user_attrs_seed_seen_obj_std,user_attrs_seed_unseen_val_obj_mean,user_attrs_seed_unseen_val_obj_std,user_attrs_seen_test_mean,user_attrs_seen_test_min,user_attrs_sgd_momentum,user_attrs_sgd_nesterov,user_attrs_unseen__test_auroc,user_attrs_unseen__val_auroc,user_attrs_unseen_test_auroc,user_attrs_weight_decay,state
31,0.863003827682659,relu,128,0.1329346116476105,11,8.0,0.35333350670415054,905,1.0,102,0.9499994951715004,,,6,0.010468581136823326,2,mse,recon,0.4294367939420203,False,1e-08,0.9139810722168595,0.9142117845631029,0.58857957891845,0.5904624172768003,0.8211267666589518,0.8128393191812449,relu,fedavg,128,0.1329346116476105,11,8.0,8.0,-8.0,0.35333350670415054,2,905,1.0,"[905, 859]","[42, 43, 44, 45]",102,0.949171270718232,,,6,0.010468581136823326,2,sgd,mse,120,recon,0.863003827682659,0.009444145955459256,0.5906601991095907,0.004119574133871577,0.8675539194379056,0.8211267666589518,0.4294367939420203,False,0.58857957891845,0.5904624172768003,0.58857957891845,1e-08,COMPLETE
32,0.7641867523864361,relu,128,0.16487430238526485,6,8.0,0.2874551019954158,750,1.0,101,0.9812337635695626,,,1,0.005366967997397598,2,mse,recon,0.44486583357610965,False,1e-08,,,,,,,relu,fedavg,128,0.16487430238526485,6,8.0,8.0,-8.0,0.2874551019954158,10,750,1.0,"[750, 735]","[42, 43, 44, 45]",101,0.98,,,1,0.005366967997397598,2,sgd,mse,120,recon,,,,,,,0.44486583357610965,False,,,,1e-08,PRUNED
33,0.7479853125746792,relu,128,0.1286046934080869,9,8.0,0.3940822466218965,887,1.0,86,0.902696026183205,,,2,0.007354715079154819,2,mse,recon,0.532734600670043,False,1e-08,,,,,,,relu,fedavg,128,0.1286046934080869,9,8.0,8.0,-8.0,0.3940822466218965,5,887,1.0,"[887, 800]","[42, 43, 44, 45]",86,0.9019165727170236,,,2,0.007354715079154819,2,sgd,mse,120,recon,,,,,,,0.532734600670043,False,,,,1e-08,PRUNED
34,0.8649336779623703,leakyrelu,128,0.2148354273972263,11,8.0,0.3626432862653609,769,1.0,110,,,,1,0.010387265771353653,1,mse,recon,0.5878265588739284,False,1e-08,0.928651251973408,0.9267660356464782,0.5993060659602854,0.6049415204368876,0.814012731422679,0.8043639251582019,leakyrelu,fedavg,128,0.2148354273972263,11,8.0,8.0,-8.0,0.3626432862653609,10,769,1.0,[769],"[42, 43, 44, 45]",110,,,,1,0.010387265771353653,1,sgd,mse,120,recon,0.8649336779623703,0.005761743507197801,0.6042597508472247,0.011382277492972657,0.8713319916980435,0.814012731422679,0.5878265588739284,False,0.5993060659602854,0.6049415204368876,0.5993060659602854,1e-08,COMPLETE
35,0.748910773961738,relu,128,0.15914935025026292,9,8.0,0.27423084535647513,997,1.0,62,0.9994998810410117,0.9233770801507923,,2,0.004634168149404519,3,mse,recon+kl,0.5054530104391239,True,1e-08,,,,,,,relu,fedavg,128,0.15914935025026292,9,8.0,8.0,-8.0,0.27423084535647513,5,997,1.0,"[997, 996, 919]","[42, 43, 44, 45]",62,0.9989969909729187,0.9226907630522089,,2,0.004634168149404519,3,sgd,mse,120,recon+kl,,,,,,,0.5054530104391239,True,,,,1e-08,PRUNED
36,0.7537220147673966,elu,512,0.11966291741331819,7,8.0,0.21872852825949646,646,1.0,114,0.8476660268482522,,,4,0.01619131584253466,2,huber,recon,0.2890784295050858,False,1e-05,,,,,,,elu,fedavg,512,0.11966291741331819,7,8.0,8.0,-8.0,0.21872852825949646,2,646,1.0,"[646, 547]","[42, 43, 44, 45]",114,0.846749226006192,,,4,0.01619131584253466,2,sgd,huber,120,recon,,,,,,,0.2890784295050858,False,,,,1e-05,PRUNED
37,0.7426615795544567,relu,128,0.26796125298385753,12,8.0,0.32682506500421526,836,,126,0.7189128700963703,,,1,0.0008283135760946534,2,mse,recon+kl,0.6170079673929666,False,1e-06,,,,,,,relu,fedavg,128,0.26796125298385753,12,8.0,8.0,-8.0,0.32682506500421526,10,836,,"[836, 601]","[42, 43, 44, 45]",126,0.7188995215311005,,,1,0.0008283135760946534,2,sgd,mse,120,recon+kl,,,,,,,0.6170079673929666,False,,,,1e-06,PRUNED
38,0.7273053652710272,leakyrelu,64,0.14031947708273323,14,5.0,0.38104468393696483,711,1.0,43,0.9282355793057164,0.8444092326725736,0.5285476939219576,3,0.0023318078023642458,4,mse,recon,0.7142833685219554,True,0.0,,,,,,,leakyrelu,fedavg,64,0.14031947708273323,14,5.0,5.0,-5.0,0.38104468393696483,3,711,1.0,"[711, 659, 556, 293]","[42, 43, 44, 45]",43,0.9268635724331927,0.8437025796661608,0.5269784172661871,3,0.0023318078023642458,4,sgd,mse,120,recon,,,,,,,0.7142833685219554,True,,,,0.0,PRUNED
39,0.7210272106875457,elu,128,0.17732165738336325,4,8.0,0.34654593089201946,599,2.0,29,0.8294662038872141,0.8667306624470965,,5,0.0017879416057832685,3,huber,recon,0.44102504058554876,False,1e-10,,,,,,,elu,fedavg,128,0.17732165738336325,4,8.0,8.0,-8.0,0.34654593089201946,2,599,2.0,"[599, 496, 429]","[42, 43, 44, 45]",29,0.8280467445742905,0.8649193548387096,,5,0.0017879416057832685,3,sgd,huber,120,recon,,,,,,,0.44102504058554876,False,,,,1e-10,PRUNED
40,0.8407472780962515,relu,512,1.1346312274090153,11,8.0,0.30207277584421777,957,1.0,110,,,,6,0.012312696524939791,1,mse,recon,0.5444516343416882,True,1e-08,0.9036213991769547,0.903100088368229,0.6118148016430799,0.6162899256455562,0.7919206365335004,0.7828364002306935,relu,fedavg,512,1.1346312274090153,11,8.0,8.0,-8.0,0.30207277584421777,2,957,1.0,[957],"[42, 43, 44, 45]",110,,,,6,0.012312696524939791,1,sgd,mse,120,recon,0.8407472780962515,0.00928681574295259,0.61763879362902,0.008641600095758274,0.8477710178552276,0.7919206365335004,0.5444516343416882,True,0.6118148016430799,0.6162899256455562,0.6118148016430799,1e-08,COMPLETE
41,0.804693306735837,relu,256,0.9540066144566602,13,4.0,0.1637780942613362,792,5.0,97,,,,1,0.017391480497670215,1,mse,recon,0.8160457875836794,False,1e-08,,,,,,,relu,fedavg,256,0.9540066144566602,13,4.0,4.0,-4.0,0.1637780942613362,10,792,5.0,[792],"[42, 43, 44, 45]",97,,,,1,0.017391480497670215,1,sgd,mse,120,recon,,,,,,,0.8160457875836794,False,,,,1e-08,PRUNED
42,0.7416901346998068,relu,128,0.10581136242201562,14,4.0,0.22181616709938648,508,5.0,79,,,,1,0.009795362424842285,1,mse,recon,0.40547121324059265,False,1e-05,,,,,,,relu,fedavg,128,0.10581136242201562,14,4.0,4.0,-4.0,0.22181616709938648,10,508,5.0,[508],"[42, 43, 44, 45]",79,,,,1,0.009795362424842285,1,sgd,mse,120,recon,,,,,,,0.40547121324059265,False,,,,1e-05,PRUNED
43,0.7862079233630825,relu,64,0.8822043240808474,12,5.0,0.25003099582057153,688,5.0,15,,,,2,0.01437842677338487,1,mse,recon,0.16476977930303385,False,1e-08,,,,,,,relu,fedavg,64,0.8822043240808474,12,5.0,5.0,-5.0,0.25003099582057153,5,688,5.0,[688],"[42, 43, 44, 45]",15,,,,2,0.01437842677338487,1,sgd,mse,120,recon,,,,,,,0.16476977930303385,False,,,,1e-08,PRUNED
44,0.6810683123808665,relu,256,1.444911170950952,10,3.0,0.37866542641861006,541,5.0,85,,,,1,0.006715487917516401,1,mse,recon,0.4779234049475745,False,1e-10,,,,,,,relu,fedavg,256,1.444911170950952,10,3.0,3.0,-3.0,0.37866542641861006,10,541,5.0,[541],"[42, 43, 44, 45]",85,,,,1,0.006715487917516401,1,sgd,mse,120,recon,,,,,,,0.4779234049475745,False,,,,1e-10,PRUNED
45,0.87080723536338,relu,512,0.3962886714264318,14,8.0,0.27899484624905896,846,5.0,120,,,,2,0.0136925416585167,1,mse,recon,0.3201942712860074,False,1e-06,0.9253541220944563,0.9234934916340666,0.5949831213624842,0.5987175375535572,0.8233317903586664,0.8161388093880599,relu,fedavg,512,0.3962886714264318,14,8.0,8.0,-8.0,0.27899484624905896,5,846,5.0,[846],"[42, 43, 44, 45]",120,,,,2,0.0136925416585167,1,sgd,mse,120,recon,0.87080723536338,0.005879557989317192,0.5975605123616733,0.002418335002893422,0.8743429562265614,0.8233317903586664,0.3201942712860074,False,0.5949831213624842,0.5987175375535572,0.5949831213624842,1e-06,COMPLETE
46,0.6769838396924588,elu,256,0.10058770905337835,0,4.0,0.14152059215540305,728,,21,0.9086777563767847,,,1,0.019816202115305253,2,mse,recon+kl,0.1821662351771483,False,0.0,,,,,,,elu,fedavg,256,0.10058770905337835,0,4.0,4.0,-4.0,0.14152059215540305,10,728,,"[728, 661]","[42, 43, 44, 45]",21,0.907967032967033,,,1,0.019816202115305253,2,sgd,mse,120,recon+kl,,,,,,,0.1821662351771483,False,,,,0.0,PRUNED
47,0.8419608050329199,gelu,128,0.1486854409822823,13,8.0,0.1790571489171977,604,1.0,63,,,,8,0.008203719540654351,1,huber,recon,0.7845297828059333,False,1e-08,0.8821089923434586,0.8801963082449415,0.5646415312330061,0.5663119677207817,0.8105657918752975,0.8040918318072937,gelu,fedavg,128,0.1486854409822823,13,8.0,8.0,-8.0,0.1790571489171977,2,604,1.0,[604],"[42, 43, 44, 45]",63,,,,8,0.008203719540654351,1,sgd,huber,120,recon,0.8419608050329199,0.009183522066118199,0.5663341803229333,0.00567627446119289,0.8463373921093781,0.8105657918752975,0.7845297828059333,False,0.5646415312330061,0.5663119677207817,0.5646415312330061,1e-08,COMPLETE
48,0.7665876244964163,relu,256,0.5598440258990326,15,4.0,0.21417880877260972,551,5.0,97,0.9637812796624408,0.6417047921055095,,2,0.01663435880279544,3,mse,recon,0.8755112296451592,False,0.0001,,,,,,,relu,fedavg,256,0.5598440258990326,15,4.0,4.0,-4.0,0.21417880877260972,5,551,5.0,"[551, 531, 340]","[42, 43, 44, 45]",97,0.9637023593466425,0.64030131826742,,2,0.01663435880279544,3,sgd,mse,120,recon,,,,,,,0.8755112296451592,False,,,,0.0001,PRUNED
49,0.8609759244205848,relu,64,0.2273029189640359,8,5.0,0.3109945171422549,365,2.0,106,,,,3,0.005525842234102123,1,mse,recon,0.6780433607080234,True,1e-08,,,,,,,relu,fedavg,64,0.2273029189640359,8,5.0,5.0,-5.0,0.3109945171422549,3,365,2.0,[365],"[42, 43, 44, 45]",106,,,,3,0.005525842234102123,1,sgd,mse,120,recon,,,,,,,0.6780433607080234,True,,,,1e-08,PRUNED
50,0.6925077583871022,leakyrelu,256,0.30149044100119515,12,3.0,0.0658852299846414,129,5.0,41,0.6026395892142236,,,5,0.011607221532199263,2,mse,recon,0.3630918720861738,False,1e-10,,,,,,,leakyrelu,fedavg,256,0.30149044100119515,12,3.0,3.0,-3.0,0.0658852299846414,2,129,5.0,"[129, 77]","[42, 43, 44, 45]",41,0.5968992248062015,,,5,0.011607221532199263,2,sgd,mse,120,recon,,,,,,,0.3630918720861738,False,,,,1e-10,PRUNED
51,0.8680746589814298,relu,512,0.39676802839666114,14,8.0,0.25900652798913965,847,5.0,123,,,,2,0.014072225339298394,1,mse,recon,0.302744239104668,False,1e-06,0.92305339633186,0.9204334741532927,0.595830299130101,0.5996467181916714,0.8255074975397081,0.8152787362567058,relu,fedavg,512,0.39676802839666114,14,8.0,8.0,-8.0,0.25900652798913965,5,847,5.0,[847],"[42, 43, 44, 45]",123,,,,2,0.014072225339298394,1,sgd,mse,120,recon,0.8680746589814298,0.003887807955712474,0.5997545470710766,0.005062307249682867,0.8742804469357841,0.8255074975397081,0.302744239104668,False,0.595830299130101,0.5996467181916714,0.595830299130101,1e-06,COMPLETE
52,0.8613216089603549,relu,512,0.7253945079658681,14,8.0,0.3332400973629075,811,5.0,118,,,,2,0.01312791921211954,1,mse,recon,0.24469894065837294,False,1e-06,0.891905329095798,0.8912949062078386,0.5901026454488834,0.5939180719261403,0.8356081484115828,0.8325826914464635,relu,fedavg,512,0.7253945079658681,14,8.0,8.0,-8.0,0.3332400973629075,5,811,5.0,[811],"[42, 43, 44, 45]",118,,,,2,0.01312791921211954,1,sgd,mse,120,recon,0.8613216089603549,0.00472576795619441,0.5942051451854485,0.003394225623545687,0.8637567387536904,0.8356081484115828,0.24469894065837294,False,0.5901026454488834,0.5939180719261403,0.5901026454488834,1e-06,COMPLETE
53,0.8453420746611571,relu,512,0.6251594622894562,15,6.0,0.28176056776570807,898,5.0,115,,,,1,0.017257305349042493,1,mse,recon,0.5137890330731177,False,1e-06,,,,,,,relu,fedavg,512,0.6251594622894562,15,6.0,6.0,-6.0,0.28176056776570807,10,898,5.0,[898],"[42, 43, 44, 45]",115,,,,1,0.017257305349042493,1,sgd,mse,120,recon,,,,,,,0.5137890330731177,False,,,,1e-06,PRUNED
54,0.8639781612046304,relu,512,0.37185024291550606,13,8.0,0.27231104894375824,942,5.0,50,,,,3,0.009450094093719373,1,mse,recon,0.33525223057532993,False,1e-06,0.9163692677079864,0.9147533692592404,0.5965027820585915,0.598431493336043,0.8217808938339346,0.811314058733707,relu,fedavg,512,0.37185024291550606,13,8.0,8.0,-8.0,0.27231104894375824,3,942,5.0,[942],"[42, 43, 44, 45]",50,,,,3,0.009450094093719373,1,sgd,mse,120,recon,0.8639781612046304,0.006597104256213953,0.5986241005586697,0.015263535325024405,0.8690750807709605,0.8217808938339346,0.33525223057532993,False,0.5965027820585915,0.598431493336043,0.5965027820585915,1e-06,COMPLETE
55,0.7734137879369489,relu,512,0.408794897709795,12,4.0,0.012397112193944293,753,5.0,121,,,,2,0.011091423003815286,1,mse,recon,0.39510328205550516,False,0.0001,,,,,,,relu,fedavg,512,0.408794897709795,12,4.0,4.0,-4.0,0.012397112193944293,5,753,5.0,[753],"[42, 43, 44, 45]",121,,,,2,0.011091423003815286,1,sgd,mse,120,recon,,,,,,,0.39510328205550516,False,,,,0.0001,PRUNED
56,0.7202141206643823,gelu,256,0.5070842603779767,11,8.0,0.11070905927553694,663,5.0,92,0.5567805739368059,,,1,0.0004155009674102551,2,mse,recon,0.44240752894859914,False,1e-06,,,,,,,gelu,fedavg,256,0.5070842603779767,11,8.0,8.0,-8.0,0.11070905927553694,10,663,5.0,"[663, 369]","[42, 43, 44, 45]",92,0.5565610859728507,,,1,0.0004155009674102551,2,sgd,mse,120,recon,,,,,,,0.44240752894859914,False,,,,1e-06,PRUNED
57,0.7483196041517308,relu,128,0.3201453272500854,14,8.0,0.20467744255962203,876,1.0,74,,,,4,0.0009176958538061203,1,mse,recon+kl,0.5887504890105749,False,0.0001,,,,,,,relu,fedavg,128,0.3201453272500854,14,8.0,8.0,-8.0,0.20467744255962203,2,876,1.0,[876],"[42, 43, 44, 45]",74,,,,4,0.0009176958538061203,1,sgd,mse,120,recon+kl,,,,,,,0.5887504890105749,False,,,,0.0001,PRUNED
58,0.7056931649044766,leakyrelu,64,0.1106410820944943,15,4.0,0.23189014774978264,772,5.0,108,,,,7,0.0005769453704508729,1,huber,recon,0.2627664976036562,False,1e-05,,,,,,,leakyrelu,fedavg,64,0.1106410820944943,15,4.0,4.0,-4.0,0.23189014774978264,2,772,5.0,[772],"[42, 43, 44, 45]",108,,,,7,0.0005769453704508729,1,sgd,huber,120,recon,,,,,,,0.2627664976036562,False,,,,1e-05,PRUNED
59,0.7855912333165864,relu,256,0.11868656147853532,10,6.0,0.1807152500180907,827,,127,0.7355512443928705,,,2,0.007512776701622916,2,mse,recon,0.20229276176382802,False,0.0,,,,,,,relu,fedavg,256,0.11868656147853532,10,6.0,6.0,-6.0,0.1807152500180907,5,827,,"[827, 608]","[42, 43, 44, 45]",127,0.7351874244256348,,,2,0.007512776701622916,2,sgd,mse,120,recon,,,,,,,0.20229276176382802,False,,,,0.0,PRUNED
60,0.7405912356686819,relu,512,0.2620860232050965,13,8.0,0.31203233623148685,376,2.0,28,,,,1,0.0029056250308661462,1,mse,recon,0.3100821889805119,False,0.0001,,,,,,,relu,fedavg,512,0.2620860232050965,13,8.0,8.0,-8.0,0.31203233623148685,10,376,2.0,[376],"[42, 43, 44, 45]",28,,,,1,0.0029056250308661462,1,sgd,mse,120,recon,,,,,,,0.3100821889805119,False,,,,0.0001,PRUNED
61,0.8681919182938462,relu,512,0.537112495774639,14,8.0,0.26210438093680327,852,5.0,122,,,,2,0.013551194404651263,1,mse,recon,0.2992855627694341,False,1e-06,0.9130032026132722,0.9109672745892772,0.5898787353629096,0.5921337428566859,0.8312476549607578,0.8248363735344093,relu,fedavg,512,0.537112495774639,14,8.0,8.0,-8.0,0.26210438093680327,5,852,5.0,[852],"[42, 43, 44, 45]",122,,,,2,0.013551194404651263,1,sgd,mse,120,recon,0.8681919182938462,0.005301001871078034,0.5917996570879929,0.00781969612372926,0.872125428787015,0.8312476549607578,0.2992855627694341,False,0.5898787353629096,0.5921337428566859,0.5898787353629096,1e-06,COMPLETE
62,0.8641753329626432,relu,512,0.5418590067678974,14,8.0,0.25011475345450424,857,5.0,113,,,,3,0.014232560476178348,1,mse,recon,0.355228560868216,False,1e-06,0.9179388492796001,0.9168693879000679,0.6015947584021557,0.6034894983638823,0.8193405006388292,0.8115191467632343,relu,fedavg,512,0.5418590067678974,14,8.0,8.0,-8.0,0.25011475345450424,3,857,5.0,[857],"[42, 43, 44, 45]",113,,,,3,0.014232560476178348,1,sgd,mse,120,recon,0.8641753329626432,0.004771225689023951,0.6039519644466649,0.014221967973695874,0.8686396749592147,0.8193405006388292,0.355228560868216,False,0.6015947584021557,0.6034894983638823,0.6015947584021557,1e-06,COMPLETE
63,0.8685792569753745,relu,512,0.6473901842583812,15,8.0,0.28558239091248167,912,5.0,118,,,,2,0.009032986807835312,1,mse,recon,0.14095891902376906,False,1e-06,0.912996597929027,0.9115424354490903,0.5961075547426713,0.6001468913059023,0.8342896106999648,0.8268287307528023,relu,fedavg,512,0.6473901842583812,15,8.0,8.0,-8.0,0.28558239091248167,5,912,5.0,[912],"[42, 43, 44, 45]",118,,,,2,0.009032986807835312,1,sgd,mse,120,recon,0.8685792569753745,0.00516758455264427,0.6000199663509214,0.006866250947848814,0.8736431043144959,0.8342896106999648,0.14095891902376906,False,0.5961075547426713,0.6001468913059023,0.5961075547426713,1e-06,COMPLETE
64,0.7260721321840053,relu,512,0.769966385724743,15,8.0,0.297000800955697,924,5.0,105,0.680039645595032,0.9729957850743197,0.9773053932435685,1,0.008859891045097063,4,mse,recon,0.10250416794736616,False,1e-06,,,,,,,relu,fedavg,512,0.769966385724743,15,8.0,8.0,-8.0,0.297000800955697,10,924,5.0,"[924, 628, 611, 597]","[42, 43, 44, 45]",105,0.6796536796536796,0.9729299363057324,0.9770867430441899,1,0.008859891045097063,4,sgd,mse,120,recon,,,,,,,0.10250416794736616,False,,,,1e-06,PRUNED
65,0.8014026368872555,elu,128,0.6372603248183137,13,4.0,0.3482497115038331,976,5.0,99,,,,2,0.017543231283235046,1,mse,recon,0.04687906281514383,False,1e-08,,,,,,,elu,fedavg,128,0.6372603248183137,13,4.0,4.0,-4.0,0.3482497115038331,5,976,5.0,[976],"[42, 43, 44, 45]",99,,,,2,0.017543231283235046,1,sgd,mse,120,recon,,,,,,,0.04687906281514383,False,,,,1e-08,PRUNED
66,0.848214005352899,leakyrelu,64,0.42496417328318004,15,8.0,0.2876698806811781,726,1.0,117,,,,3,0.004086323919480836,1,mse,recon,0.46444387494390565,True,0.0001,0.8964654966402668,0.8980423626517336,0.6013244273588225,0.6065622759629009,0.8076119550429869,0.8004166531421174,leakyrelu,fedavg,64,0.42496417328318004,15,8.0,8.0,-8.0,0.2876698806811781,3,726,1.0,[726],"[42, 43, 44, 45]",117,,,,3,0.004086323919480836,1,sgd,mse,120,recon,0.848214005352899,0.007334066942216382,0.6062420675578286,0.008723733505644055,0.8520387258416269,0.8076119550429869,0.46444387494390565,True,0.6013244273588225,0.6065622759629009,0.6013244273588225,0.0001,COMPLETE
67,0.801262922412836,relu,256,0.6364591894644592,6,8.0,0.22801213077980517,611,5.0,39,,,,1,0.009813713699062249,1,mse,recon,0.1511556591243608,False,1e-08,,,,,,,relu,fedavg,256,0.6364591894644592,6,8.0,8.0,-8.0,0.22801213077980517,10,611,5.0,[611],"[42, 43, 44, 45]",39,,,,1,0.009813713699062249,1,sgd,mse,120,recon,,,,,,,0.1511556591243608,False,,,,1e-08,PRUNED
68,0.6423154804578495,gelu,512,0.19026381526723882,9,3.0,0.3690070975556237,918,1.0,9,0.6339705538912421,,,2,0.0017191335344625886,2,mse,recon+kl,0.4132799282245129,False,1e-06,,,,,,,gelu,fedavg,512,0.19026381526723882,9,3.0,3.0,-3.0,0.3690070975556237,5,918,1.0,"[918, 581]","[42, 43, 44, 45]",9,0.6328976034858388,,,2,0.0017191335344625886,2,sgd,mse,120,recon+kl,,,,,,,0.4132799282245129,False,,,,1e-06,PRUNED
69,0.6990252680918485,relu,128,0.1537973135621596,13,4.0,0.24339968982480809,679,5.0,59,0.8784780196066012,,,1,0.007125452833477938,2,huber,recon,0.887932822341366,False,0.0001,,,,,,,relu,fedavg,128,0.1537973135621596,13,4.0,4.0,-4.0,0.24339968982480809,10,679,5.0,"[679, 596]","[42, 43, 44, 45]",59,0.8777614138438881,,,1,0.007125452833477938,2,sgd,huber,120,recon,,,,,,,0.887932822341366,False,,,,0.0001,PRUNED
70,0.8192735647042664,leakyrelu,256,0.8197237753209501,11,5.0,0.2750644340007173,1021,5.0,48,,,,2,0.01112429048502549,1,mse,recon,0.3784448559653985,False,1e-08,,,,,,,leakyrelu,fedavg,256,0.8197237753209501,11,5.0,5.0,-5.0,0.2750644340007173,5,1021,5.0,[1021],"[42, 43, 44, 45]",48,,,,2,0.01112429048502549,1,sgd,mse,120,recon,,,,,,,0.3784448559653985,False,,,,1e-08,PRUNED
71,0.7964555919659944,relu,512,0.468060308722712,14,8.0,0.26392763987927714,291,5.0,121,,,,2,0.012822645527893473,1,mse,recon,0.1313211094128017,False,1e-06,,,,,,,relu,fedavg,512,0.468060308722712,14,8.0,8.0,-8.0,0.26392763987927714,5,291,5.0,[291],"[42, 43, 44, 45]",121,,,,2,0.012822645527893473,1,sgd,mse,120,recon,,,,,,,0.1313211094128017,False,,,,1e-06,PRUNED
72,0.8713067763519375,relu,512,0.5142240143133344,15,8.0,0.32263045926302264,873,5.0,125,,,,2,0.015555962113400006,1,mse,recon,0.2794955306080336,False,1e-06,0.9235483901317361,0.9206573201446633,0.5972847691465281,0.6007205674054128,0.829139970382413,0.8205890329312191,relu,fedavg,512,0.5142240143133344,15,8.0,8.0,-8.0,0.32263045926302264,5,873,5.0,[873],"[42, 43, 44, 45]",125,,,,2,0.015555962113400006,1,sgd,mse,120,recon,0.8713067763519375,0.006792677043893214,0.5988777740614669,0.0067662556752260085,0.8763441802570746,0.829139970382413,0.2794955306080336,False,0.5972847691465281,0.6007205674054128,0.5972847691465281,1e-06,COMPLETE
