number,values_0,params_activation,params_batch_size,params_beta,params_beta_warmup_rounds,params_clip_abs,params_dropout,params_first_layer,params_grad_clip,params_latent_dim,params_layer_1_dropoff,params_layer_2_dropoff,params_layer_3_dropoff,params_local_epochs,params_lr,params_n_layers,params_recon_type,params_score_type,params_sgd_momentum,params_sgd_nesterov,params_weight_decay,user_attrs_NF-BoT-IoT-v3__test_auroc,user_attrs_NF-BoT-IoT-v3__val_auroc,user_attrs_NF-CICIDS2018-v3__test_auroc,user_attrs_NF-CICIDS2018-v3__val_auroc,user_attrs_NF-ToN-IoT-v3__test_auroc,user_attrs_NF-ToN-IoT-v3__val_auroc,user_attrs_activation,user_attrs_aggregation_method,user_attrs_batch_size,user_attrs_beta,user_attrs_beta_warmup_rounds,user_attrs_clip_abs,user_attrs_clip_max,user_attrs_clip_min,user_attrs_dropout,user_attrs_early_stop_patience,user_attrs_first_layer,user_attrs_grad_clip,user_attrs_hidden_dims,user_attrs_hpo_seeds,user_attrs_latent_dim,user_attrs_layer_1_dropoff,user_attrs_layer_2_dropoff,user_attrs_layer_3_dropoff,user_attrs_local_epochs,user_attrs_lr,user_attrs_n_layers,user_attrs_optimizer,user_attrs_recon_type,user_attrs_rounds,user_attrs_score_type,user_attrs_seed_seen_obj_mean,user_attrs_seed_seen_obj_std,user_attrs_seed_unseen_val_obj_mean,user_attrs_seed_unseen_val_obj_std,user_attrs_seen_test_mean,user_attrs_seen_test_min,user_attrs_sgd_momentum,user_attrs_sgd_nesterov,user_attrs_unseen__test_auroc,user_attrs_unseen__val_auroc,user_attrs_unseen_test_auroc,user_attrs_weight_decay,state
31,0.825371181255304,leakyrelu,64,0.515196285370124,4,8.0,0.12003569997681925,228,2.0,8,0.5622464345034472,,,6,0.003540756421155462,2,mse,recon,0.07783618421309671,True,1e-05,0.8516486684316791,0.8526621928633659,0.7970006077814846,0.7996110604234524,0.7598564092721488,0.7552764264988965,leakyrelu,scaffold,64,0.515196285370124,4,8.0,8.0,-8.0,0.12003569997681925,2,228,2.0,"[228, 128]","[42, 43, 44, 45]",8,0.5614035087719298,,,6,0.003540756421155462,2,sgd,mse,120,recon,0.825371181255304,0.0059323751191466085,0.7570519058089232,0.0022732955624374302,0.8243246381065819,0.7970006077814846,0.07783618421309671,True,0.7598564092721488,0.7552764264988965,0.7598564092721488,1e-05,COMPLETE
32,0.8310760566553953,leakyrelu,64,0.5232624905130618,4,8.0,0.1327625519132582,369,2.0,13,0.5471654398210412,,,6,0.0033949609265551267,2,mse,recon,0.06460092374719721,True,1e-05,0.8661580589378689,0.8657359777472946,0.7924354820196409,0.7940623347652891,0.7560636834568654,0.749131312318771,leakyrelu,scaffold,64,0.5232624905130618,4,8.0,8.0,-8.0,0.1327625519132582,2,369,2.0,"[369, 201]","[42, 43, 44, 45]",13,0.5447154471544715,,,6,0.0033949609265551267,2,sgd,mse,120,recon,0.8310760566553953,0.007831863253362539,0.7510425369420123,0.007294588068404306,0.8292967704787548,0.7924354820196409,0.06460092374719721,True,0.7560636834568654,0.749131312318771,0.7560636834568654,1e-05,COMPLETE
33,0.8319935576691486,leakyrelu,64,0.3733018352238808,5,8.0,0.15044155464857129,372,2.0,9,0.5333541260491695,,,6,0.002664053363515412,2,mse,recon,0.18020674725969113,True,1e-05,0.8685989790023727,0.8681726899128971,0.7962432706546918,0.7973077267749383,0.7552923654742484,0.7498447469944923,leakyrelu,scaffold,64,0.3733018352238808,5,8.0,8.0,-8.0,0.15044155464857129,2,372,2.0,"[372, 198]","[42, 43, 44, 45]",9,0.532258064516129,,,6,0.002664053363515412,2,sgd,mse,120,recon,0.8319935576691486,0.004837482666797106,0.7502316961101986,0.00300446392629779,0.8324211248285323,0.7962432706546918,0.18020674725969113,True,0.7552923654742484,0.7498447469944923,0.7552923654742484,1e-05,COMPLETE
34,0.6263139393648589,leakyrelu,512,0.1963570387529087,6,8.0,0.20230005948028518,361,2.0,11,0.5484621820264192,,,6,0.00260034073683387,2,huber,recon+kl,0.191927500551983,False,1e-05,,,,,,,leakyrelu,scaffold,512,0.1963570387529087,6,8.0,8.0,-8.0,0.20230005948028518,2,361,2.0,"[361, 197]","[42, 43, 44, 45]",11,0.5457063711911357,,,6,0.00260034073683387,2,sgd,huber,120,recon+kl,,,,,,,0.191927500551983,False,,,,1e-05,PRUNED
35,0.8028742842573307,elu,64,0.359679191749869,6,8.0,0.16294055159491894,828,,17,,,,7,0.0008922003457508002,1,mse,recon,0.3107467459945213,True,1e-05,0.8459025272796039,0.8445647805918248,0.7516401444374822,0.7591391847825064,0.6117244153160935,0.6063011639579934,elu,scaffold,64,0.359679191749869,6,8.0,8.0,-8.0,0.16294055159491894,2,828,,[828],"[42, 43, 44, 45]",17,,,,7,0.0008922003457508002,1,sgd,mse,120,recon,0.8028742842573307,0.013103974965336872,0.6074593798982391,0.03610320584267097,0.7987713358585431,0.7516401444374822,0.3107467459945213,True,0.6117244153160935,0.6063011639579934,0.6117244153160935,1e-05,COMPLETE
36,0.6285823958468579,relu,512,0.1832208031590174,5,8.0,0.23621124621966105,268,5.0,28,0.5032998197312679,,,7,0.0016641189611853082,2,mse,recon+kl,0.08585406929321009,True,1e-05,0.6046903701445692,0.608030292285503,0.6437187853402353,0.6494586181721018,0.7827084662267307,0.7821519404317694,relu,scaffold,512,0.1832208031590174,5,8.0,8.0,-8.0,0.23621124621966105,2,268,5.0,"[268, 134]","[42, 43, 44, 45]",28,0.5,,,7,0.0016641189611853082,2,sgd,mse,120,recon+kl,0.6285823958468579,0.0015232843024294035,0.7815676505011846,0.0023207381791100724,0.6242045777424022,0.6046903701445692,0.08585406929321009,True,0.7827084662267307,0.7821519404317694,0.7827084662267307,1e-05,COMPLETE
37,0.8071095997721289,elu,64,0.42664839836533985,8,8.0,0.07061891696846664,486,2.0,21,0.5689877260475914,,,5,0.0029996061477777225,2,mse,recon,0.19952869852669097,False,1e-05,0.829387203847652,0.8278102749176296,0.7821453086984256,0.7857193343193318,0.7247573860503801,0.7190779703203177,elu,scaffold,64,0.42664839836533985,8,8.0,8.0,-8.0,0.07061891696846664,2,486,2.0,"[486, 276]","[42, 43, 44, 45]",21,0.5679012345679012,,,5,0.0029996061477777225,2,sgd,mse,120,recon,0.8071095997721289,0.006565203832351003,0.71954168595385,0.054830037593687944,0.8057662562730388,0.7821453086984256,0.19952869852669097,False,0.7247573860503801,0.7190779703203177,0.7247573860503801,1e-05,COMPLETE
38,0.6288770178627543,leakyrelu,128,0.3334529140566962,4,8.0,0.312691056669936,121,1.0,11,0.6178874424330907,0.6957477595882422,,6,0.0020973393087791122,3,huber,recon,0.5214537571441822,True,1e-05,,,,,,,leakyrelu,scaffold,128,0.3334529140566962,4,8.0,8.0,-8.0,0.312691056669936,2,121,1.0,"[121, 74, 51]","[42, 43, 44, 45]",11,0.6115702479338843,0.6891891891891891,,6,0.0020973393087791122,3,sgd,huber,120,recon,,,,,,,0.5214537571441822,True,,,,1e-05,PRUNED
39,0.6052007066635807,relu,64,0.2659431555134133,3,5.0,0.11072767053296079,687,5.0,112,0.5337033853052865,0.5888379764430839,0.5286736022286176,7,0.0009238657259272318,4,mse,recon+kl,0.1612565413473699,True,1e-08,,,,,,,relu,scaffold,64,0.2659431555134133,3,5.0,5.0,-5.0,0.11072767053296079,2,687,5.0,"[687, 366, 215, 113]","[42, 43, 44, 45]",112,0.5327510917030568,0.587431693989071,0.5255813953488372,7,0.0009238657259272318,4,sgd,mse,120,recon+kl,,,,,,,0.1612565413473699,True,,,,1e-08,PRUNED
40,0.83857685254572,leakyrelu,512,0.10155127687572457,6,8.0,0.136019108510204,351,,16,,,,5,0.003974186599589895,1,mse,recon,0.27185533698105535,False,1e-10,0.8662318018368926,0.8680152465184282,0.8085234861442756,0.8102388423644393,0.7505101318867005,0.741739616909497,leakyrelu,scaffold,512,0.10155127687572457,6,8.0,8.0,-8.0,0.136019108510204,2,351,,[351],"[42, 43, 44, 45]",16,,,,5,0.003974186599589895,1,sgd,mse,120,recon,0.83857685254572,0.016950537689504816,0.743715391854411,0.018196503061477725,0.8373776439905841,0.8085234861442756,0.27185533698105535,False,0.7505101318867005,0.741739616909497,0.7505101318867005,1e-10,COMPLETE
41,0.858112012904537,leakyrelu,512,0.143788207719036,6,8.0,0.13867934117236666,371,,18,,,,5,0.0042788402856388024,1,mse,recon,0.267136787880851,False,1e-10,0.8900214228860776,0.8903443362010082,0.8236932980330837,0.8259308770870144,0.7295062104730347,0.7252572780891953,leakyrelu,scaffold,512,0.143788207719036,6,8.0,8.0,-8.0,0.13867934117236666,2,371,,[371],"[42, 43, 44, 45]",18,,,,5,0.0042788402856388024,1,sgd,mse,120,recon,0.858112012904537,0.005257825230505111,0.7204520939295236,0.022736628394777476,0.8568573604595806,0.8236932980330837,0.267136787880851,False,0.7295062104730347,0.7252572780891953,0.7295062104730347,1e-10,COMPLETE
42,0.8522748174303449,leakyrelu,512,0.10111282240256862,7,8.0,0.1811987632369563,377,,31,,,,5,0.005004935919606434,1,mse,recon,0.26568742190023154,False,1e-10,0.8781699191443642,0.8780239275150017,0.8227350449062079,0.8238204887748594,0.7572570144192864,0.7523318822079968,leakyrelu,scaffold,512,0.10111282240256862,7,8.0,8.0,-8.0,0.1811987632369563,2,377,,[377],"[42, 43, 44, 45]",31,,,,5,0.005004935919606434,1,sgd,mse,120,recon,0.8522748174303449,0.006338877170308178,0.7511570986948694,0.004929796559281033,0.850452482025286,0.8227350449062079,0.26568742190023154,False,0.7572570144192864,0.7523318822079968,0.7572570144192864,1e-10,COMPLETE
43,0.8647739045232679,leakyrelu,512,0.10495194811725089,10,6.0,0.18312582340739708,521,,33,,,,5,0.004283352139860736,1,mse,recon,0.26029532768608304,False,1e-10,0.8988175545356869,0.8977695342709727,0.8341202033715878,0.8340114130731351,0.7496328755214596,0.74099789828504,leakyrelu,scaffold,512,0.10495194811725089,10,6.0,6.0,-6.0,0.18312582340739708,2,521,,[521],"[42, 43, 44, 45]",33,,,,5,0.004283352139860736,1,sgd,mse,120,recon,0.8647739045232679,0.006440437165540036,0.7416897377836862,0.015141796868069945,0.8664688789536373,0.8341202033715878,0.26029532768608304,False,0.7496328755214596,0.74099789828504,0.7496328755214596,1e-10,COMPLETE
44,0.8503109205678523,elu,512,0.10396637436628377,11,6.0,0.18427715764929287,598,,32,,,,5,0.0052105694582424275,1,mse,recon,0.29134156168928343,False,1e-10,0.8826232921434364,0.8834239125321531,0.8173155063309003,0.8157404526090384,0.7042612632446499,0.6969595695947434,elu,scaffold,512,0.10396637436628377,11,6.0,6.0,-6.0,0.18427715764929287,2,598,,[598],"[42, 43, 44, 45]",32,,,,5,0.0052105694582424275,1,sgd,mse,120,recon,0.8503109205678523,0.008917654668588623,0.6948459765524302,0.02843113094624437,0.8499693992371684,0.8173155063309003,0.29134156168928343,False,0.7042612632446499,0.6969595695947434,0.7042612632446499,1e-10,COMPLETE
45,0.8448881569755626,elu,512,0.12437446309767554,11,6.0,0.22284138727470965,605,,36,,,,5,0.005366062049779727,1,mse,recon,0.3286967983569654,False,1e-10,0.8808452678660473,0.8811488040299864,0.808857530751297,0.8096513624042934,0.6894608338460901,0.6814508660180528,elu,scaffold,512,0.12437446309767554,11,6.0,6.0,-6.0,0.22284138727470965,2,605,,[605],"[42, 43, 44, 45]",36,,,,5,0.005366062049779727,1,sgd,mse,120,recon,0.8448881569755626,0.007344591665024547,0.6814993044853521,0.04968627455863401,0.8448513993086721,0.808857530751297,0.3286967983569654,False,0.6894608338460901,0.6814508660180528,0.6894608338460901,1e-10,COMPLETE
46,0.7519551500072443,elu,512,0.12613540491762348,13,6.0,0.2643755649920164,514,,30,,,,5,0.007223569387668049,1,huber,recon,0.23643928771396328,False,1e-10,,,,,,,elu,scaffold,512,0.12613540491762348,13,6.0,6.0,-6.0,0.2643755649920164,2,514,,[514],"[42, 43, 44, 45]",30,,,,5,0.007223569387668049,1,sgd,huber,120,recon,,,,,,,0.23643928771396328,False,,,,1e-10,PRUNED
47,0.8484456206098137,elu,512,0.12533979731152842,10,6.0,0.1764848657775114,768,,23,,,,4,0.00436519229853578,1,mse,recon,0.28741189106466625,False,1e-10,0.8690790228830669,0.869123627434654,0.8284976695437499,0.8296722084389424,0.7112111598465305,0.6995546365918324,elu,scaffold,512,0.12533979731152842,10,6.0,6.0,-6.0,0.1764848657775114,2,768,,[768],"[42, 43, 44, 45]",23,,,,4,0.00436519229853578,1,sgd,mse,120,recon,0.8484456206098137,0.007747253104652862,0.7013261320400571,0.057559044676944116,0.8487883462134085,0.8284976695437499,0.28741189106466625,False,0.7112111598465305,0.6995546365918324,0.7112111598465305,1e-10,COMPLETE
48,0.8430637614288321,elu,512,0.15114325804902065,14,6.0,0.18667470928024454,547,,48,,,,5,0.007969868299274058,1,mse,recon,0.3559306890822903,False,1e-10,0.883851029559255,0.8856812186112851,0.8010103002967404,0.8002984897429819,0.6841256790499792,0.6774752659514414,elu,scaffold,512,0.15114325804902065,14,6.0,6.0,-6.0,0.18667470928024454,2,547,,[547],"[42, 43, 44, 45]",48,,,,5,0.007969868299274058,1,sgd,mse,120,recon,0.8430637614288321,0.006724739076969844,0.6787918808249647,0.07128705411625938,0.8424306649279977,0.8010103002967404,0.3559306890822903,False,0.6841256790499792,0.6774752659514414,0.6841256790499792,1e-10,COMPLETE
49,0.8625451764048127,gelu,512,0.14912415288150419,10,6.0,0.2461138089922718,626,,35,,,,4,0.005950628850698307,1,mse,recon,0.43234094269751494,False,1e-10,0.8948178254970918,0.8923694169484476,0.8326012106706107,0.8321531400004892,0.7428968973037459,0.7362192193018604,gelu,scaffold,512,0.14912415288150419,10,6.0,6.0,-6.0,0.2461138089922718,2,626,,[626],"[42, 43, 44, 45]",35,,,,4,0.005950628850698307,1,sgd,mse,120,recon,0.8625451764048127,0.008996032178435417,0.7349636560079106,0.034753441238875124,0.8637095180838512,0.8326012106706107,0.43234094269751494,False,0.7428968973037459,0.7362192193018604,0.7428968973037459,1e-10,COMPLETE
50,0.6831080790247648,gelu,512,0.17013638430602984,9,5.0,0.2956335228756115,715,,122,,,,4,0.006235236179304637,1,mse,recon+kl,0.5076524034141225,False,1e-10,,,,,,,gelu,scaffold,512,0.17013638430602984,9,5.0,5.0,-5.0,0.2956335228756115,2,715,,[715],"[42, 43, 44, 45]",122,,,,4,0.006235236179304637,1,sgd,mse,120,recon+kl,,,,,,,0.5076524034141225,False,,,,1e-10,PRUNED
51,0.8636577028894081,gelu,512,0.11893650594645763,11,6.0,0.22710834443098538,632,,32,,,,5,0.005151344441954704,1,mse,recon,0.4311683731868589,False,1e-10,0.9035626814641702,0.9033680655519616,0.8268171537386086,0.8246478677783611,0.7120957923833502,0.7065793168950081,gelu,scaffold,512,0.11893650594645763,11,6.0,6.0,-6.0,0.22710834443098538,2,632,,[632],"[42, 43, 44, 45]",32,,,,5,0.005151344441954704,1,sgd,mse,120,recon,0.8636577028894081,0.00895663820752076,0.7040212366001117,0.052784626402010065,0.8651899176013894,0.8268171537386086,0.4311683731868589,False,0.7120957923833502,0.7065793168950081,0.7120957923833502,1e-10,COMPLETE
52,0.8631408445975188,gelu,512,0.14577289049277106,12,6.0,0.2800088059703712,652,,37,,,,5,0.004177272057691616,1,mse,recon,0.43335358365955046,False,1e-10,0.884778272658677,0.8848175879354434,0.842822401734153,0.8410859578015245,0.7550305113832015,0.7522352404829511,gelu,scaffold,512,0.14577289049277106,12,6.0,6.0,-6.0,0.2800088059703712,2,652,,[652],"[42, 43, 44, 45]",37,,,,5,0.004177272057691616,1,sgd,mse,120,recon,0.8631408445975188,0.006774490369435041,0.7497864444265685,0.012389528520886912,0.863800337196415,0.842822401734153,0.43335358365955046,False,0.7550305113832015,0.7522352404829511,0.7550305113832015,1e-10,COMPLETE
53,0.86378667122738,gelu,512,0.2070485011460147,12,6.0,0.27761942054763566,653,,36,,,,5,0.004076720706751207,1,mse,recon,0.4325550692312821,False,1e-10,0.8859850105656132,0.8848617485289993,0.8436482789246597,0.8440111708072956,0.7623417463086213,0.756927479955442,gelu,scaffold,512,0.2070485011460147,12,6.0,6.0,-6.0,0.27761942054763566,2,653,,[653],"[42, 43, 44, 45]",36,,,,5,0.004076720706751207,1,sgd,mse,120,recon,0.86378667122738,0.006508862810893516,0.7552323247077286,0.017322681469153577,0.8648166447451364,0.8436482789246597,0.4325550692312821,False,0.7623417463086213,0.756927479955442,0.7623417463086213,1e-10,COMPLETE
54,0.8602472158245223,gelu,512,0.2225727584096594,12,6.0,0.27690859486808916,652,,39,,,,4,0.008221446700057458,1,mse,recon,0.43609667332069924,False,1e-10,0.9006889758223396,0.8993793819539705,0.8194573151111789,0.8203600858326701,0.7081336592396896,0.7030411624949902,gelu,scaffold,512,0.2225727584096594,12,6.0,6.0,-6.0,0.27690859486808916,2,652,,[652],"[42, 43, 44, 45]",39,,,,4,0.008221446700057458,1,sgd,mse,120,recon,0.8602472158245223,0.006621016019357277,0.704285729742342,0.033341207711770994,0.8600731454667593,0.8194573151111789,0.43609667332069924,False,0.7081336592396896,0.7030411624949902,0.7081336592396896,1e-10,COMPLETE
55,0.7600340983288831,gelu,512,0.14532899727744497,13,6.0,0.31918764134986227,801,,52,,,,5,0.006042353653979049,1,mse,recon,0.5744656102577993,False,1e-10,,,,,,,gelu,scaffold,512,0.14532899727744497,13,6.0,6.0,-6.0,0.31918764134986227,2,801,,[801],"[42, 43, 44, 45]",52,,,,5,0.006042353653979049,1,sgd,mse,120,recon,,,,,,,0.5744656102577993,False,,,,1e-10,PRUNED
56,0.868446268024108,gelu,512,0.1183509643557422,11,6.0,0.3455043170126701,886,,36,,,,6,0.002294899014985685,1,mse,recon,0.4272437581331232,False,1e-06,0.8915430028921367,0.8900349180341751,0.846828377938473,0.8447171669809067,0.7567788804401618,0.7475746366953246,gelu,scaffold,512,0.1183509643557422,11,6.0,6.0,-6.0,0.3455043170126701,2,886,,[886],"[42, 43, 44, 45]",36,,,,6,0.002294899014985685,1,sgd,mse,120,recon,0.868446268024108,0.01230259682326451,0.7475972462135967,0.036160444222189086,0.8691856904153048,0.846828377938473,0.4272437581331232,False,0.7567788804401618,0.7475746366953246,0.7567788804401618,1e-06,COMPLETE
57,0.6955402857513817,gelu,512,0.11565321406922734,12,6.0,0.3518197613174446,909,,44,,,,6,0.003748489727822648,1,huber,recon,0.4892583073235255,False,1e-06,,,,,,,gelu,scaffold,512,0.11565321406922734,12,6.0,6.0,-6.0,0.3518197613174446,2,909,,[909],"[42, 43, 44, 45]",44,,,,6,0.003748489727822648,1,sgd,huber,120,recon,,,,,,,0.4892583073235255,False,,,,1e-06,PRUNED
58,0.8364295142828648,gelu,512,0.1706167460523458,11,6.0,0.3828772498763693,896,,55,,,,6,0.0020910411928623668,1,mse,recon,0.5492614216464802,False,1e-06,0.82343932816625,0.8241267169121315,0.8473574677151368,0.8485241658998836,0.8076374611669028,0.7989111649976197,gelu,scaffold,512,0.1706167460523458,11,6.0,6.0,-6.0,0.3828772498763693,2,896,,[896],"[42, 43, 44, 45]",55,,,,6,0.0020910411928623668,1,sgd,mse,120,recon,0.8364295142828648,0.012903065369663364,0.7987266431033737,0.006650059025998953,0.8353983979406934,0.82343932816625,0.5492614216464802,False,0.8076374611669028,0.7989111649976197,0.8076374611669028,1e-06,COMPLETE
59,0.7813175124919793,gelu,512,0.22559196847397778,13,6.0,0.35166061241017854,752,,26,,,,5,0.0015104714209877154,1,mse,recon,0.6457864872184402,False,1e-06,0.761133286667758,0.771447788889077,0.7834016099623478,0.7916939803759966,0.8253646877075724,0.8172121440809046,gelu,scaffold,512,0.22559196847397778,13,6.0,6.0,-6.0,0.35166061241017854,2,752,,[752],"[42, 43, 44, 45]",26,,,,5,0.0015104714209877154,1,sgd,mse,120,recon,0.7813175124919793,0.016038476394434134,0.8172099536919433,0.002406085733938558,0.7722674483150529,0.761133286667758,0.6457864872184402,False,0.8253646877075724,0.8172121440809046,0.8253646877075724,1e-06,COMPLETE
60,0.7307082888787279,gelu,256,0.1157749076379672,15,6.0,0.2837452469612306,563,,42,,,,7,0.002234270073186843,1,mse,recon,0.5994966099741423,False,1e-06,,,,,,,gelu,scaffold,256,0.1157749076379672,15,6.0,6.0,-6.0,0.2837452469612306,2,563,,[563],"[42, 43, 44, 45]",42,,,,7,0.002234270073186843,1,sgd,mse,120,recon,,,,,,,0.5994966099741423,False,,,,1e-06,PRUNED
61,0.7947100430715733,gelu,512,0.14176165438057678,10,6.0,0.23469348256791164,643,,34,,,,4,0.0029531025929314977,1,mse,recon,0.4175414430590383,False,1e-10,,,,,,,gelu,scaffold,512,0.14176165438057678,10,6.0,6.0,-6.0,0.23469348256791164,2,643,,[643],"[42, 43, 44, 45]",34,,,,4,0.0029531025929314977,1,sgd,mse,120,recon,,,,,,,0.4175414430590383,False,,,,1e-10,PRUNED
62,0.8620542573164283,gelu,512,0.1615558502842353,9,6.0,0.26072811407793794,699,,37,,,,5,0.004200852569453976,1,mse,recon,0.36570387692527323,False,1e-10,0.8853243163399135,0.8852086385177282,0.8407211054472651,0.8383573799819735,0.7649205085795037,0.7566947401028523,gelu,scaffold,512,0.1615558502842353,9,6.0,6.0,-6.0,0.26072811407793794,2,699,,[699],"[42, 43, 44, 45]",37,,,,5,0.004200852569453976,1,sgd,mse,120,recon,0.8620542573164283,0.0043347615002265315,0.7560501042213529,0.007340540299026485,0.8630227108935893,0.8407211054472651,0.36570387692527323,False,0.7649205085795037,0.7566947401028523,0.7649205085795037,1e-10,COMPLETE
63,0.8175378358086787,gelu,512,0.19356109153268602,11,3.0,0.24633229723128777,857,,47,,,,6,0.0070197693533368185,1,mse,recon,0.48365685592785324,False,1e-10,,,,,,,gelu,scaffold,512,0.19356109153268602,11,3.0,3.0,-3.0,0.24633229723128777,2,857,,[857],"[42, 43, 44, 45]",47,,,,6,0.0070197693533368185,1,sgd,mse,120,recon,,,,,,,0.48365685592785324,False,,,,1e-10,PRUNED
64,0.6248821600139998,gelu,512,0.13251337383468034,12,6.0,0.21974855486875824,623,,35,,,,4,0.0003204814133341686,1,mse,recon,0.4284738286970354,False,0.0001,,,,,,,gelu,scaffold,512,0.13251337383468034,12,6.0,6.0,-6.0,0.21974855486875824,2,623,,[623],"[42, 43, 44, 45]",35,,,,4,0.0003204814133341686,1,sgd,mse,120,recon,,,,,,,0.4284738286970354,False,,,,0.0001,PRUNED
65,0.8603923989210467,gelu,128,0.11609760352129754,10,6.0,0.33277198330264257,676,1.0,26,,,,5,0.001209661284170578,1,mse,recon,0.39726210324038636,False,1e-10,0.8819448819342128,0.8805652197280602,0.8404054824524265,0.8387282025427093,0.7536414766643899,0.7489808811090977,gelu,scaffold,128,0.11609760352129754,10,6.0,6.0,-6.0,0.33277198330264257,2,676,1.0,[676],"[42, 43, 44, 45]",26,,,,5,0.001209661284170578,1,sgd,mse,120,recon,0.8603923989210467,0.007772088431788745,0.7482320473956658,0.007460055297223425,0.8611751821933197,0.8404054824524265,0.39726210324038636,False,0.7536414766643899,0.7489808811090977,0.7536414766643899,1e-10,COMPLETE
66,0.6125307771699963,gelu,512,0.15791914537199975,14,6.0,0.2844834890666971,1013,,41,0.8120256177629226,0.8094787742816207,,2,0.005608764592281788,3,mse,recon,0.465168436410805,False,1e-08,,,,,,,gelu,scaffold,512,0.15791914537199975,14,6.0,6.0,-6.0,0.2844834890666971,5,1013,,"[1013, 822, 665]","[42, 43, 44, 45]",41,0.8114511352418559,0.8090024330900243,,2,0.005608764592281788,3,sgd,mse,120,recon,,,,,,,0.465168436410805,False,,,,1e-08,PRUNED
