number,values_0,params_activation,params_batch_size,params_beta,params_beta_warmup_rounds,params_clip_abs,params_dropout,params_first_layer,params_grad_clip,params_latent_dim,params_layer_1_dropoff,params_layer_2_dropoff,params_layer_3_dropoff,params_local_epochs,params_lr,params_n_layers,params_recon_type,params_score_type,params_sgd_momentum,params_sgd_nesterov,params_weight_decay,user_attrs_NF-BoT-IoT-v3__test_auroc,user_attrs_NF-BoT-IoT-v3__val_auroc,user_attrs_NF-CICIDS2018-v3__test_auroc,user_attrs_NF-CICIDS2018-v3__val_auroc,user_attrs_NF-ToN-IoT-v3__test_auroc,user_attrs_NF-ToN-IoT-v3__val_auroc,user_attrs_activation,user_attrs_aggregation_method,user_attrs_batch_size,user_attrs_beta,user_attrs_beta_warmup_rounds,user_attrs_clip_abs,user_attrs_clip_max,user_attrs_clip_min,user_attrs_dropout,user_attrs_early_stop_patience,user_attrs_first_layer,user_attrs_grad_clip,user_attrs_hidden_dims,user_attrs_hpo_seeds,user_attrs_latent_dim,user_attrs_layer_1_dropoff,user_attrs_layer_2_dropoff,user_attrs_layer_3_dropoff,user_attrs_local_epochs,user_attrs_lr,user_attrs_n_layers,user_attrs_optimizer,user_attrs_recon_type,user_attrs_rounds,user_attrs_score_type,user_attrs_seed_seen_obj_mean,user_attrs_seed_seen_obj_std,user_attrs_seed_unseen_val_obj_mean,user_attrs_seed_unseen_val_obj_std,user_attrs_seen_test_mean,user_attrs_seen_test_min,user_attrs_sgd_momentum,user_attrs_sgd_nesterov,user_attrs_unseen__test_auroc,user_attrs_unseen__val_auroc,user_attrs_unseen_test_auroc,user_attrs_weight_decay,state
67,0.7226315750478416,gelu,512,0.13582097404658494,10,6.0,0.2965134495237071,964,,52,,,,4,0.0047279920307655805,1,mse,recon,0.6176179504394455,False,1e-10,,,,,,,gelu,scaffold,512,0.13582097404658494,10,6.0,6.0,-6.0,0.2965134495237071,2,964,,[964],"[42, 43, 44, 45]",52,,,,4,0.0047279920307655805,1,sgd,mse,120,recon,,,,,,,0.6176179504394455,False,,,,1e-10,PRUNED
68,0.690765326019257,gelu,512,0.11137385474183363,11,6.0,0.24484818520968069,450,,92,,,,6,0.0038386861777188392,1,mse,recon+kl,0.5444399589338801,False,1e-10,,,,,,,gelu,scaffold,512,0.11137385474183363,11,6.0,6.0,-6.0,0.24484818520968069,2,450,,[450],"[42, 43, 44, 45]",92,,,,6,0.0038386861777188392,1,sgd,mse,120,recon+kl,,,,,,,0.5444399589338801,False,,,,1e-10,PRUNED
69,0.5696732959891126,gelu,256,0.21286891873486166,14,3.0,0.27257871798982874,750,5.0,127,0.7585141349267653,0.5781210306945079,,8,0.002340609242297283,3,huber,recon,0.33983714544705274,False,1e-06,0.5507164294813536,0.5511189300646733,0.5863193656492441,0.5883148658552878,0.8401691062601492,0.831910447843693,gelu,scaffold,256,0.21286891873486166,14,3.0,3.0,-3.0,0.27257871798982874,2,750,5.0,"[750, 568, 328]","[42, 43, 44, 45]",127,0.7573333333333333,0.5774647887323944,,8,0.002340609242297283,3,sgd,huber,120,recon,0.5696732959891126,0.00013817100537669207,0.8317680725612062,0.0010346269814356045,0.5685178975652989,0.5507164294813536,0.33983714544705274,False,0.8401691062601492,0.831910447843693,0.8401691062601492,1e-06,COMPLETE
70,0.7946371575113701,gelu,512,0.18219755060826254,9,6.0,0.21720123125312052,580,,73,,,,3,0.002909649248000294,1,mse,recon,0.5126776236713908,False,1e-10,,,,,,,gelu,scaffold,512,0.18219755060826254,9,6.0,6.0,-6.0,0.21720123125312052,3,580,,[580],"[42, 43, 44, 45]",73,,,,3,0.002909649248000294,1,sgd,mse,120,recon,,,,,,,0.5126776236713908,False,,,,1e-10,PRUNED
71,0.8584599466356566,gelu,512,0.15727195078995038,9,6.0,0.2514935509434911,694,,38,,,,5,0.0045751794232580635,1,mse,recon,0.37496409170630013,False,1e-10,,,,,,,gelu,scaffold,512,0.15727195078995038,9,6.0,6.0,-6.0,0.2514935509434911,2,694,,[694],"[42, 43, 44, 45]",38,,,,5,0.0045751794232580635,1,sgd,mse,120,recon,,,,,,,0.37496409170630013,False,,,,1e-10,PRUNED
72,0.8627421423544663,gelu,512,0.17016272854820086,12,6.0,0.2614252618239753,721,,45,,,,5,0.0041671470864249405,1,mse,recon,0.44871976685560605,False,1e-10,0.8878968502618352,0.8863880527189284,0.8404625160648126,0.8387211168549283,0.7604267453960081,0.7532265899460147,gelu,scaffold,512,0.17016272854820086,12,6.0,6.0,-6.0,0.2614252618239753,2,721,,[721],"[42, 43, 44, 45]",45,,,,5,0.0041671470864249405,1,sgd,mse,120,recon,0.8627421423544663,0.00759070716141134,0.7524928243445651,0.004177619312385728,0.8641796831633239,0.8404625160648126,0.44871976685560605,False,0.7604267453960081,0.7532265899460147,0.7604267453960081,1e-10,COMPLETE
73,0.8602282153028276,gelu,512,0.10914168481351057,12,6.0,0.2972957687221681,524,,45,,,,6,0.0033982458555067425,1,mse,recon,0.44153629776564374,False,1e-10,0.8824796920072031,0.8804105547464347,0.8400733853805032,0.8394655550898407,0.7551613631616679,0.7472284376346574,gelu,scaffold,512,0.10914168481351057,12,6.0,6.0,-6.0,0.2972957687221681,2,524,,[524],"[42, 43, 44, 45]",45,,,,6,0.0033982458555067425,1,sgd,mse,120,recon,0.8602282153028276,0.006733264353838509,0.7484856914972687,0.031860125411064914,0.8612765386938532,0.8400733853805032,0.44153629776564374,False,0.7551613631616679,0.7472284376346574,0.7551613631616679,1e-10,COMPLETE
74,0.8636495514083408,gelu,128,0.13204796563886728,13,6.0,0.32323476150656527,667,,21,,,,4,0.005841459278802227,1,mse,recon,0.4919746339037162,False,0.0001,0.9372071311773085,0.9368751658227348,0.7850792656193255,0.789024895872731,0.5760744466460059,0.5761597506825782,gelu,scaffold,128,0.13204796563886728,13,6.0,6.0,-6.0,0.32323476150656527,2,667,,[667],"[42, 43, 44, 45]",21,,,,4,0.005841459278802227,1,sgd,mse,120,recon,0.8636495514083408,0.017000892237585035,0.5750887092828744,0.0841160259265546,0.861143198398317,0.7850792656193255,0.4919746339037162,False,0.5760744466460059,0.5761597506825782,0.5760744466460059,0.0001,COMPLETE
75,0.7481745092587888,relu,128,0.1288199905560597,13,5.0,0.3351546210301945,665,1.0,20,,,,5,0.009535829298205973,1,mse,recon,0.6982108599297042,False,0.0001,0.7280915943632502,0.7320815157515135,0.7613816867723793,0.7653513483858039,0.7833544363344189,0.7773471825894126,relu,scaffold,128,0.1288199905560597,13,5.0,5.0,-5.0,0.3351546210301945,2,665,1.0,[665],"[42, 43, 44, 45]",20,,,,5,0.009535829298205973,1,sgd,mse,120,recon,0.7481745092587888,0.028461839956549807,0.7767169091912367,0.00658225582977514,0.7447366405678147,0.7280915943632502,0.6982108599297042,False,0.7833544363344189,0.7773471825894126,0.7833544363344189,0.0001,COMPLETE
76,0.6142932905534199,gelu,128,0.1204250196800347,12,6.0,0.3669388840675719,725,,28,0.9856094094885908,0.9298332603970656,0.9912380013180305,1,0.006702541719687856,4,mse,recon,0.4834194279380094,False,0.0001,,,,,,,gelu,scaffold,128,0.1204250196800347,12,6.0,6.0,-6.0,0.3669388840675719,10,725,,"[725, 714, 663, 657]","[42, 43, 44, 45]",28,0.9848275862068966,0.9285714285714286,0.9909502262443439,1,0.006702541719687856,4,sgd,mse,120,recon,,,,,,,0.4834194279380094,False,,,,0.0001,PRUNED
77,0.8524293868580896,gelu,128,1.7391473377253945,13,6.0,0.3266787897799716,779,,113,,,,5,0.0018505108738937626,1,mse,recon,0.3988148880093826,False,0.0001,0.8653551946500176,0.8652715270839095,0.8380370445637426,0.8359949058315035,0.7800982046925247,0.7728937837172893,gelu,scaffold,128,1.7391473377253945,13,6.0,6.0,-6.0,0.3266787897799716,2,779,,[779],"[42, 43, 44, 45]",113,,,,5,0.0018505108738937626,1,sgd,mse,120,recon,0.8524293868580896,0.008508641200761561,0.7739114472490831,0.007433250983348328,0.8516961196068802,0.8380370445637426,0.3988148880093826,False,0.7800982046925247,0.7728937837172893,0.7800982046925247,0.0001,COMPLETE
78,0.8223333175742933,gelu,128,0.138196256500011,14,6.0,0.34637002182165433,839,5.0,24,,,,6,0.0004093827807147015,1,mse,recon,0.5595543728410535,False,0.0,,,,,,,gelu,scaffold,128,0.138196256500011,14,6.0,6.0,-6.0,0.34637002182165433,2,839,5.0,[839],"[42, 43, 44, 45]",24,,,,6,0.0004093827807147015,1,sgd,mse,120,recon,,,,,,,0.5595543728410535,False,,,,0.0,PRUNED
79,0.6785784869581007,gelu,128,0.17904821130319526,11,6.0,0.3968053221937121,621,,82,,,,5,0.003664795456544822,1,mse,recon+kl,0.5291228312228221,False,1e-08,0.6390012908300262,0.6418095741107668,0.7082927832064143,0.7160339617897377,0.8218364597387103,0.8133136192446574,gelu,scaffold,128,0.17904821130319526,11,6.0,6.0,-6.0,0.3968053221937121,2,621,,[621],"[42, 43, 44, 45]",82,,,,5,0.003664795456544822,1,sgd,mse,120,recon+kl,0.6785784869581007,0.015757090095824475,0.8141994331214566,0.009428177564697058,0.6736470370182203,0.6390012908300262,0.5291228312228221,False,0.8218364597387103,0.8133136192446574,0.8218364597387103,1e-08,COMPLETE
