number,values_0,params_activation,params_batch_size,params_beta,params_beta_warmup_rounds,params_clip_abs,params_dropout,params_first_layer,params_grad_clip,params_latent_dim,params_layer_1_dropoff,params_layer_2_dropoff,params_layer_3_dropoff,params_local_epochs,params_lr,params_n_layers,params_recon_type,params_score_type,params_sgd_momentum,params_sgd_nesterov,params_weight_decay,user_attrs_NF-BoT-IoT-v3__test_auroc,user_attrs_NF-BoT-IoT-v3__val_auroc,user_attrs_NF-CICIDS2018-v3__test_auroc,user_attrs_NF-CICIDS2018-v3__val_auroc,user_attrs_NF-ToN-IoT-v3__test_auroc,user_attrs_NF-ToN-IoT-v3__val_auroc,user_attrs_activation,user_attrs_aggregation_method,user_attrs_batch_size,user_attrs_beta,user_attrs_beta_warmup_rounds,user_attrs_clip_abs,user_attrs_clip_max,user_attrs_clip_min,user_attrs_dropout,user_attrs_early_stop_patience,user_attrs_first_layer,user_attrs_grad_clip,user_attrs_hidden_dims,user_attrs_hpo_seeds,user_attrs_latent_dim,user_attrs_layer_1_dropoff,user_attrs_layer_2_dropoff,user_attrs_layer_3_dropoff,user_attrs_local_epochs,user_attrs_lr,user_attrs_n_layers,user_attrs_optimizer,user_attrs_recon_type,user_attrs_rounds,user_attrs_score_type,user_attrs_seed_seen_obj_mean,user_attrs_seed_seen_obj_std,user_attrs_seed_unseen_val_obj_mean,user_attrs_seed_unseen_val_obj_std,user_attrs_seen_test_mean,user_attrs_seen_test_min,user_attrs_sgd_momentum,user_attrs_sgd_nesterov,user_attrs_unseen__test_auroc,user_attrs_unseen__val_auroc,user_attrs_unseen_test_auroc,user_attrs_weight_decay,state
77,0.8227469923754471,relu,64,0.23164920973783618,13,4.0,0.051526533656381726,479,,49,,,,3,0.01481002702550055,1,mse,recon,0.8250397645183691,False,0.0,,,,,,,relu,fedavg,64,0.23164920973783618,13,4.0,4.0,-4.0,0.051526533656381726,3,479,,[479],"[42, 43, 44, 45]",49,,,,3,0.01481002702550055,1,sgd,mse,120,recon,,,,,,,0.8250397645183691,False,,,,0.0,PRUNED
78,0.853294906560653,relu,256,0.29585702804838554,15,4.0,0.0376864375378651,207,5.0,57,,,,2,0.0100863411411176,1,mse,recon,0.8874038272808552,True,0.0001,0.9089972264089523,0.9072948743369442,0.797961335312857,0.8002205618779884,0.7281946255558001,0.7159710873361296,relu,fedavg,256,0.29585702804838554,15,4.0,4.0,-4.0,0.0376864375378651,5,207,5.0,[207],"[42, 43, 44, 45]",57,,,,2,0.0100863411411176,1,sgd,mse,120,recon,0.853294906560653,0.00630871467193754,0.7168915505201895,0.0026678353074790924,0.8534792808609046,0.797961335312857,0.8874038272808552,True,0.7281946255558001,0.7159710873361296,0.7281946255558001,0.0001,COMPLETE
79,0.7750776603141272,relu,512,0.30460740588341484,15,4.0,0.13213805062073763,215,5.0,44,,,,2,0.006617742372956024,1,mse,recon,0.7976949469175942,True,1e-10,,,,,,,relu,fedavg,512,0.30460740588341484,15,4.0,4.0,-4.0,0.13213805062073763,5,215,5.0,[215],"[42, 43, 44, 45]",44,,,,2,0.006617742372956024,1,sgd,mse,120,recon,,,,,,,0.7976949469175942,True,,,,1e-10,PRUNED
