number,values_0,params_activation,params_batch_size,params_beta,params_beta_warmup_rounds,params_clip_abs,params_dropout,params_first_layer,params_grad_clip,params_latent_dim,params_layer_1_dropoff,params_layer_2_dropoff,params_layer_3_dropoff,params_local_epochs,params_lr,params_n_layers,params_prox_mu,params_recon_type,params_score_type,params_sgd_momentum,params_sgd_nesterov,params_weight_decay,user_attrs_NF-BoT-IoT-v3__test_auroc,user_attrs_NF-BoT-IoT-v3__val_auroc,user_attrs_NF-CICIDS2018-v3__test_auroc,user_attrs_NF-CICIDS2018-v3__val_auroc,user_attrs_NF-ToN-IoT-v3__test_auroc,user_attrs_NF-ToN-IoT-v3__val_auroc,user_attrs_activation,user_attrs_aggregation_method,user_attrs_batch_size,user_attrs_beta,user_attrs_beta_warmup_rounds,user_attrs_clip_abs,user_attrs_clip_max,user_attrs_clip_min,user_attrs_dropout,user_attrs_early_stop_patience,user_attrs_first_layer,user_attrs_grad_clip,user_attrs_hidden_dims,user_attrs_hpo_seeds,user_attrs_latent_dim,user_attrs_layer_1_dropoff,user_attrs_layer_2_dropoff,user_attrs_layer_3_dropoff,user_attrs_local_epochs,user_attrs_lr,user_attrs_n_layers,user_attrs_optimizer,user_attrs_prox_mu,user_attrs_recon_type,user_attrs_rounds,user_attrs_score_type,user_attrs_seed_seen_obj_mean,user_attrs_seed_seen_obj_std,user_attrs_seed_unseen_val_obj_mean,user_attrs_seed_unseen_val_obj_std,user_attrs_seen_test_mean,user_attrs_seen_test_min,user_attrs_sgd_momentum,user_attrs_sgd_nesterov,user_attrs_unseen__test_auroc,user_attrs_unseen__val_auroc,user_attrs_unseen_test_auroc,user_attrs_weight_decay,state
0,0.8112681120176088,relu,512,0.870804191700653,5,6.0,0.1692425840497844,338,5.0,95,0.6134257267821015,0.7756573845414456,,1,0.004307355413840528,3,0.007444899771978196,mse,recon,0.8069602043739,False,0.0001,0.8164805688684162,0.8249047166101222,0.7883350362504963,0.7986511408368945,0.8284234280004741,0.8186327362774042,relu,fedprox,512,0.870804191700653,5,6.0,6.0,-6.0,0.1692425840497844,10,338,5.0,"[338, 207, 160]","[42, 43, 44, 45]",95,0.6124260355029586,0.7729468599033816,,1,0.004307355413840528,3,sgd,0.007444899771978196,mse,120,recon,0.8112681120176088,0.003514523881166055,0.8186322511577016,0.004703922340650318,0.8024078025594563,0.7883350362504963,0.8069602043739,False,0.8284234280004741,0.8186327362774042,0.8284234280004741,0.0001,COMPLETE
1,0.699468954161892,elu,128,0.7547284009180051,13,4.0,0.3465236631533464,368,5.0,58,,,,5,0.0025590868054805567,1,0.012206427790432172,huber,recon+kl,0.6358480938141586,True,1e-08,0.6755716909308841,0.6751183927284496,0.7143873355650014,0.7218326564002401,0.8237773242937597,0.8156942339318946,elu,fedprox,128,0.7547284009180051,13,4.0,4.0,-4.0,0.3465236631533464,2,368,5.0,[368],"[42, 43, 44, 45]",58,,,,5,0.0025590868054805567,1,sgd,0.012206427790432172,huber,120,recon+kl,0.699468954161892,0.004229026156202012,0.8175181811104149,0.0020440273770404743,0.6949795132479428,0.6755716909308841,0.6358480938141586,True,0.8237773242937597,0.8156942339318946,0.8237773242937597,1e-08,COMPLETE
2,0.6005352369783288,relu,512,0.14801245329920112,5,5.0,0.3700529958455945,728,,55,0.777191624858886,,,4,0.0012692690224631797,2,0.09226484528890701,huber,recon+kl,0.487471746489052,False,1e-08,0.5628600540793804,0.5670676225112476,0.628842176271684,0.6342045583376141,0.8316504183907527,0.8250204691113407,relu,fedprox,512,0.14801245329920112,5,5.0,5.0,-5.0,0.3700529958455945,2,728,,"[728, 565]","[42, 43, 44, 45]",55,0.7760989010989011,,,4,0.0012692690224631797,2,sgd,0.09226484528890701,huber,120,recon+kl,0.6005352369783288,0.00034238300527388265,0.8251642115493535,0.0008605309632736249,0.5958511151755322,0.5628600540793804,0.487471746489052,False,0.8316504183907527,0.8250204691113407,0.8316504183907527,1e-08,COMPLETE
3,0.5867924646738772,leakyrelu,256,0.9557843531465328,11,4.0,0.10301682566163324,263,2.0,127,0.6462447063962125,0.7600050765362417,0.9509556863303352,7,0.001043682058992719,4,0.01973732469708263,huber,recon,0.88120502814454,False,1e-06,0.5521179020813223,0.554625742791768,0.6137755461095399,0.619087875582614,0.8381680751014693,0.8299651913382671,leakyrelu,fedprox,256,0.9557843531465328,11,4.0,4.0,-4.0,0.10301682566163324,2,263,2.0,"[263, 169, 128, 121]","[42, 43, 44, 45]",127,0.6425855513307985,0.757396449704142,0.9453125,7,0.001043682058992719,4,sgd,0.01973732469708263,huber,120,recon,0.5867924646738772,0.0003638735645908122,0.830295337346949,0.0007068407385040981,0.5829467240954311,0.5521179020813223,0.88120502814454,False,0.8381680751014693,0.8299651913382671,0.8381680751014693,1e-06,COMPLETE
4,0.8160006678775253,elu,64,0.10224967616933398,8,3.0,0.37103063183015583,145,2.0,48,0.7913355439307024,0.9074218514467048,,4,0.0006989652193636288,3,0.009122095488746505,mse,recon,0.7710621308698205,True,1e-08,0.8188062080268552,0.8243094747347307,0.7999803082562316,0.8085032898760164,0.8078150349709563,0.7994809748401046,elu,fedprox,64,0.10224967616933398,8,3.0,3.0,-3.0,0.37103063183015583,2,145,2.0,"[145, 114, 103]","[42, 43, 44, 45]",48,0.7862068965517242,0.9035087719298246,,4,0.0006989652193636288,3,sgd,0.009122095488746505,mse,120,recon,0.8160006678775253,0.00241395396747984,0.8018415967153456,0.0032940672817221204,0.8093932581415434,0.7999803082562316,0.7710621308698205,True,0.8078150349709563,0.7994809748401046,0.8078150349709563,1e-08,COMPLETE
5,0.6150575745943576,relu,512,0.25591321494179153,0,6.0,0.01963885224911053,803,1.0,88,0.7868870568294122,0.5513176296053979,0.8499170373864573,8,0.014196929441766948,4,0.00019548546690656887,huber,recon,0.08673152509304173,True,1e-05,,,,,,,relu,fedprox,512,0.25591321494179153,0,6.0,6.0,-6.0,0.01963885224911053,2,803,1.0,"[803, 631, 347, 294]","[42, 43, 44, 45]",88,0.7858032378580324,0.5499207606973059,0.8472622478386167,8,0.014196929441766948,4,sgd,0.00019548546690656887,huber,120,recon,,,,,,,0.08673152509304173,True,,,,1e-05,PRUNED
6,0.5793931029032385,elu,512,0.24609500748773422,10,4.0,0.3195385324852248,989,2.0,104,0.6709153067825082,,,5,0.0014447610932163098,2,0.00013730479264158517,huber,recon+kl,0.20331131916292894,True,1e-10,0.5394670527866687,0.5416308119104474,0.611187798833737,0.6164932349028396,0.8424861179321881,0.8348622689301353,elu,fedprox,512,0.24609500748773422,10,4.0,4.0,-4.0,0.3195385324852248,2,989,2.0,"[989, 663]","[42, 43, 44, 45]",104,0.6703741152679474,,,5,0.0014447610932163098,2,sgd,0.00013730479264158517,huber,120,recon+kl,0.5793931029032385,0.0020641573595249546,0.8346190769530389,0.0002896909592490853,0.5753274258102028,0.5394670527866687,0.20331131916292894,True,0.8424861179321881,0.8348622689301353,0.8424861179321881,1e-10,COMPLETE
7,0.8249052164304223,elu,64,0.1964873496686956,9,5.0,0.1719253351546328,997,,123,0.9358414665711536,0.8550808256603493,,8,0.011837733033502289,3,0.0016608739766509342,huber,recon,0.34539750208823267,True,0.0,0.8469696071624131,0.8485817040367604,0.7992169497648846,0.8023577199773821,0.733092412892494,0.7240232805711264,elu,fedprox,64,0.1964873496686956,9,5.0,5.0,-5.0,0.1719253351546328,2,997,,"[997, 933, 797]","[42, 43, 44, 45]",123,0.9358074222668004,0.8542336548767417,,8,0.011837733033502289,3,sgd,0.0016608739766509342,huber,120,recon,0.8249052164304223,0.013481693319923209,0.7226195793606441,0.007244473189745204,0.8230932784636489,0.7992169497648846,0.34539750208823267,True,0.733092412892494,0.7240232805711264,0.733092412892494,0.0,COMPLETE
8,0.7867831871270753,relu,64,1.174470001684114,11,5.0,0.2723611995979826,887,,119,0.5133055577799798,,,3,0.0007129456764093419,2,0.016798916307408533,mse,recon,0.31952255254695466,True,0.0001,,,,,,,relu,fedprox,64,1.174470001684114,11,5.0,5.0,-5.0,0.2723611995979826,3,887,,"[887, 455]","[42, 43, 44, 45]",119,0.5129650507328072,,,3,0.0007129456764093419,2,sgd,0.016798916307408533,mse,120,recon,,,,,,,0.31952255254695466,True,,,,0.0001,PRUNED
9,0.7465204201289514,elu,64,0.12993318822468677,5,4.0,0.2322852853577816,385,1.0,118,0.7714943912725968,0.8469923514291213,,2,0.0021657811888391334,3,0.013223462282085669,mse,recon,0.7685156790761958,False,0.0001,0.7088770155106587,0.7146022706424608,0.7701246046127416,0.7794120431524856,0.8360043165657147,0.8256378059841074,elu,fedprox,64,0.12993318822468677,5,4.0,4.0,-4.0,0.2322852853577816,5,385,1.0,"[385, 297, 251]","[42, 43, 44, 45]",118,0.7714285714285715,0.8451178451178452,,2,0.0021657811888391334,3,sgd,0.013223462282085669,mse,120,recon,0.7465204201289514,0.010272426469208628,0.8255595988077697,0.001506064363947916,0.7395008100617002,0.7088770155106587,0.7685156790761958,False,0.8360043165657147,0.8256378059841074,0.8360043165657147,0.0001,COMPLETE
10,0.7666547180213796,gelu,256,0.41952925294727395,15,8.0,0.15940436508710043,615,,20,,,,7,0.017764136082819067,1,0.0012154854389841594,huber,recon+kl,0.4241132095137619,True,0.0,,,,,,,gelu,fedprox,256,0.41952925294727395,15,8.0,8.0,-8.0,0.15940436508710043,2,615,,[615],"[42, 43, 44, 45]",20,,,,7,0.017764136082819067,1,sgd,0.0012154854389841594,huber,120,recon+kl,,,,,,,0.4241132095137619,True,,,,0.0,PRUNED
11,0.5677613730875111,elu,64,0.10073873859989589,8,3.0,0.08635868681557682,79,2.0,31,0.987987940281086,0.9807973568930153,,6,0.00031638177234472677,3,0.0016941012970075634,mse,recon,0.5770178018645201,True,0.0,0.5425701818263927,0.5428811123906511,0.5895776953603504,0.5927063017108202,0.837582469173436,0.829408979548059,elu,fedprox,64,0.10073873859989589,8,3.0,3.0,-3.0,0.08635868681557682,2,79,2.0,"[79, 78, 76]","[42, 43, 44, 45]",31,0.9873417721518988,0.9743589743589743,,6,0.00031638177234472677,3,sgd,0.0016941012970075634,mse,120,recon,0.5677613730875111,0.0013106267569102268,0.829642689640054,0.0013328736531229434,0.5660739385933715,0.5425701818263927,0.5770178018645201,True,0.837582469173436,0.829408979548059,0.837582469173436,0.0,COMPLETE
12,0.7866811723338056,elu,64,0.20001271596621456,8,3.0,0.2573561480847331,68,,76,0.9277132085001356,0.9175140963848136,,4,0.008272990333042147,3,0.0006004121326209111,mse,recon,0.30418495177134436,True,0.0,0.7698497481376108,0.7742939273832843,0.7937989541642441,0.7996705537397378,0.8114537926129147,0.8025346416629504,elu,fedprox,64,0.20001271596621456,8,3.0,3.0,-3.0,0.2573561480847331,2,68,,"[68, 63, 57]","[42, 43, 44, 45]",76,0.9264705882352942,0.9047619047619048,,4,0.008272990333042147,3,sgd,0.0006004121326209111,mse,120,recon,0.7866811723338056,0.011820720713679842,0.8024149935035122,0.002762251247924576,0.7818243511509274,0.7698497481376108,0.30418495177134436,True,0.8114537926129147,0.8025346416629504,0.8114537926129147,0.0,COMPLETE
13,0.6033219703598329,gelu,64,0.3933627882976633,2,5.0,0.18894910355034997,527,2.0,40,0.8795554949219533,0.8646718155252957,0.5093920150666754,8,0.00042793832244448945,4,0.004080527831161185,mse,recon,0.6764601807830686,True,1e-08,,,,,,,gelu,fedprox,64,0.3933627882976633,2,5.0,5.0,-5.0,0.18894910355034997,2,527,2.0,"[527, 463, 400, 203]","[42, 43, 44, 45]",40,0.8785578747628083,0.8639308855291576,0.5075,8,0.00042793832244448945,4,sgd,0.004080527831161185,mse,120,recon,,,,,,,0.6764601807830686,True,,,,1e-08,PRUNED
14,0.571065008862696,leakyrelu,128,0.17162357694642014,7,3.0,0.293511821493899,1012,,71,0.8718337443689843,0.5929741413059909,,3,0.0056689630926666755,3,0.045047572704913975,huber,recon,0.006869893463818666,True,1e-10,,,,,,,leakyrelu,fedprox,128,0.17162357694642014,7,3.0,3.0,-3.0,0.293511821493899,3,1012,,"[1012, 882, 523]","[42, 43, 44, 45]",71,0.8715415019762845,0.5929705215419501,,3,0.0056689630926666755,3,sgd,0.045047572704913975,huber,120,recon,,,,,,,0.006869893463818666,True,,,,1e-10,PRUNED
15,0.6448226966869324,elu,64,1.7476742733156083,9,8.0,0.39361630180549984,592,2.0,47,0.9999705491097535,,,6,0.008719963901936785,2,0.003811689972647377,mse,recon,0.9338841231100663,True,1e-06,,,,,,,elu,fedprox,64,1.7476742733156083,9,8.0,8.0,-8.0,0.39361630180549984,2,592,2.0,"[592, 591]","[42, 43, 44, 45]",47,0.9983108108108109,,,6,0.008719963901936785,2,sgd,0.003811689972647377,mse,120,recon,,,,,,,0.9338841231100663,True,,,,1e-06,PRUNED
16,0.6114586626267074,elu,64,0.3267420503194711,13,5.0,0.10243164525735277,189,5.0,11,0.855542151302596,0.6545574117312813,0.6071536664178159,6,0.0006900027780786537,4,0.0004898203502443127,mse,recon,0.42867697870318267,True,1e-05,,,,,,,elu,fedprox,64,0.3267420503194711,13,5.0,5.0,-5.0,0.10243164525735277,2,189,5.0,"[189, 161, 105, 63]","[42, 43, 44, 45]",11,0.8518518518518519,0.6521739130434783,0.6,6,0.0006900027780786537,4,sgd,0.0004898203502443127,mse,120,recon,,,,,,,0.42867697870318267,True,,,,1e-05,PRUNED
17,0.5901811654539262,elu,64,0.12437891704838473,6,3.0,0.22249698979264776,467,1.0,84,0.7193172542752645,0.9599151955283829,,3,0.0031572386385548593,3,0.001709106552537674,huber,recon,0.5391428597049818,True,1e-08,,,,,,,elu,fedprox,64,0.12437891704838473,6,3.0,3.0,-3.0,0.22249698979264776,3,467,1.0,"[467, 335, 321]","[42, 43, 44, 45]",84,0.7173447537473233,0.9582089552238806,,3,0.0031572386385548593,3,sgd,0.001709106552537674,huber,120,recon,,,,,,,0.5391428597049818,True,,,,1e-08,PRUNED
18,0.6169804714916614,leakyrelu,256,0.10541023648734146,3,5.0,0.13634953183840182,699,,31,0.8421921821914223,,,1,0.010337881648835137,2,0.005874587889408399,mse,recon+kl,0.1975095167875049,False,0.0,,,,,,,leakyrelu,fedprox,256,0.10541023648734146,3,5.0,5.0,-5.0,0.13634953183840182,10,699,,"[699, 588]","[42, 43, 44, 45]",31,0.8412017167381974,,,1,0.010337881648835137,2,sgd,0.005874587889408399,mse,120,recon+kl,,,,,,,0.1975095167875049,False,,,,0.0,PRUNED
19,0.5688767661885327,gelu,128,0.6437900910982751,12,3.0,0.028722818521318277,871,2.0,61,0.9279692517330413,0.8471543524955567,0.7253728513227887,7,0.0005749285288812909,4,0.0007266710940435615,huber,recon,0.7246113786129019,True,1e-08,,,,,,,gelu,fedprox,128,0.6437900910982751,12,3.0,3.0,-3.0,0.028722818521318277,2,871,2.0,"[871, 808, 684, 496]","[42, 43, 44, 45]",61,0.9276693455797933,0.8465346534653465,0.7251461988304093,7,0.0005749285288812909,4,sgd,0.0007266710940435615,huber,120,recon,,,,,,,0.7246113786129019,True,,,,1e-08,PRUNED
20,0.746866986704545,elu,64,0.20794266600529984,15,6.0,0.32414776714624305,461,,44,0.7120800077060879,0.6709589929212237,,5,0.005285432869906009,3,0.00028045265485344983,huber,recon,0.343849894118608,True,0.0,0.7301453312785426,0.7360126024102394,0.7489136611589997,0.7591278947239675,0.8345129939165401,0.8258711632617732,elu,fedprox,64,0.20794266600529984,15,6.0,6.0,-6.0,0.32414776714624305,2,461,,"[461, 328, 220]","[42, 43, 44, 45]",44,0.7114967462039046,0.6707317073170732,,5,0.005285432869906009,3,sgd,0.00028045265485344983,huber,120,recon,0.746866986704545,0.003409801741010463,0.8273404732369163,0.0010460445358145525,0.7395294962187712,0.7301453312785426,0.343849894118608,True,0.8345129939165401,0.8258711632617732,0.8345129939165401,0.0,COMPLETE
21,0.6091841862502141,relu,512,0.5432131054486415,6,6.0,0.1838340294825317,203,5.0,104,0.5957029616112092,0.7755287668476384,,1,0.003912945495613663,3,0.007354282495193568,mse,recon,0.8318854301123824,False,0.0001,,,,,,,relu,fedprox,512,0.5432131054486415,6,6.0,6.0,-6.0,0.1838340294825317,10,203,5.0,"[203, 120, 93]","[42, 43, 44, 45]",104,0.5911330049261084,0.775,,1,0.003912945495613663,3,sgd,0.007354282495193568,mse,120,recon,,,,,,,0.8318854301123824,False,,,,0.0001,PRUNED
22,0.6127118591245312,relu,512,1.0666723526578723,3,6.0,0.14616657037024722,301,5.0,99,0.5617385304825014,0.8192489842582588,,2,0.0018392272275877582,3,0.002464885157004205,mse,recon,0.788983926048034,False,0.0001,,,,,,,relu,fedprox,512,1.0666723526578723,3,6.0,6.0,-6.0,0.14616657037024722,5,301,5.0,"[301, 169, 138]","[42, 43, 44, 45]",99,0.5614617940199336,0.8165680473372781,,2,0.0018392272275877582,3,sgd,0.002464885157004205,mse,120,recon,,,,,,,0.788983926048034,False,,,,0.0001,PRUNED
23,0.6145622526771553,relu,512,1.920534501522788,9,6.0,0.21162231676736035,198,5.0,113,0.6340254400221922,0.9094111117008014,,2,0.0052417371050111,3,0.03142152020940449,mse,recon,0.6313337904815212,False,0.0001,,,,,,,relu,fedprox,512,1.920534501522788,9,6.0,6.0,-6.0,0.21162231676736035,5,198,5.0,"[198, 125, 113]","[42, 43, 44, 45]",113,0.6313131313131313,0.904,,2,0.0052417371050111,3,sgd,0.03142152020940449,mse,120,recon,,,,,,,0.6313337904815212,False,,,,0.0001,PRUNED
24,0.6758371931220963,elu,64,0.3100226567675773,4,8.0,0.17060769977517096,301,5.0,91,0.8240326421441655,,,4,0.01985568413993048,2,0.006835752603270418,mse,recon,0.9281543701052648,False,1e-10,,,,,,,elu,fedprox,64,0.3100226567675773,4,8.0,8.0,-8.0,0.17060769977517096,2,301,5.0,"[301, 248]","[42, 43, 44, 45]",91,0.8239202657807309,,,4,0.01985568413993048,2,sgd,0.006835752603270418,mse,120,recon,,,,,,,0.9281543701052648,False,,,,1e-10,PRUNED
25,0.6177302019415138,relu,512,1.4755999154973582,7,6.0,0.07858857072621289,139,5.0,127,0.9232516152457342,0.7014046082752453,,1,0.010705802868848643,3,0.002568030353794015,mse,recon,0.8344967012167913,False,1e-05,,,,,,,relu,fedprox,512,1.4755999154973582,7,6.0,6.0,-6.0,0.07858857072621289,10,139,5.0,"[139, 128, 89]","[42, 43, 44, 45]",127,0.920863309352518,0.6953125,,1,0.010705802868848643,3,sgd,0.002568030353794015,mse,120,recon,,,,,,,0.8344967012167913,False,,,,1e-05,PRUNED
26,0.575642451372777,gelu,128,0.537059681168927,9,3.0,0.2470224061768332,394,2.0,77,0.7210412110210952,0.7886178244208379,0.9736036169123097,3,0.006674235750213516,4,0.000957151822381101,mse,recon+kl,0.6991177628892657,False,1e-06,,,,,,,gelu,fedprox,128,0.537059681168927,9,3.0,3.0,-3.0,0.2470224061768332,3,394,2.0,"[394, 284, 223, 217]","[42, 43, 44, 45]",77,0.7208121827411168,0.7852112676056338,0.9730941704035875,3,0.006674235750213516,4,sgd,0.000957151822381101,mse,120,recon+kl,,,,,,,0.6991177628892657,False,,,,1e-06,PRUNED
27,0.6005401763789396,leakyrelu,256,0.16074988119889444,0,5.0,0.12492169277514686,282,1.0,96,0.5379560442807745,0.9074466177956655,,2,0.0039151849721520676,3,0.010435878545344548,mse,recon,0.22559527298500565,True,0.0001,,,,,,,leakyrelu,fedprox,256,0.16074988119889444,0,5.0,5.0,-5.0,0.12492169277514686,5,282,1.0,"[282, 151, 137]","[42, 43, 44, 45]",96,0.5354609929078015,0.9072847682119205,,2,0.0039151849721520676,3,sgd,0.010435878545344548,mse,120,recon,,,,,,,0.22559527298500565,True,,,,0.0001,PRUNED
28,0.7409465270486282,elu,64,0.7998272028091463,5,3.0,0.05040196305308106,134,5.0,112,0.6105853968361502,,,8,0.013551990209180468,2,0.03800714718023722,huber,recon,0.5792537878960676,False,0.0,0.7204924723534691,0.7209025202233175,0.7527282426459381,0.7605149548585827,0.8201420759783306,0.8113338457373444,elu,fedprox,64,0.7998272028091463,5,3.0,3.0,-3.0,0.05040196305308106,2,134,5.0,"[134, 81]","[42, 43, 44, 45]",112,0.6044776119402985,,,8,0.013551990209180468,2,sgd,0.03800714718023722,huber,120,recon,0.7409465270486282,0.010553159729389715,0.8116989350652283,0.003314461210246253,0.7366103574997036,0.7204924723534691,0.5792537878960676,False,0.8201420759783306,0.8113338457373444,0.8201420759783306,0.0,COMPLETE
29,0.7104431262713076,elu,128,0.8096690034648137,13,6.0,0.20065930460666034,450,2.0,62,,,,5,0.0028360207020067785,1,0.009429044225398886,huber,recon+kl,0.3955236445354485,True,1e-08,0.6801731236393127,0.6826749259325118,0.7291311265032243,0.737124629074535,0.8199221832715202,0.813523793680766,elu,fedprox,128,0.8096690034648137,13,6.0,6.0,-6.0,0.20065930460666034,2,450,2.0,[450],"[42, 43, 44, 45]",62,,,,5,0.0028360207020067785,1,sgd,0.009429044225398886,huber,120,recon+kl,0.7104431262713076,0.008002079354066997,0.8145815751419254,0.0022342431824729394,0.7046521250712685,0.6801731236393127,0.3955236445354485,True,0.8199221832715202,0.813523793680766,0.8199221832715202,1e-08,COMPLETE
30,0.6018332188450835,relu,512,0.1317511322918145,10,5.0,0.28637205103559105,379,,51,0.6818595872108633,0.7243276925917262,0.7177393614542065,6,0.0009120372212880235,4,0.02472753314256098,mse,recon,0.5108594120191406,True,1e-08,0.5627284308135804,0.5666355425625799,0.6318256400992773,0.6370174293806838,0.8322393360692908,0.8256348952658903,relu,fedprox,512,0.1317511322918145,10,5.0,5.0,-5.0,0.28637205103559105,2,379,,"[379, 258, 186, 133]","[42, 43, 44, 45]",51,0.6807387862796834,0.7209302325581395,0.7150537634408602,6,0.0009120372212880235,4,sgd,0.02472753314256098,mse,120,recon,0.6018332188450835,0.0004067545602234822,0.8252830217747597,0.0006295294780104011,0.5972770354564289,0.5627284308135804,0.5108594120191406,True,0.8322393360692908,0.8256348952658903,0.8322393360692908,1e-08,COMPLETE
