number,values_0,params_activation,params_batch_size,params_beta,params_beta_warmup_rounds,params_clip_abs,params_dropout,params_first_layer,params_grad_clip,params_latent_dim,params_layer_1_dropoff,params_layer_2_dropoff,params_layer_3_dropoff,params_local_epochs,params_lr,params_n_layers,params_prox_mu,params_recon_type,params_score_type,params_sgd_momentum,params_sgd_nesterov,params_weight_decay,user_attrs_NF-BoT-IoT-v3__test_auroc,user_attrs_NF-BoT-IoT-v3__val_auroc,user_attrs_NF-CICIDS2018-v3__test_auroc,user_attrs_NF-CICIDS2018-v3__val_auroc,user_attrs_NF-ToN-IoT-v3__test_auroc,user_attrs_NF-ToN-IoT-v3__val_auroc,user_attrs_activation,user_attrs_aggregation_method,user_attrs_batch_size,user_attrs_beta,user_attrs_beta_warmup_rounds,user_attrs_clip_abs,user_attrs_clip_max,user_attrs_clip_min,user_attrs_dropout,user_attrs_early_stop_patience,user_attrs_first_layer,user_attrs_grad_clip,user_attrs_hidden_dims,user_attrs_hpo_seeds,user_attrs_latent_dim,user_attrs_layer_1_dropoff,user_attrs_layer_2_dropoff,user_attrs_layer_3_dropoff,user_attrs_local_epochs,user_attrs_lr,user_attrs_n_layers,user_attrs_optimizer,user_attrs_prox_mu,user_attrs_recon_type,user_attrs_rounds,user_attrs_score_type,user_attrs_seed_seen_obj_mean,user_attrs_seed_seen_obj_std,user_attrs_seed_unseen_val_obj_mean,user_attrs_seed_unseen_val_obj_std,user_attrs_seen_test_mean,user_attrs_seen_test_min,user_attrs_sgd_momentum,user_attrs_sgd_nesterov,user_attrs_unseen__test_auroc,user_attrs_unseen__val_auroc,user_attrs_unseen_test_auroc,user_attrs_weight_decay,state
65,0.5676759626186162,elu,256,0.1320031630686001,8,3.0,0.1702483848248165,178,2.0,77,0.952199043930671,0.7188181196950637,,5,0.0007678976207483274,3,0.011974043352484821,mse,recon,0.7961435759406165,True,1e-08,0.5407770665040897,0.5407583461757749,0.5906491030989329,0.5934503283290148,0.8375468114052171,0.8294756761569015,elu,fedprox,256,0.1320031630686001,8,3.0,3.0,-3.0,0.1702483848248165,2,178,2.0,"[178, 169, 121]","[42, 43, 44, 45]",77,0.949438202247191,0.7159763313609467,,5,0.0007678976207483274,3,sgd,0.011974043352484821,mse,120,recon,0.5676759626186162,0.00284367495546374,0.8297578100155992,0.002092126532284017,0.5657130848015113,0.5407770665040897,0.7961435759406165,True,0.8375468114052171,0.8294756761569015,0.8375468114052171,1e-08,COMPLETE
66,0.6140808081235734,gelu,64,0.22905090697454872,9,6.0,0.1886029465112209,420,,84,0.835825003654637,0.8368528938112078,,4,0.010166465839855147,3,0.00799117567116008,huber,recon,0.42985493990396884,True,0.0,,,,,,,gelu,fedprox,64,0.22905090697454872,9,6.0,6.0,-6.0,0.1886029465112209,2,420,,"[420, 351, 293]","[42, 43, 44, 45]",84,0.8357142857142857,0.8347578347578347,,4,0.010166465839855147,3,sgd,0.00799117567116008,huber,120,recon,,,,,,,0.42985493990396884,True,,,,0.0,PRUNED
67,0.6048786459832796,relu,512,0.19054666186432379,2,5.0,0.2392542805226118,337,5.0,9,0.9217108528955514,0.892557604801481,0.812875614713527,2,0.012224639072499655,4,0.004834153197826311,mse,recon,0.7292921738995815,False,0.0001,,,,,,,relu,fedprox,512,0.19054666186432379,2,5.0,5.0,-5.0,0.2392542805226118,5,337,5.0,"[337, 310, 276, 224]","[42, 43, 44, 45]",9,0.9198813056379822,0.8903225806451613,0.8115942028985508,2,0.012224639072499655,4,sgd,0.004834153197826311,mse,120,recon,,,,,,,0.7292921738995815,False,,,,0.0001,PRUNED
68,0.6855058640093632,elu,64,1.8866703196752883,7,4.0,0.32116454418405366,95,2.0,26,0.5510998291148774,0.7963731207807018,,8,0.007205190438793009,3,0.0022128913883391974,mse,recon,0.1530421818211682,True,1e-06,,,,,,,elu,fedprox,64,1.8866703196752883,7,4.0,4.0,-4.0,0.32116454418405366,2,95,2.0,"[95, 52, 41]","[42, 43, 44, 45]",26,0.5473684210526316,0.7884615384615384,,8,0.007205190438793009,3,sgd,0.0022128913883391974,mse,120,recon,,,,,,,0.1530421818211682,True,,,,1e-06,PRUNED
69,0.7292041531891593,elu,64,0.2793424295355662,9,3.0,0.11757778565053237,936,,89,0.8898658447067517,0.8685440027987652,,7,0.008392359972522492,3,0.0028486110483297686,huber,recon,0.09756825380793477,False,1e-05,,,,,,,elu,fedprox,64,0.2793424295355662,9,3.0,3.0,-3.0,0.11757778565053237,2,936,,"[936, 832, 722]","[42, 43, 44, 45]",89,0.8888888888888888,0.8677884615384616,,7,0.008392359972522492,3,sgd,0.0028486110483297686,huber,120,recon,,,,,,,0.09756825380793477,False,,,,1e-05,PRUNED
70,0.8215434324435826,relu,512,0.661531483103642,8,8.0,0.35614897827265923,966,5.0,101,0.7796424244823137,,,4,0.013010120556852483,2,0.0003193305335971341,mse,recon,0.23270756478661755,True,1e-08,0.8379764357661528,0.8352392510410375,0.8054233677868285,0.8082609799347434,0.774973995231832,0.7701328057818271,relu,fedprox,512,0.661531483103642,8,8.0,8.0,-8.0,0.35614897827265923,2,966,5.0,"[966, 753]","[42, 43, 44, 45]",101,0.7795031055900621,,,4,0.013010120556852483,2,sgd,0.0003193305335971341,mse,120,recon,0.8215434324435826,0.007506089534916213,0.770418732394565,0.0023986980457804587,0.8216999017764907,0.8054233677868285,0.23270756478661755,True,0.774973995231832,0.7701328057818271,0.774973995231832,1e-08,COMPLETE
71,0.7965064192803153,elu,512,0.6710263183707439,8,8.0,0.3880349951697821,983,5.0,101,0.7875005039799611,,,4,0.013810514341641881,2,0.00017905455253836716,mse,recon,0.2171943456431029,True,1e-08,0.8239572596017244,0.8245689402727678,0.7628383301250751,0.7682737388769403,0.7375209289460166,0.7327879088412449,elu,fedprox,512,0.6710263183707439,8,8.0,8.0,-8.0,0.3880349951697821,2,983,5.0,"[983, 774]","[42, 43, 44, 45]",101,0.7873855544252288,,,4,0.013810514341641881,2,sgd,0.00017905455253836716,mse,120,recon,0.7965064192803153,0.005589123143429001,0.7317251879794747,0.018863402384918047,0.7933977948633997,0.7628383301250751,0.2171943456431029,True,0.7375209289460166,0.7327879088412449,0.7375209289460166,1e-08,COMPLETE
72,0.817410984356683,relu,512,0.7018141903793993,9,8.0,0.3502562208331627,969,5.0,101,0.7758126503222891,,,4,0.013848044090564421,2,0.00010168127679346921,mse,recon,0.22700289863983597,True,1e-08,0.8291109455235859,0.8296020865909857,0.803781153505281,0.8069655780227721,0.77549043073455,0.7704999972950901,relu,fedprox,512,0.7018141903793993,9,8.0,8.0,-8.0,0.3502562208331627,2,969,5.0,"[969, 751]","[42, 43, 44, 45]",101,0.7750257997936016,,,4,0.013848044090564421,2,sgd,0.00010168127679346921,mse,120,recon,0.817410984356683,0.003866508606197136,0.769497725288414,0.003460115929282233,0.8164460495144334,0.803781153505281,0.22700289863983597,True,0.77549043073455,0.7704999972950901,0.77549043073455,1e-08,COMPLETE
73,0.8177680912603658,relu,512,0.7246424572078095,10,8.0,0.3830098524016521,1002,5.0,107,0.7806196451243241,,,4,0.013654118348967272,2,0.00011065708105461958,mse,recon,0.22477947274973686,True,1e-08,0.8238999625546393,0.82301107390096,0.8097437344879299,0.8112211656609107,0.7779677141959314,0.7717376552618258,relu,fedprox,512,0.7246424572078095,10,8.0,8.0,-8.0,0.3830098524016521,2,1002,5.0,"[1002, 782]","[42, 43, 44, 45]",107,0.780439121756487,,,4,0.013654118348967272,2,sgd,0.00011065708105461958,mse,120,recon,0.8177680912603658,0.004936880129164263,0.7738628911770074,0.0026145001857477775,0.8168218485212846,0.8097437344879299,0.22477947274973686,True,0.7779677141959314,0.7717376552618258,0.7779677141959314,1e-08,COMPLETE
74,0.8208094169319831,relu,512,0.7491684615288893,10,8.0,0.354827336701594,1001,5.0,108,0.7585751753630005,,,4,0.010867541684650862,2,0.00010800215100119644,mse,recon,0.2741674027189712,True,1e-08,0.829211389411054,0.8294907883706751,0.8095905660270849,0.812802258976067,0.777432894714559,0.7726443145852503,relu,fedprox,512,0.7491684615288893,10,8.0,8.0,-8.0,0.354827336701594,2,1001,5.0,"[1001, 759]","[42, 43, 44, 45]",108,0.7582417582417582,,,4,0.010867541684650862,2,sgd,0.00010800215100119644,mse,120,recon,0.8208094169319831,0.004312452071935183,0.7719099756605154,0.0027070566209357098,0.8194009777190694,0.8095905660270849,0.2741674027189712,True,0.777432894714559,0.7726443145852503,0.777432894714559,1e-08,COMPLETE
75,0.7456242790827203,relu,512,0.7373802576711654,12,8.0,0.3555384737569801,905,5.0,109,0.7576173940043048,,,4,0.010955015354515632,2,0.00015271080341388657,mse,recon,0.2679829536439092,True,1e-08,,,,,,,relu,fedprox,512,0.7373802576711654,12,8.0,8.0,-8.0,0.3555384737569801,2,905,5.0,"[905, 685]","[42, 43, 44, 45]",109,0.7569060773480663,,,4,0.010955015354515632,2,sgd,0.00015271080341388657,mse,120,recon,,,,,,,0.2679829536439092,True,,,,1e-08,PRUNED
76,0.7344677313662287,relu,512,0.8618206007628436,11,8.0,0.3482186542577062,1002,5.0,123,0.7746157220094039,,,3,0.019412637543606264,2,0.00011252890969851692,mse,recon+kl,0.28639625421304865,True,1e-08,,,,,,,relu,fedprox,512,0.8618206007628436,11,8.0,8.0,-8.0,0.3482186542577062,3,1002,5.0,"[1002, 776]","[42, 43, 44, 45]",123,0.7744510978043913,,,3,0.019412637543606264,2,sgd,0.00011252890969851692,mse,120,recon+kl,,,,,,,0.28639625421304865,True,,,,1e-08,PRUNED
77,0.8178959203020655,relu,512,0.5952704849223408,10,8.0,0.37819706157818167,969,5.0,104,0.6978768726130128,,,4,0.01576987695447844,2,0.00024430291914186934,mse,recon,0.2245929206780806,True,1e-08,0.8257769441951223,0.8259669229509956,0.8050519530860434,0.8089308714419852,0.7760529861263998,0.7705019671750956,relu,fedprox,512,0.5952704849223408,10,8.0,8.0,-8.0,0.37819706157818167,2,969,5.0,"[969, 676]","[42, 43, 44, 45]",104,0.6976264189886481,,,4,0.01576987695447844,2,sgd,0.00024430291914186934,mse,120,recon,0.8178959203020655,0.004244459003428682,0.7707011455646064,0.0012396891746507465,0.8154144486405828,0.8050519530860434,0.2245929206780806,True,0.7760529861263998,0.7705019671750956,0.7760529861263998,1e-08,COMPLETE
78,0.8186491127425246,relu,512,0.6020841502257593,10,8.0,0.37480641163601647,968,5.0,116,0.7280065215375426,,,4,0.013057892477957396,2,0.00028699081044379057,mse,recon,0.16537657294363484,True,1e-08,0.8320397466510865,0.8308949747008605,0.8036046240316423,0.807335886062611,0.7764900431092068,0.7692357900500713,relu,fedprox,512,0.6020841502257593,10,8.0,8.0,-8.0,0.37480641163601647,2,968,5.0,"[968, 704]","[42, 43, 44, 45]",116,0.7272727272727273,,,4,0.013057892477957396,2,sgd,0.00028699081044379057,mse,120,recon,0.8186491127425246,0.0018194361482893485,0.7694282208655335,0.0018114378795046591,0.8178221853413644,0.8036046240316423,0.16537657294363484,True,0.7764900431092068,0.7692357900500713,0.7764900431092068,1e-08,COMPLETE
79,0.8230020109828747,relu,512,0.5854626612075936,10,8.0,0.3781771232360617,967,5.0,117,0.7014897928472813,,,4,0.015189802667518579,2,0.00022957494998924257,mse,recon,0.09937871981644177,True,1e-08,0.8383146294696872,0.8377383084387542,0.8044428356111026,0.8085827907048948,0.7746461037067144,0.7711448830867397,relu,fedprox,512,0.5854626612075936,10,8.0,8.0,-8.0,0.3781771232360617,2,967,5.0,"[967, 678]","[42, 43, 44, 45]",117,0.7011375387797312,,,4,0.015189802667518579,2,sgd,0.00022957494998924257,mse,120,recon,0.8230020109828747,0.0015210972952462373,0.7698359566254767,0.001245492660728953,0.821378732540395,0.8044428356111026,0.09937871981644177,True,0.7746461037067144,0.7711448830867397,0.7746461037067144,1e-08,COMPLETE
